Nover Nap Alpha Beta Theta Switch Consecutive MaxIteration
 12    30    0.5  0.2   0.6    1     5        1000000
=====================================================================
Kezdeti fitness: 0.015034364261168384
1		@0.015125324114088162		#4
2		@0.015621513055121623		#54
3		@0.015869417365676715		#55
4		@0.015891032917139614		#56
5		@0.01590186278964107		#203
6		@0.01595259799453054		#204
7		@0.01597444089456869		#206
8		@0.01652502360717658		#225
9		@0.01706484641638225		#227
10		@0.01708984375		#228
11		@0.01730103806228374		#230
12		@0.01748251748251748		#233
13		@0.017654476670870115		#1867
14		@0.01784803671596125		#1868
15		@0.01799023387304035		#1913
16		@0.01850383293682263		#2521
17		@0.018817204301075276		#2529
18		@0.019401330376940137		#2532
19		@0.01956400223588597		#2534
20		@0.019908987485779295		#2540
21		@0.02026049204052098		#8180
22		@0.02042007001166861		#8186
23		@0.020491803278688523		#8218
24		@0.02088305489260143		#8234
25		@0.020983213429256593		#20401
26		@0.02128953771289538		#20403
27		@0.021604938271604937		#20409
28		@0.021793275217932753		#20415
29		@0.022082018927444796		#20416
30		@0.02242152466367713		#20418
31		@0.023003614853762733		#24248
32		@0.023263542705217674		#24249
33		@0.02458728486125746		#51956
34		@0.0247087892693258		#311383
35		@0.02482269503546099		#411438
36		@0.02487562189054726		#411440
37		@0.025380710659898473		#411456
=====================================================================
Napok szerint dolgoznak: (0-szabad, 1-delelott, 2-delutan, 3-ejjel)
[0, 1, 0, 3, 0, 0, 3, 2, 3, 0, 2, 2, 1, 1, 1, 1, 0, 1, 3, 0, 2, 3, 2, 2, 3, 0, 2, 1, 3, 0]
[2, 0, 2, 2, 1, 3, 0, 1, 1, 2, 3, 0, 1, 3, 2, 2, 0, 1, 3, 0, 0, 3, 3, 0, 2, 3, 0, 0, 1, 1]
[0, 1, 3, 2, 3, 0, 0, 1, 2, 1, 2, 1, 0, 1, 3, 3, 0, 0, 0, 2, 2, 1, 2, 3, 2, 1, 3, 3, 0, 0]
[0, 1, 2, 1, 3, 0, 2, 2, 1, 1, 0, 3, 2, 3, 3, 0, 1, 2, 1, 2, 3, 0, 3, 0, 3, 0, 1, 1, 0, 2]
[2, 2, 3, 2, 2, 0, 0, 1, 1, 3, 2, 3, 3, 3, 3, 0, 3, 0, 2, 1, 1, 1, 1, 0, 2, 0, 0, 1, 0, 0]
[0, 3, 0, 1, 1, 1, 3, 0, 3, 2, 2, 3, 0, 0, 1, 1, 2, 1, 2, 1, 2, 0, 0, 0, 3, 2, 3, 2, 2, 3]
[1, 1, 3, 0, 3, 3, 2, 3, 3, 0, 1, 2, 1, 2, 1, 1, 1, 0, 2, 2, 3, 0, 0, 1, 0, 0, 0, 2, 2, 3]
[3, 0, 1, 2, 1, 1, 2, 0, 2, 3, 0, 1, 0, 2, 3, 0, 2, 3, 2, 3, 0, 0, 1, 1, 2, 3, 2, 0, 1, 3]
[1, 0, 1, 1, 3, 2, 0, 0, 0, 3, 3, 2, 2, 1, 0, 3, 3, 3, 2, 1, 1, 2, 0, 0, 2, 1, 0, 0, 3, 2]
[2, 3, 3, 0, 3, 2, 1, 0, 1, 3, 3, 0, 0, 2, 2, 2, 1, 1, 1, 1, 3, 0, 0, 0, 2, 1, 1, 0, 3, 2]
[3, 3, 0, 0, 2, 3, 3, 2, 1, 0, 0, 2, 3, 2, 2, 0, 3, 2, 1, 0, 0, 2, 1, 1, 1, 3, 0, 1, 1, 1]
[1, 2, 1, 0, 0, 2, 1, 1, 3, 3, 0, 0, 1, 2, 1, 3, 0, 1, 3, 0, 3, 2, 0, 3, 3, 2, 2, 0, 2, 0]
=====================================================================
Szabad noverek per nap:
[4, 3, 3, 4, 2, 4, 4, 4, 1, 3, 4, 3, 4, 1, 1, 4, 4, 3, 1, 4, 3, 5, 5, 6, 1, 4, 5, 5, 3, 4]
Szabad napok per nover:
[9, 9, 9, 8, 9, 8, 8, 8, 9, 8, 8, 9]
=====================================================================
Delelott dolgoznak:
[3, 4, 3, 3, 3, 2, 2, 4, 5, 2, 1, 2, 4, 3, 4, 3, 3, 5, 3, 4, 2, 2, 3, 3, 1, 3, 2, 4, 3, 2]
Delutan dolgoznak:
[3, 2, 2, 4, 2, 3, 3, 3, 2, 2, 4, 4, 2, 5, 3, 2, 2, 2, 5, 3, 3, 3, 2, 1, 6, 2, 3, 2, 3, 3]
Ejjel dolgoznak:
[2, 3, 4, 1, 5, 3, 3, 1, 4, 5, 3, 3, 2, 3, 4, 3, 3, 2, 3, 1, 4, 2, 2, 2, 4, 3, 2, 1, 3, 3]
=====================================================================
