Nover Nap Alpha Beta Theta Switch Consecutive MaxIteration
 12    30    0.5  0.2   0.6    1     5        1000000
=====================================================================
Kezdeti fitness: 0.014078841512469834
1		@0.014282799428688025		#5
2		@0.014300306435137898		#13
3		@0.014317856412354267		#15
4		@0.014635166213673428		#110
5		@0.014681208053691271		#273
6		@0.01469970600587988		#274
7		@0.014727540500736375		#282
8		@0.014973262032085561		#283
9		@0.014995715509854325		#290
10		@0.01508620689655172		#299
11		@0.015552099533437015		#336
12		@0.015730337078651683		#342
13		@0.015765765765765764		#348
14		@0.015819209039548022		#349
15		@0.01592356687898089		#356
16		@0.016077170418006433		#366
17		@0.016328434802892467		#406
18		@0.017144256674014206		#407
19		@0.017169487368162865		#408
20		@0.01734820322180917		#411
21		@0.0177349885989359		#471
22		@0.017925736235595388		#528
23		@0.018120631633445506		#531
24		@0.01849405548216644		#533
25		@0.01891380707916779		#539
26		@0.019125683060109287		#666
27		@0.019305019305019305		#669
28		@0.019729425028184887		#670
29		@0.019892014776925256		#676
30		@0.020630710285882693		#677
31		@0.02115442731943185		#710
32		@0.021485573971761818		#9523
33		@0.022061140876142447		#9525
34		@0.02235707441711913		#9529
35		@0.022399999999999996		#38118
36		@0.02260251856635453		#73627
37		@0.02291325695581014		#73628
38		@0.022950819672131143		#149390
39		@0.023442732752846616		#149406
40		@0.023608768971332208		#177902
41		@0.025035765379113013		#177903
42		@0.02530730296456977		#177905
43		@0.02575423105224429		#177906
=====================================================================
Napok szerint dolgoznak: (0-szabad, 1-delelott, 2-delutan, 3-ejjel)
[0, 2, 2, 2, 1, 2, 1, 0, 1, 0, 3, 3, 0, 0, 1, 1, 1, 2, 0, 3, 3, 3, 0, 2, 0, 2, 1, 2, 3, 3]
[1, 1, 0, 2, 0, 3, 2, 2, 1, 3, 0, 0, 1, 0, 2, 1, 1, 2, 0, 2, 0, 3, 0, 0, 3, 3, 3, 2, 1, 3]
[0, 0, 1, 1, 1, 3, 3, 0, 1, 2, 2, 1, 2, 0, 0, 3, 2, 1, 2, 0, 1, 3, 2, 3, 3, 0, 2, 3, 0, 2]
[2, 3, 3, 3, 2, 2, 2, 0, 0, 1, 1, 3, 3, 0, 1, 3, 0, 1, 2, 0, 3, 2, 1, 0, 2, 0, 1, 0, 1, 0]
[3, 0, 2, 0, 1, 1, 1, 2, 0, 1, 0, 2, 3, 0, 0, 2, 1, 3, 2, 0, 2, 3, 3, 0, 1, 1, 2, 3, 3, 0]
[2, 1, 2, 2, 0, 3, 0, 1, 3, 3, 0, 1, 2, 0, 1, 2, 3, 0, 3, 0, 1, 1, 1, 0, 1, 0, 3, 2, 3, 2]
[0, 2, 1, 2, 0, 3, 0, 0, 1, 0, 1, 2, 0, 2, 3, 0, 1, 3, 2, 1, 0, 1, 3, 3, 2, 2, 0, 1, 3, 3]
[0, 3, 0, 1, 1, 0, 3, 2, 0, 3, 0, 0, 3, 2, 0, 1, 0, 1, 1, 3, 2, 2, 0, 1, 3, 3, 2, 2, 1, 2]
[3, 0, 3, 0, 1, 2, 1, 3, 0, 3, 2, 0, 2, 1, 2, 0, 1, 2, 1, 1, 3, 0, 3, 0, 0, 3, 0, 1, 2, 2]
[2, 0, 0, 3, 0, 1, 0, 3, 2, 1, 3, 0, 1, 1, 1, 2, 3, 3, 2, 1, 2, 1, 0, 2, 0, 1, 0, 2, 3, 3]
[0, 2, 0, 1, 3, 3, 2, 1, 2, 2, 1, 0, 0, 2, 3, 3, 3, 0, 0, 0, 2, 1, 1, 1, 2, 0, 3, 3, 2, 1]
[1, 1, 1, 0, 1, 3, 0, 0, 2, 3, 0, 2, 1, 3, 2, 0, 2, 0, 2, 1, 3, 0, 2, 1, 0, 3, 3, 2, 2, 3]
=====================================================================
Szabad noverek per nap:
[5, 4, 4, 3, 4, 1, 4, 5, 4, 2, 5, 5, 3, 6, 3, 3, 2, 3, 3, 5, 2, 2, 4, 5, 4, 4, 3, 1, 1, 2]
Szabad napok per nover:
[8, 9, 8, 9, 9, 8, 9, 9, 9, 8, 8, 8]
=====================================================================
Delelott dolgoznak:
[2, 3, 3, 3, 6, 2, 3, 2, 4, 3, 3, 2, 3, 2, 4, 3, 5, 3, 2, 4, 2, 4, 3, 3, 2, 2, 2, 2, 3, 1]
Delutan dolgoznak:
[3, 3, 3, 4, 1, 3, 3, 3, 3, 2, 2, 3, 3, 3, 3, 3, 2, 3, 6, 1, 4, 2, 2, 2, 3, 2, 3, 6, 3, 4]
Ejjel dolgoznak:
[2, 2, 2, 2, 1, 6, 2, 2, 1, 5, 2, 2, 3, 1, 2, 3, 3, 3, 1, 2, 4, 4, 3, 2, 3, 4, 4, 3, 5, 5]
=====================================================================
