Nover Nap Alpha Beta Theta Switch Consecutive MaxIteration
 12    30    0.5  0.2   0.6    1     5        1000000
=====================================================================
Kezdeti fitness: 0.012336975678533665
1		@0.012578616352201262		#12
2		@0.012610340479192942		#13
3		@0.012626262626262633		#15
4		@0.012674271229404312		#24
5		@0.012734218664726215		#43
6		@0.012736535662299854		#46
7		@0.013035381750465551		#47
8		@0.013516122803630048		#61
9		@0.0135685210312076		#71
10		@0.013679890560875516		#72
11		@0.01376597836774828		#107
12		@0.013782240598543022		#125
13		@0.013910969793322731		#145
14		@0.014250814332247556		#148
15		@0.014504765851636969		#151
16		@0.014780405405405409		#152
17		@0.015466195315952279		#153
18		@0.015500442869796282		#189
19		@0.015572858731924362		#197
20		@0.015765765765765764		#256
21		@0.015819209039548022		#257
22		@0.01597079625827059		#260
23		@0.016095654173373188		#261
24		@0.01638576779026217		#471
25		@0.016855285335901755		#478
26		@0.016969696969696968		#485
27		@0.01708150317227916		#740
28		@0.017283950617283952		#742
29		@0.01736541801041925		#744
30		@0.017438963627304436		#1044
31		@0.017530678687703482		#1049
32		@0.01799948572897917		#2573
33		@0.018257694314032336		#2718
34		@0.018363064008394537		#2720
35		@0.018716577540106947		#2726
36		@0.01914137270987147		#2731
37		@0.019172829361818675		#2734
38		@0.019188596491228067		#5403
39		@0.01984126984126984		#5407
40		@0.02016129032258064		#5408
41		@0.020319303338171262		#19431
42		@0.020740740740740744		#19433
43		@0.021002100210021003		#19434
44		@0.0213089802130898		#19435
45		@0.02213788741302973		#19441
46		@0.02270515731430425		#32849
47		@0.02295081967213115		#210162
48		@0.023117569352708058		#210165
49		@0.02348993288590604		#210167
50		@0.023874488403819918		#265120
51		@0.024398745207389334		#349925
52		@0.0244926522043387		#550085
53		@0.02517080186983099		#766518
54		@0.026585643752373718		#848294
55		@0.027855153203342614		#848295
=====================================================================
Napok szerint dolgoznak: (0-szabad, 1-delelott, 2-delutan, 3-ejjel)
[0, 2, 2, 3, 2, 1, 0, 0, 0, 1, 0, 1, 2, 2, 3, 3, 0, 2, 3, 3, 0, 1, 0, 1, 3, 0, 1, 3, 2, 1]
[0, 0, 3, 3, 2, 1, 3, 2, 1, 0, 0, 2, 2, 2, 1, 1, 1, 0, 2, 1, 2, 3, 0, 0, 3, 3, 3, 0, 1, 0]
[1, 0, 3, 3, 2, 3, 0, 3, 0, 1, 2, 0, 1, 0, 2, 2, 1, 1, 2, 3, 0, 1, 2, 2, 2, 1, 0, 0, 3, 3]
[1, 3, 3, 2, 3, 2, 1, 0, 3, 0, 1, 2, 1, 1, 3, 0, 3, 3, 0, 2, 2, 1, 2, 1, 0, 1, 2, 0, 0, 0]
[0, 0, 2, 1, 2, 1, 1, 3, 0, 3, 3, 0, 0, 0, 2, 2, 3, 0, 3, 2, 2, 1, 1, 1, 1, 3, 0, 2, 0, 3]
[0, 3, 3, 2, 2, 0, 1, 3, 0, 3, 2, 2, 0, 0, 1, 3, 2, 0, 0, 0, 1, 1, 1, 3, 2, 0, 1, 1, 3, 2]
[1, 0, 1, 2, 1, 0, 3, 0, 2, 3, 2, 0, 0, 2, 2, 1, 0, 1, 1, 1, 3, 0, 3, 2, 0, 2, 3, 3, 3, 2]
[3, 2, 1, 0, 1, 0, 1, 1, 1, 0, 0, 2, 2, 1, 0, 3, 2, 0, 3, 2, 2, 0, 3, 3, 0, 2, 1, 3, 0, 3]
[2, 3, 2, 2, 1, 3, 3, 0, 2, 2, 0, 3, 3, 3, 2, 1, 1, 3, 0, 1, 1, 0, 0, 0, 2, 1, 0, 1, 1, 0]
[0, 1, 0, 1, 1, 2, 0, 3, 2, 1, 0, 1, 3, 2, 3, 0, 0, 2, 1, 0, 3, 2, 3, 3, 0, 3, 0, 2, 2, 1]
[2, 2, 0, 1, 0, 0, 1, 1, 0, 3, 3, 3, 0, 3, 0, 1, 2, 0, 2, 3, 3, 3, 0, 0, 1, 1, 2, 2, 2, 1]
[0, 1, 3, 0, 3, 0, 1, 3, 3, 0, 1, 3, 0, 2, 1, 2, 2, 1, 0, 3, 2, 0, 0, 1, 1, 2, 2, 2, 3, 2]
=====================================================================
Szabad noverek per nap:
[6, 4, 2, 2, 1, 5, 3, 4, 5, 4, 5, 3, 5, 3, 2, 2, 3, 5, 4, 2, 2, 4, 5, 3, 4, 2, 4, 3, 3, 3]
Szabad napok per nover:
[9, 9, 8, 8, 9, 9, 8, 9, 8, 9, 9, 8]
=====================================================================
Delelott dolgoznak:
[3, 2, 2, 3, 4, 3, 6, 2, 2, 3, 2, 2, 2, 2, 3, 4, 3, 3, 2, 3, 2, 5, 2, 4, 3, 4, 3, 2, 2, 3]
Delutan dolgoznak:
[2, 3, 3, 4, 5, 2, 0, 1, 3, 1, 3, 4, 3, 5, 4, 3, 4, 2, 3, 3, 5, 1, 2, 2, 3, 3, 3, 4, 3, 3]
Ejjel dolgoznak:
[1, 3, 5, 3, 2, 2, 3, 5, 2, 4, 2, 3, 2, 2, 3, 3, 2, 2, 3, 4, 3, 2, 3, 3, 2, 3, 2, 3, 4, 3]
=====================================================================
