Nover Nap Alpha Beta Theta Switch Consecutive MaxIteration
 12    30    0.5  0.2   0.6    1     5        1000000
=====================================================================
Kezdeti fitness: 0.016863406408094434
1		@0.017452006980802792		#2
2		@0.017535070140280558		#6
3		@0.017994858611825194		#29
4		@0.018363064008394547		#30
5		@0.018597236981934117		#34
6		@0.018883193957377933		#38
7		@0.019204389574759947		#45
8		@0.019310344827586205		#46
9		@0.019774011299435023		#52
10		@0.02013808975834292		#56
11		@0.020143884892086326		#404
12		@0.020551967116852612		#11669
13		@0.02075919335705812		#19358
14		@0.02092050209205021		#21617
15		@0.02106530243755642		#21647
16		@0.021154427319431846		#21648
17		@0.021558361564521095		#44818
18		@0.022486347574686795		#44819
19		@0.02270515731430425		#44844
20		@0.02278645833333333		#97525
21		@0.02371273712737127		#97526
22		@0.023712737127371274		#97543
23		@0.024475524475524476		#97544
24		@0.024893314366998577		#97545
25		@0.025207057976233335		#236405
26		@0.025594149908592313		#236406
27		@0.026168224299065426		#520397
=====================================================================
Napok szerint dolgoznak: (0-szabad, 1-delelott, 2-delutan, 3-ejjel)
[2, 2, 1, 3, 0, 2, 2, 2, 0, 0, 2, 0, 3, 2, 3, 3, 0, 1, 1, 3, 0, 0, 1, 0, 1, 1, 3, 3, 0, 1]
[3, 2, 0, 2, 1, 3, 3, 2, 0, 1, 0, 0, 2, 1, 0, 1, 3, 3, 0, 2, 3, 0, 1, 2, 1, 0, 3, 2, 2, 1]
[0, 1, 0, 2, 2, 1, 1, 2, 2, 3, 3, 0, 0, 3, 0, 0, 1, 0, 2, 1, 2, 3, 2, 3, 3, 3, 0, 1, 0, 1]
[3, 3, 3, 0, 2, 2, 3, 0, 0, 2, 0, 2, 1, 1, 1, 0, 0, 1, 3, 3, 2, 0, 1, 3, 0, 1, 2, 2, 1, 0]
[1, 0, 3, 2, 3, 2, 1, 2, 1, 1, 0, 0, 3, 0, 1, 2, 3, 3, 0, 2, 2, 1, 3, 0, 1, 3, 2, 0, 2, 0]
[0, 1, 1, 3, 2, 0, 3, 0, 1, 3, 3, 3, 0, 2, 3, 0, 1, 0, 1, 1, 1, 3, 0, 2, 1, 2, 2, 2, 2, 0]
[0, 0, 3, 3, 2, 1, 1, 1, 2, 3, 0, 2, 1, 3, 2, 1, 0, 2, 0, 0, 1, 1, 2, 3, 0, 0, 1, 3, 2, 3]
[3, 0, 2, 1, 3, 0, 2, 1, 2, 0, 0, 1, 1, 1, 0, 3, 2, 2, 3, 0, 0, 3, 2, 1, 0, 3, 2, 1, 3, 2]
[1, 3, 0, 3, 3, 0, 2, 1, 0, 0, 2, 1, 0, 1, 3, 0, 2, 0, 1, 2, 2, 2, 0, 3, 3, 2, 0, 1, 1, 3]
[2, 1, 2, 1, 2, 3, 2, 0, 1, 1, 0, 1, 0, 3, 3, 0, 1, 3, 2, 3, 3, 0, 2, 1, 0, 0, 0, 2, 1, 3]
[1, 3, 2, 1, 1, 3, 3, 0, 2, 1, 3, 3, 2, 1, 2, 0, 2, 0, 2, 0, 2, 1, 3, 3, 2, 0, 1, 0, 0, 0]
[0, 2, 1, 3, 0, 2, 1, 3, 3, 2, 1, 2, 0, 1, 3, 2, 3, 0, 2, 0, 1, 0, 0, 1, 3, 0, 1, 3, 0, 2]
=====================================================================
Szabad noverek per nap:
[4, 3, 3, 1, 2, 3, 0, 4, 4, 3, 6, 4, 5, 1, 3, 6, 3, 5, 3, 4, 2, 5, 3, 2, 4, 5, 3, 2, 4, 4]
Szabad napok per nover:
[9, 8, 9, 9, 8, 8, 8, 8, 9, 8, 8, 9]
=====================================================================
Delelott dolgoznak:
[3, 3, 3, 3, 2, 2, 4, 3, 3, 4, 1, 3, 3, 6, 2, 2, 3, 2, 3, 2, 3, 3, 3, 3, 4, 2, 3, 3, 3, 3]
Delutan dolgoznak:
[2, 3, 3, 3, 5, 4, 4, 4, 4, 2, 2, 3, 2, 2, 2, 2, 3, 2, 4, 3, 5, 1, 4, 2, 1, 2, 4, 4, 4, 2]
Ejjel dolgoznak:
[3, 3, 3, 5, 3, 3, 4, 1, 1, 3, 3, 2, 2, 3, 5, 2, 3, 3, 2, 3, 2, 3, 2, 5, 3, 3, 2, 3, 1, 3]
=====================================================================
