Nover Nap Alpha Beta Theta Switch Consecutive MaxIteration
 12    30    0.5  0.2   0.6    1     5        1000000
=====================================================================
Kezdeti fitness: 0.017870819504723006
1		@0.01793492185498335		#1
2		@0.018469656992084433		#5
3		@0.01885775862068965		#9
4		@0.019283746556473826		#1617
5		@0.019487750556792874		#5170
6		@0.01952580195258019		#5173
7		@0.019558535903883765		#5175
8		@0.01956947162426614		#12810
9		@0.01971275696986764		#12819
10		@0.020184544405997686		#12822
11		@0.02031930333817126		#47569
12		@0.02032520325203252		#47573
13		@0.021021021021021023		#47575
14		@0.021611608521148504		#47579
15		@0.022194039315155355		#85345
16		@0.02259522272433828		#85348
17		@0.022905759162303665		#85356
18		@0.02412961047914512		#85362
19		@0.02448408534452605		#85364
20		@0.024604569420035142		#85367
=====================================================================
Napok szerint dolgoznak: (0-szabad, 1-delelott, 2-delutan, 3-ejjel)
[3, 3, 2, 1, 2, 2, 0, 1, 1, 0, 3, 0, 0, 0, 1, 2, 3, 2, 0, 2, 0, 1, 0, 2, 1, 3, 0, 1, 3, 3]
[0, 1, 3, 0, 1, 0, 0, 2, 3, 2, 3, 3, 2, 0, 1, 1, 1, 3, 2, 0, 1, 3, 2, 0, 1, 0, 2, 3, 2, 1]
[1, 0, 0, 2, 1, 0, 1, 3, 2, 0, 3, 3, 3, 3, 2, 0, 0, 3, 2, 1, 0, 2, 1, 2, 0, 1, 2, 2, 1, 3]
[3, 3, 3, 3, 0, 2, 2, 3, 2, 1, 2, 0, 1, 1, 3, 0, 2, 1, 0, 2, 3, 0, 2, 1, 1, 2, 0, 0, 1, 0]
[2, 1, 1, 0, 3, 0, 3, 2, 3, 2, 2, 1, 0, 1, 1, 0, 0, 3, 2, 0, 3, 2, 3, 2, 2, 1, 0, 3, 0, 1]
[1, 3, 0, 3, 0, 2, 1, 2, 0, 0, 1, 2, 1, 2, 0, 3, 3, 2, 2, 1, 0, 1, 1, 0, 0, 3, 2, 1, 3, 3]
[1, 0, 2, 2, 0, 0, 2, 2, 1, 1, 0, 1, 3, 2, 1, 2, 3, 0, 1, 0, 3, 3, 3, 0, 2, 3, 0, 1, 3, 0]
[2, 2, 2, 1, 3, 0, 1, 0, 0, 0, 2, 1, 3, 0, 1, 2, 2, 2, 0, 3, 0, 1, 2, 3, 3, 0, 1, 1, 3, 3]
[2, 1, 3, 0, 3, 0, 3, 3, 3, 2, 0, 3, 2, 3, 0, 2, 1, 1, 1, 1, 2, 1, 1, 2, 0, 2, 0, 0, 0, 1]
[0, 1, 1, 0, 2, 1, 1, 0, 1, 3, 2, 3, 0, 0, 0, 0, 2, 1, 3, 3, 2, 1, 3, 0, 3, 2, 3, 2, 2, 2]
[1, 0, 0, 2, 1, 2, 3, 0, 1, 0, 3, 0, 2, 0, 3, 3, 3, 2, 3, 0, 1, 0, 2, 2, 0, 1, 1, 1, 3, 2]
[3, 0, 3, 0, 3, 2, 0, 2, 2, 3, 0, 2, 1, 3, 2, 0, 0, 1, 1, 2, 1, 0, 2, 1, 1, 1, 3, 0, 3, 2]
=====================================================================
Szabad noverek per nap:
[2, 4, 3, 5, 3, 6, 3, 3, 2, 5, 3, 3, 3, 5, 3, 5, 3, 1, 3, 4, 4, 3, 1, 4, 4, 2, 5, 3, 2, 2]
Szabad napok per nover:
[9, 8, 8, 8, 8, 8, 9, 8, 8, 8, 9, 8]
=====================================================================
Delelott dolgoznak:
[4, 4, 2, 2, 3, 1, 4, 1, 4, 2, 1, 3, 3, 2, 5, 1, 2, 4, 3, 3, 3, 5, 3, 2, 4, 4, 2, 5, 2, 3]
Delutan dolgoznak:
[3, 1, 3, 3, 2, 5, 2, 5, 3, 3, 4, 2, 3, 2, 2, 4, 3, 4, 4, 3, 2, 2, 5, 5, 2, 3, 3, 2, 2, 3]
Ejjel dolgoznak:
[3, 3, 4, 2, 4, 0, 3, 3, 3, 2, 4, 4, 3, 3, 2, 2, 4, 3, 2, 2, 3, 2, 3, 1, 2, 3, 2, 2, 6, 4]
=====================================================================
