Nover Nap Alpha Beta Theta Switch Consecutive MaxIteration
 12    30    0.5  0.2   0.6    1     5        1000000
=====================================================================
Kezdeti fitness: 0.016018306636155603
1		@0.01614018907078625		#9
2		@0.016155088852988695		#136
3		@0.01622247972190035		#622
4		@0.016458970138725604		#623
5		@0.016544552115339166		#637
6		@0.01666269935729588		#638
7		@0.01678254615200192		#640
8		@0.01701507049100632		#644
9		@0.017224409448818895		#647
10		@0.01734390485629336		#648
11		@0.017930327868852455		#652
12		@0.017930327868852458		#653
13		@0.01808785529715762		#657
14		@0.018392012611665787		#2160
15		@0.018455048774057473		#3083
16		@0.01863188714399787		#3085
17		@0.01866169021594241		#3086
18		@0.018661690215942415		#3087
19		@0.018736616702355456		#3106
20		@0.018944519621109605		#3110
21		@0.019032082653616094		#4284
22		@0.019257221458046765		#4289
23		@0.01939595455804932		#4292
24		@0.019646365422396856		#14521
25		@0.019875070982396364		#14524
26		@0.020342923568730013		#18413
27		@0.02081474873624739		#18415
28		@0.020889286780065647		#18421
29		@0.021154427319431846		#18422
30		@0.021571648690292752		#49688
31		@0.021678538247135334		#100844
32		@0.022515278224509484		#100845
33		@0.023419203747072594		#100846
34		@0.023696682464454975		#100850
35		@0.024322446143154965		#100851
36		@0.025053686471009303		#100853
37		@0.025143678160919534		#107474
38		@0.025575447570332477		#107479
39		@0.02563163676309044		#107480
40		@0.026187803965581735		#107489
=====================================================================
Napok szerint dolgoznak: (0-szabad, 1-delelott, 2-delutan, 3-ejjel)
[0, 2, 1, 1, 0, 1, 1, 2, 3, 2, 3, 0, 3, 0, 2, 3, 3, 0, 3, 2, 2, 2, 0, 0, 1, 1, 0, 3, 0, 1]
[3, 0, 1, 1, 1, 2, 0, 2, 2, 3, 3, 0, 3, 0, 1, 2, 1, 2, 2, 1, 3, 3, 2, 0, 0, 3, 0, 0, 2, 1]
[1, 2, 1, 3, 3, 0, 3, 2, 0, 1, 2, 3, 2, 2, 1, 0, 2, 1, 0, 0, 1, 0, 1, 3, 0, 2, 3, 0, 2, 3]
[1, 1, 0, 2, 1, 2, 0, 0, 0, 1, 0, 3, 2, 1, 1, 1, 0, 2, 2, 3, 3, 2, 3, 3, 2, 0, 3, 3, 2, 0]
[2, 0, 2, 0, 3, 0, 3, 3, 0, 1, 2, 1, 0, 1, 3, 3, 0, 3, 0, 2, 1, 1, 1, 0, 1, 2, 2, 0, 3, 2]
[1, 2, 0, 0, 2, 1, 3, 2, 1, 0, 2, 1, 3, 0, 3, 2, 1, 0, 3, 3, 0, 2, 1, 3, 3, 0, 1, 2, 2, 0]
[0, 1, 1, 3, 2, 3, 3, 0, 1, 1, 1, 1, 0, 0, 2, 0, 1, 0, 2, 0, 1, 3, 3, 2, 2, 0, 3, 3, 2, 2]
[0, 3, 2, 1, 2, 2, 0, 1, 2, 1, 0, 0, 2, 3, 3, 0, 3, 2, 1, 1, 2, 0, 3, 0, 0, 1, 3, 0, 1, 3]
[3, 0, 2, 1, 3, 2, 1, 0, 2, 3, 0, 1, 1, 3, 3, 0, 2, 1, 1, 0, 2, 3, 0, 3, 0, 0, 0, 2, 2, 1]
[2, 1, 3, 2, 1, 2, 0, 1, 2, 2, 3, 0, 1, 1, 0, 1, 2, 3, 2, 0, 0, 2, 3, 3, 3, 3, 0, 1, 0, 0]
[2, 1, 1, 1, 1, 0, 2, 3, 3, 3, 3, 2, 3, 0, 0, 0, 2, 0, 0, 3, 0, 0, 2, 1, 1, 2, 1, 0, 3, 2]
[0, 0, 0, 3, 0, 3, 3, 0, 1, 2, 1, 2, 1, 3, 0, 2, 0, 1, 3, 3, 0, 3, 2, 1, 2, 1, 2, 2, 1, 0]
=====================================================================
Szabad noverek per nap:
[4, 4, 3, 2, 2, 3, 4, 4, 3, 1, 3, 4, 2, 5, 3, 5, 3, 4, 3, 4, 4, 3, 2, 4, 4, 4, 4, 5, 2, 4]
Szabad napok per nover:
[9, 8, 8, 8, 9, 8, 8, 9, 9, 8, 9, 9]
=====================================================================
Delelott dolgoznak:
[3, 4, 5, 5, 4, 2, 2, 2, 3, 5, 2, 4, 3, 3, 3, 2, 3, 3, 2, 2, 3, 1, 3, 2, 3, 3, 2, 1, 2, 3]
Delutan dolgoznak:
[3, 3, 3, 2, 3, 5, 1, 4, 4, 3, 3, 2, 3, 1, 2, 3, 4, 3, 4, 2, 3, 4, 3, 1, 3, 3, 2, 3, 6, 3]
Ejjel dolgoznak:
[2, 1, 1, 3, 3, 2, 5, 2, 2, 3, 4, 2, 4, 3, 4, 2, 2, 2, 3, 4, 2, 4, 4, 5, 2, 2, 4, 3, 2, 2]
=====================================================================
