Nover Nap Alpha Beta Theta Switch Consecutive MaxIteration
 6    7    1.8  1.0   2.7    1     5        200000
=====================================================================
Kezdeti fitness: 0.037037037037037035
1		@0.041592394533571005		#20
2		@0.04313000616142945		#134
3		@0.043370508054522916		#235
4		@0.04985754985754985		#238
5		@0.05847953216374269		#239
6		@0.08363201911589006		#241
7		@0.25925925925925924		#242
8		@0.3333333333333333		#4773
9		@0.7777777777777777		#19370
10		@1.0		#20452
=====================================================================
Napok szerint dolgoznak: (0-szabad, 1-delelott, 2-delutan, 3-ejjel)
[1, 3, 2, 0, 2, 3, 0]
[2, 2, 1, 0, 3, 0, 1]
[0, 1, 3, 2, 1, 0, 2]
[1, 1, 0, 3, 3, 2, 0]
[3, 0, 1, 1, 0, 2, 3]
[3, 0, 2, 1, 0, 1, 2]
=====================================================================
Szabad noverek per nap:
[1, 2, 1, 2, 2, 2, 2]
Szabad napok per nover:
[2, 2, 2, 2, 2, 2]
=====================================================================
Delelott dolgoznak:
[2, 2, 2, 2, 1, 1, 1]
Delutan dolgoznak:
[1, 1, 2, 1, 1, 2, 2]
Ejjel dolgoznak:
[2, 1, 1, 1, 2, 1, 1]
=====================================================================
