Nover Nap Alpha Beta Theta Switch Consecutive MaxIteration
 6    7    1.8  1.0   2.7    1     5        200000
=====================================================================
Kezdeti fitness: 0.0495049504950495
1		@0.0615655233069481		#2
2		@0.06266786034019695		#80
3		@0.08363201911589006		#178
4		@0.10606060606060606		#200
5		@0.12280701754385966		#730
6		@0.7777777777777777		#778
7		@1.0		#10216
=====================================================================
Napok szerint dolgoznak: (0-szabad, 1-delelott, 2-delutan, 3-ejjel)
[1, 2, 3, 0, 2, 0, 3]
[1, 0, 3, 0, 3, 2, 1]
[3, 2, 1, 3, 0, 1, 0]
[0, 3, 0, 2, 1, 1, 2]
[3, 0, 0, 1, 1, 2, 3]
[2, 1, 2, 1, 0, 3, 0]
=====================================================================
Szabad noverek per nap:
[1, 2, 2, 2, 2, 1, 2]
Szabad napok per nover:
[2, 2, 2, 2, 2, 2]
=====================================================================
Delelott dolgoznak:
[2, 1, 1, 2, 2, 2, 1]
Delutan dolgoznak:
[1, 2, 1, 1, 1, 2, 1]
Ejjel dolgoznak:
[2, 1, 2, 1, 1, 1, 2]
=====================================================================
