Nover Nap Alpha Beta Theta Switch Consecutive MaxIteration
 6    7    1.8  1.0   2.7    1     5        200000
=====================================================================
Kezdeti fitness: 0.033524904214559385
1		@0.033964095099466275		#5
2		@0.035460992907801414		#7
3		@0.041079812206572766		#8
4		@0.053151100987091866		#81
5		@0.06685768863419292		#287
6		@0.06882989183874139		#691
7		@0.10654490106544899		#693
8		@0.18087855297157623		#974
9		@0.7777777777777777		#975
10		@1.0		#19454
=====================================================================
Napok szerint dolgoznak: (0-szabad, 1-delelott, 2-delutan, 3-ejjel)
[1, 3, 0, 2, 0, 1, 2]
[0, 1, 2, 1, 3, 0, 2]
[2, 2, 1, 0, 0, 1, 3]
[3, 0, 3, 0, 2, 2, 1]
[3, 2, 0, 2, 1, 3, 0]
[0, 1, 2, 3, 2, 0, 1]
=====================================================================
Szabad noverek per nap:
[2, 1, 2, 2, 2, 2, 1]
Szabad napok per nover:
[2, 2, 2, 2, 2, 2]
=====================================================================
Delelott dolgoznak:
[1, 2, 1, 1, 1, 2, 2]
Delutan dolgoznak:
[1, 2, 2, 2, 2, 1, 2]
Ejjel dolgoznak:
[2, 1, 1, 1, 1, 1, 1]
=====================================================================
