Nover Nap Alpha Beta Theta Switch Consecutive MaxIteration
 6    7    1.8  1.0   2.7    1     5        200000
=====================================================================
Kezdeti fitness: 0.03844041735310269
1		@0.03908431044109436		#2
2		@0.040439052570768345		#3
3		@0.048814504881450484		#4
4		@0.10654490106544899		#6
5		@0.18087855297157623		#533
6		@0.23333333333333334		#5339
7		@0.7777777777777777		#5343
8		@1.0		#9593
=====================================================================
Napok szerint dolgoznak: (0-szabad, 1-delelott, 2-delutan, 3-ejjel)
[2, 1, 1, 0, 3, 0, 2]
[3, 0, 2, 2, 3, 0, 1]
[2, 1, 0, 3, 0, 1, 3]
[0, 3, 0, 1, 2, 3, 2]
[0, 0, 3, 3, 2, 1, 1]
[1, 2, 3, 0, 1, 2, 0]
=====================================================================
Szabad noverek per nap:
[2, 2, 2, 2, 1, 2, 1]
Szabad napok per nover:
[2, 2, 2, 2, 2, 2]
=====================================================================
Delelott dolgoznak:
[1, 2, 1, 1, 1, 2, 2]
Delutan dolgoznak:
[2, 1, 1, 1, 2, 1, 2]
Ejjel dolgoznak:
[1, 1, 2, 2, 2, 1, 1]
=====================================================================
