Nover Nap Alpha Beta Theta Switch Consecutive MaxIteration
 6    7    1.8  1.0   2.7    1     5        200000
=====================================================================
Kezdeti fitness: 0.018888289260658393
1		@0.01945525291828794		#3
2		@0.02280873248615184		#4
3		@0.024305555555555552		#5
4		@0.02731174404994147		#6
5		@0.030527692978630613		#7
6		@0.0328484279680901		#9
7		@0.03882418191902384		#36
8		@0.041079812206572766		#75
9		@0.043370508054522916		#77
10		@0.05208333333333333		#81
11		@0.0615655233069481		#174
12		@0.07551240560949297		#285
13		@0.09333333333333332		#356
14		@0.10654490106544899		#1230
15		@0.19444444444444442		#1234
16		@0.7777777777777777		#1241
17		@1.0		#33592
=====================================================================
Napok szerint dolgoznak: (0-szabad, 1-delelott, 2-delutan, 3-ejjel)
[1, 0, 1, 2, 3, 2, 0]
[2, 1, 0, 1, 2, 3, 0]
[0, 3, 2, 1, 1, 0, 2]
[0, 1, 3, 0, 1, 2, 3]
[2, 2, 1, 3, 0, 0, 1]
[3, 0, 2, 2, 0, 1, 1]
=====================================================================
Szabad noverek per nap:
[2, 2, 1, 1, 2, 2, 2]
Szabad napok per nover:
[2, 2, 2, 2, 2, 2]
=====================================================================
Delelott dolgoznak:
[1, 2, 2, 2, 2, 1, 2]
Delutan dolgoznak:
[2, 1, 2, 2, 1, 2, 1]
Ejjel dolgoznak:
[1, 1, 1, 1, 1, 1, 1]
=====================================================================
