Nover Nap Alpha Beta Theta Switch Consecutive MaxIteration
 6    7    1.8  1.0   2.7    1     5        200000
=====================================================================
Kezdeti fitness: 0.05208333333333333
1		@0.06685768863419292		#234
2		@0.07092198581560283		#317
3		@0.09009009009009007		#318
4		@0.09333333333333332		#940
5		@0.19444444444444442		#943
6		@0.25925925925925924		#1008
7		@0.7777777777777777		#1011
8		@1.0		#14847
=====================================================================
Napok szerint dolgoznak: (0-szabad, 1-delelott, 2-delutan, 3-ejjel)
[1, 1, 3, 0, 2, 2, 0]
[2, 3, 0, 1, 0, 1, 2]
[3, 2, 2, 0, 1, 1, 0]
[1, 0, 3, 2, 1, 0, 3]
[0, 1, 0, 2, 3, 3, 2]
[0, 2, 1, 3, 2, 0, 1]
=====================================================================
Szabad noverek per nap:
[2, 1, 2, 2, 1, 2, 2]
Szabad napok per nover:
[2, 2, 2, 2, 2, 2]
=====================================================================
Delelott dolgoznak:
[2, 2, 1, 1, 2, 2, 1]
Delutan dolgoznak:
[1, 2, 1, 2, 2, 1, 2]
Ejjel dolgoznak:
[1, 1, 2, 1, 1, 1, 1]
=====================================================================
