Nover Nap Alpha Beta Theta Switch Consecutive MaxIteration
 6    7    1.8  1.0   2.7    1     5        200000
=====================================================================
Kezdeti fitness: 0.023279015630196204
1		@0.024840312278211495		#5
2		@0.029686174724342658		#6
3		@0.03170289855072463		#29
4		@0.03333333333333333		#31
5		@0.0369783412572636		#33
6		@0.0385038503850385		#117
7		@0.046854082998661305		#132
8		@0.051736881005173686		#168
9		@0.056634304207119734		#171
10		@0.061082024432809766		#173
11		@0.061728395061728385		#174
12		@0.07551240560949297		#209
13		@0.10654490106544899		#337
14		@0.12345679012345677		#340
15		@0.19444444444444442		#343
16		@0.2356902356902357		#4272
17		@0.7777777777777777		#32925
18		@1.0		#34538
=====================================================================
Napok szerint dolgoznak: (0-szabad, 1-delelott, 2-delutan, 3-ejjel)
[1, 0, 1, 2, 3, 2, 0]
[3, 2, 2, 0, 1, 3, 0]
[0, 1, 2, 0, 2, 3, 3]
[2, 0, 0, 3, 2, 1, 1]
[1, 1, 3, 2, 0, 0, 2]
[2, 3, 0, 1, 0, 2, 3]
=====================================================================
Szabad noverek per nap:
[1, 2, 2, 2, 2, 1, 2]
Szabad napok per nover:
[2, 2, 2, 2, 2, 2]
=====================================================================
Delelott dolgoznak:
[2, 2, 1, 1, 1, 1, 1]
Delutan dolgoznak:
[2, 1, 2, 2, 2, 2, 1]
Ejjel dolgoznak:
[1, 1, 1, 1, 1, 2, 2]
=====================================================================
