Nover Nap Alpha Beta Theta Switch Consecutive MaxIteration
 6    7    1.8  1.0   2.7    1     5        200000
=====================================================================
Kezdeti fitness: 0.02312520647505781
1		@0.02779984114376489		#10
2		@0.0328484279680901		#13
3		@0.033269961977186305		#15
4		@0.055248618784530384		#16
5		@0.05847953216374269		#206
6		@0.0707070707070707		#570
7		@0.10606060606060606		#662
8		@0.12345679012345677		#3125
9		@0.1346153846153846		#9786
10		@0.19444444444444442		#12878
11		@0.25925925925925924		#30562
=====================================================================
Napok szerint dolgoznak: (0-szabad, 1-delelott, 2-delutan, 3-ejjel)
[0, 1, 0, 3, 2, 1, 2]
[1, 2, 0, 2, 1, 0, 3]
[2, 0, 1, 1, 0, 3, 2]
[0, 3, 2, 0, 2, 1, 1]
[2, 1, 1, 0, 3, 2, 0]
[3, 2, 2, 1, 0, 0, 1]
=====================================================================
Szabad noverek per nap:
[2, 1, 2, 2, 2, 2, 1]
Szabad napok per nover:
[2, 2, 2, 2, 2, 2]
=====================================================================
Delelott dolgoznak:
[1, 2, 2, 2, 1, 2, 2]
Delutan dolgoznak:
[2, 2, 2, 1, 2, 1, 2]
Ejjel dolgoznak:
[1, 1, 0, 1, 1, 1, 1]
=====================================================================
