Nover Nap Alpha Beta Theta Switch Consecutive MaxIteration
 6    7    1.8  1.0   2.7    1     5        200000
=====================================================================
Kezdeti fitness: 0.026246719160104987
1		@0.029203170629954107		#2
2		@0.03333333333333333		#6
3		@0.0369783412572636		#9
4		@0.043859649122807015		#47
5		@0.04840940525587828		#55
6		@0.05279034690799397		#66
7		@0.07551240560949297		#68
8		@0.12962962962962962		#309
9		@0.15555555555555556		#800
10		@0.25925925925925924		#2273
11		@1.0		#2275
=====================================================================
Napok szerint dolgoznak: (0-szabad, 1-delelott, 2-delutan, 3-ejjel)
[3, 0, 2, 2, 0, 1, 1]
[2, 1, 0, 3, 0, 1, 3]
[2, 3, 2, 0, 1, 0, 1]
[0, 2, 1, 1, 3, 0, 2]
[1, 3, 0, 3, 2, 2, 0]
[1, 2, 3, 0, 1, 3, 0]
=====================================================================
Szabad noverek per nap:
[1, 1, 2, 2, 2, 2, 2]
Szabad napok per nover:
[2, 2, 2, 2, 2, 2]
=====================================================================
Delelott dolgoznak:
[2, 1, 1, 1, 2, 2, 2]
Delutan dolgoznak:
[2, 2, 2, 1, 1, 1, 1]
Ejjel dolgoznak:
[1, 2, 1, 2, 1, 1, 1]
=====================================================================
