Nover Nap Alpha Beta Theta Switch Consecutive MaxIteration
 6    7    1.8  1.0   2.7    1     5        200000
=====================================================================
Kezdeti fitness: 0.03968253968253968
1		@0.04985754985754985		#5
2		@0.05718954248366012		#87
3		@0.07692307692307693		#133
4		@0.08333333333333333		#134
5		@0.7777777777777777		#148
6		@1.0		#17659
=====================================================================
Napok szerint dolgoznak: (0-szabad, 1-delelott, 2-delutan, 3-ejjel)
[2, 0, 1, 2, 1, 3, 0]
[3, 2, 3, 0, 1, 0, 2]
[1, 0, 0, 3, 3, 2, 1]
[0, 3, 2, 1, 2, 1, 0]
[0, 1, 1, 3, 0, 2, 3]
[1, 1, 3, 2, 0, 0, 2]
=====================================================================
Szabad noverek per nap:
[2, 2, 1, 1, 2, 2, 2]
Szabad napok per nover:
[2, 2, 2, 2, 2, 2]
=====================================================================
Delelott dolgoznak:
[2, 2, 2, 1, 2, 1, 1]
Delutan dolgoznak:
[1, 1, 1, 2, 1, 2, 2]
Ejjel dolgoznak:
[1, 1, 2, 2, 1, 1, 1]
=====================================================================
