Nover Nap Alpha Beta Theta Switch Consecutive MaxIteration
 12    14    0.8  0.5   1.2    1     5        500000
=====================================================================
Kedeti fitness: 0.018339009693476557
1		@0.01839684625492773		#3
2		@0.01881214727223865		#4
3		@0.020178725857595853		#7
4		@0.02082713478131509		#10
5		@0.021875000000000002		#11
6		@0.022194039315155362		#16
7		@0.023656640757012508		#23
8		@0.02393980848153215		#30
9		@0.024752475247524754		#32
10		@0.026985350809560524		#37
11		@0.02710027100271003		#39
12		@0.027237354085603113		#41
13		@0.028397565922920892		#44
14		@0.029548332629801607		#49
15		@0.030107526881720435		#54
16		@0.03376748673420164		#59
17		@0.03519356460532932		#65
18		@0.04002287021154947		#69
19		@0.0402993667242372		#83
20		@0.04427577482605946		#89
21		@0.044614404079031236		#111
22		@0.04560260586319219		#112
23		@0.04713804713804714		#116
24		@0.04912280701754387		#134
25		@0.059071729957805914		#139
26		@0.062001771479185126		#145
27		@0.07035175879396985		#147
28		@0.07446808510638299		#153
29		@0.0806451612903226		#160
30		@0.1035502958579882		#168
31		@0.11824324324324327		#177
32		@0.13059701492537315		#203
33		@0.15909090909090912		#209
34		@0.15945330296127566		#221
35		@0.24305555555555558		#224
36		@0.2536231884057971		#267
=====================================================================
Napok szerint dolgoznak: (0-szabad, 1-delelott, 2-delutan, 3-ejjel)
[1, 2, 3, 3, 2, 0, 1, 2, 0, 2, 0, 1, 0, 3]
[3, 0, 1, 2, 0, 2, 3, 2, 3, 0, 0, 2, 1, 1]
[1, 0, 0, 2, 3, 2, 3, 0, 0, 2, 3, 2, 1, 1]
[2, 2, 0, 1, 1, 1, 0, 2, 2, 0, 3, 3, 3, 0]
[0, 1, 2, 1, 1, 0, 2, 2, 0, 3, 0, 3, 2, 3]
[1, 3, 2, 0, 0, 0, 2, 1, 1, 3, 2, 0, 1, 3]
[2, 2, 1, 3, 0, 1, 3, 3, 2, 0, 2, 0, 0, 1]
[0, 1, 0, 1, 2, 3, 0, 3, 0, 1, 2, 1, 3, 2]
[0, 1, 3, 2, 3, 2, 0, 1, 1, 2, 1, 3, 0, 0]
[3, 3, 0, 0, 2, 2, 1, 0, 1, 1, 3, 2, 0, 2]
[2, 3, 2, 0, 1, 3, 2, 0, 3, 0, 1, 1, 2, 0]
[3, 0, 3, 3, 0, 2, 0, 1, 2, 1, 1, 0, 2, 2]
=====================================================================
Szabad noverek per nap:
[3, 3, 4, 3, 4, 3, 4, 3, 4, 4, 3, 3, 4, 3]
Szabad napok per nover:
[4, 4, 4, 4, 4, 4, 4, 4, 4, 4, 4, 4]
=====================================================================
Delelott dolgoznak:
[3, 3, 2, 3, 3, 2, 2, 3, 3, 3, 3, 3, 3, 3]
Delutan dolgoznak:
[3, 3, 3, 3, 3, 5, 3, 4, 3, 3, 3, 3, 3, 3]
Ejjel dolgoznak:
[3, 3, 3, 3, 2, 2, 3, 2, 2, 2, 3, 3, 2, 3]
=====================================================================
