Nover Nap Alpha Beta Theta Switch Consecutive MaxIteration
 12    14    0.8  0.5   1.2    1     5        500000
=====================================================================
Kedeti fitness: 0.015844273426889998
1		@0.015887426236949616		#4
2		@0.017199017199017206		#5
3		@0.018334206390780514		#7
4		@0.019790783149561775		#9
5		@0.020703933747412008		#11
6		@0.02107798855766336		#28
7		@0.021705426356589147		#30
8		@0.02339572192513369		#32
9		@0.023624704691191364		#35
10		@0.024743725698126547		#36
11		@0.024849130280440185		#39
12		@0.027667984189723323		#40
13		@0.0286181520850368		#49
14		@0.029486099410278015		#51
15		@0.030728709394205442		#55
16		@0.03501750875437719		#62
17		@0.03655352480417755		#64
18		@0.04009163802978236		#74
19		@0.04242424242424243		#75
20		@0.04372267332916927		#94
21		@0.04405286343612335		#95
22		@0.04946996466431096		#115
23		@0.0515084621044886		#151
24		@0.05542359461599367		#156
25		@0.05600000000000001		#177
26		@0.06003430531732419		#191
27		@0.06469500924214418		#195
28		@0.0755939524838013		#202
29		@0.07583965330444205		#223
30		@0.07683863885839738		#233
31		@0.08588957055214726		#240
32		@0.08717310087173101		#249
33		@0.09536784741144416		#266
34		@0.0966850828729282		#272
35		@0.10463378176382662		#280
36		@0.11308562197092085		#319
37		@0.11844331641285959		#357
38		@0.1414141414141414		#394
39		@0.1754385964912281		#409
40		@0.20348837209302328		#471
41		@0.24305555555555558		#721
42		@0.36458333333333337		#1003
=====================================================================
Napok szerint dolgoznak: (0-szabad, 1-delelott, 2-delutan, 3-ejjel)
[0, 3, 2, 1, 0, 3, 2, 2, 0, 3, 2, 0, 1, 1]
[1, 0, 2, 1, 3, 3, 2, 0, 1, 2, 0, 0, 1, 3]
[0, 2, 3, 0, 3, 2, 0, 3, 2, 0, 1, 2, 1, 1]
[2, 2, 3, 0, 1, 3, 3, 2, 0, 0, 1, 1, 0, 2]
[2, 0, 0, 3, 2, 2, 1, 1, 0, 3, 0, 1, 2, 3]
[0, 3, 0, 1, 1, 1, 2, 0, 3, 2, 3, 2, 2, 0]
[2, 1, 1, 3, 3, 0, 1, 2, 2, 0, 2, 0, 3, 0]
[3, 0, 3, 2, 0, 2, 2, 0, 1, 0, 1, 1, 2, 3]
[1, 1, 2, 0, 0, 1, 3, 3, 0, 2, 3, 2, 0, 2]
[3, 3, 0, 2, 1, 0, 1, 1, 2, 1, 2, 0, 3, 0]
[1, 2, 0, 3, 2, 0, 0, 2, 1, 1, 3, 3, 0, 1]
[0, 1, 1, 2, 2, 1, 0, 1, 3, 3, 0, 3, 0, 2]
=====================================================================
Szabad noverek per nap:
[4, 3, 4, 3, 3, 3, 3, 3, 4, 4, 3, 4, 4, 3]
Szabad napok per nover:
[4, 4, 4, 4, 4, 4, 4, 4, 4, 4, 4, 4]
=====================================================================
Delelott dolgoznak:
[3, 3, 2, 3, 3, 3, 3, 3, 3, 2, 3, 3, 3, 3]
Delutan dolgoznak:
[3, 3, 3, 3, 3, 3, 4, 4, 3, 3, 3, 3, 3, 3]
Ejjel dolgoznak:
[2, 3, 3, 3, 3, 3, 2, 2, 2, 3, 3, 2, 2, 3]
=====================================================================
