Nover Nap Alpha Beta Theta Switch Consecutive MaxIteration
 12    14    0.8  0.5   1.2    1     5        500000
=====================================================================
Kedeti fitness: 0.01590909090909091
1		@0.016252612026932903		#4
2		@0.016822879115597215		#10
3		@0.016871535309713186		#13
4		@0.017339608620262573		#14
5		@0.01780264496439471		#22
6		@0.018248175182481754		#24
7		@0.018832391713747648		#32
8		@0.018975332068311198		#37
9		@0.01941747572815534		#48
10		@0.0206064174271416		#53
11		@0.021598272138228944		#54
12		@0.02256608639587363		#58
13		@0.023102310231023104		#66
14		@0.02337228714524207		#72
15		@0.025152712899748474		#76
16		@0.026525198938992047		#86
17		@0.026585643752373718		#99
18		@0.026995757809487084		#111
19		@0.028033640368442136		#113
20		@0.028501628664495116		#122
21		@0.030276816608996542		#125
22		@0.03398058252427185		#128
23		@0.03544303797468355		#138
24		@0.038997214484679674		#148
25		@0.042067307692307696		#162
26		@0.04464285714285715		#168
27		@0.04498714652956299		#169
28		@0.045074050225370255		#173
29		@0.04510309278350516		#176
30		@0.0484094052558783		#181
31		@0.054263565891472874		#185
32		@0.060816681146828845		#190
33		@0.07209062821833162		#192
34		@0.07650273224043717		#201
35		@0.08139534883720931		#205
36		@0.08254716981132076		#239
37		@0.09873060648801128		#243
38		@0.12658227848101267		#272
39		@0.13513513513513514		#337
40		@0.14644351464435146		#372
41		@0.17766497461928935		#483
42		@0.28225806451612906		#525
43		@0.46052631578947373		#620
=====================================================================
Napok szerint dolgoznak: (0-szabad, 1-delelott, 2-delutan, 3-ejjel)
[2, 0, 1, 1, 0, 0, 3, 2, 0, 3, 2, 2, 1, 3]
[1, 3, 0, 3, 2, 1, 0, 2, 1, 3, 0, 1, 2, 0]
[2, 1, 1, 1, 3, 0, 2, 0, 0, 2, 2, 3, 3, 0]
[3, 0, 3, 2, 0, 2, 0, 1, 2, 1, 1, 2, 0, 3]
[0, 2, 1, 2, 2, 1, 1, 0, 0, 3, 3, 3, 0, 1]
[3, 3, 2, 3, 0, 0, 1, 2, 1, 0, 1, 0, 1, 2]
[0, 1, 2, 2, 0, 3, 2, 1, 1, 0, 3, 0, 3, 2]
[2, 3, 0, 0, 1, 1, 3, 0, 3, 0, 2, 1, 2, 1]
[3, 2, 3, 0, 1, 2, 1, 0, 3, 2, 0, 2, 1, 0]
[0, 0, 2, 0, 1, 3, 2, 3, 0, 1, 1, 2, 3, 2]
[1, 2, 3, 0, 2, 2, 0, 1, 2, 1, 0, 3, 0, 3]
[1, 1, 0, 1, 3, 0, 0, 3, 2, 2, 3, 0, 2, 1]
=====================================================================
Szabad noverek per nap:
[3, 3, 3, 4, 4, 4, 4, 4, 4, 3, 3, 3, 3, 3]
Szabad napok per nover:
[4, 4, 4, 4, 4, 4, 4, 4, 4, 4, 4, 4]
=====================================================================
Delelott dolgoznak:
[3, 3, 3, 3, 3, 3, 3, 3, 3, 3, 3, 2, 3, 3]
Delutan dolgoznak:
[3, 3, 3, 3, 3, 3, 3, 3, 3, 3, 3, 4, 3, 3]
Ejjel dolgoznak:
[3, 3, 3, 2, 2, 2, 2, 2, 2, 3, 3, 3, 3, 3]
=====================================================================
