Nover Nap Alpha Beta Theta Switch Consecutive MaxIteration
 12    14    0.8  0.5   1.2    1     5        500000
=====================================================================
Kedeti fitness: 0.018913807079167788
1		@0.02022536839063854		#0
2		@0.02049780380673499		#3
3		@0.02063679245283019		#6
4		@0.02148557397176182		#13
5		@0.02338009352037408		#15
6		@0.02422145328719723		#19
7		@0.02494654312188168		#20
8		@0.025207057976233346		#21
9		@0.0274294670846395		#30
10		@0.02803364036844213		#32
11		@0.02915451895043732		#33
12		@0.030501089324618744		#38
13		@0.033096926713948		#39
14		@0.039347948285553686		#52
15		@0.03961516694963215		#53
16		@0.04189108318372233		#56
17		@0.04444444444444445		#65
18		@0.05050505050505051		#74
19		@0.05376344086021506		#85
20		@0.05804311774461028		#89
21		@0.06896551724137931		#116
22		@0.07616974972796517		#117
23		@0.09174311926605505		#141
24		@0.10494752623688156		#164
25		@0.10510510510510511		#187
26		@0.11456628477905074		#192
27		@0.13257575757575757		#228
28		@0.14799154334038056		#244
29		@0.16786570743405274		#295
30		@0.17766497461928935		#300
31		@0.23489932885906045		#308
32		@0.2892561983471075		#317
33		@0.36458333333333337		#413
34		@0.38888888888888895		#447
=====================================================================
Napok szerint dolgoznak: (0-szabad, 1-delelott, 2-delutan, 3-ejjel)
[0, 3, 0, 1, 0, 1, 2, 1, 2, 3, 0, 3, 2, 2]
[3, 0, 2, 0, 1, 0, 1, 2, 0, 2, 2, 1, 3, 3]
[0, 1, 1, 0, 2, 0, 3, 3, 3, 2, 1, 0, 2, 1]
[3, 2, 0, 2, 3, 2, 0, 0, 0, 1, 3, 2, 1, 1]
[2, 1, 3, 3, 0, 0, 1, 0, 2, 3, 2, 1, 0, 2]
[2, 0, 3, 3, 3, 2, 0, 1, 1, 0, 1, 2, 2, 0]
[2, 3, 0, 1, 2, 1, 0, 0, 1, 2, 0, 3, 3, 2]
[0, 2, 0, 3, 2, 1, 1, 3, 0, 1, 3, 0, 1, 2]
[1, 0, 3, 2, 1, 0, 2, 1, 2, 0, 3, 2, 0, 3]
[1, 3, 2, 1, 0, 3, 2, 0, 1, 0, 1, 0, 3, 2]
[3, 2, 2, 0, 1, 2, 0, 2, 3, 3, 0, 1, 1, 0]
[1, 1, 1, 2, 0, 3, 3, 2, 0, 1, 2, 3, 0, 0]
=====================================================================
Szabad noverek per nap:
[3, 3, 4, 3, 4, 4, 4, 4, 4, 3, 3, 3, 3, 3]
Szabad napok per nover:
[4, 4, 4, 4, 4, 4, 4, 4, 4, 4, 4, 4]
=====================================================================
Delelott dolgoznak:
[3, 3, 2, 3, 3, 3, 3, 3, 3, 3, 3, 3, 3, 2]
Delutan dolgoznak:
[3, 3, 3, 3, 3, 3, 3, 3, 3, 3, 3, 3, 3, 5]
Ejjel dolgoznak:
[3, 3, 3, 3, 2, 2, 2, 2, 2, 3, 3, 3, 3, 2]
=====================================================================
