Nover Nap Alpha Beta Theta Switch Consecutive MaxIteration
 12    14    0.8  0.5   1.2    1     5        500000
=====================================================================
Kedeti fitness: 0.017275419545903257
1		@0.018363064008394547		#2
2		@0.019167579408543266		#5
3		@0.019971469329529246		#10
4		@0.020467836257309944		#15
5		@0.02074688796680498		#57
6		@0.021413276231263382		#64
7		@0.02175264139216905		#74
8		@0.02308707124010554		#76
9		@0.025179856115107913		#85
10		@0.025547445255474456		#89
11		@0.02734375		#92
12		@0.029033596018249695		#95
13		@0.03008165019338204		#106
14		@0.03150315031503151		#110
15		@0.03231763619575254		#125
16		@0.035443037974683546		#137
17		@0.03655352480417755		#146
18		@0.03848268279274327		#149
19		@0.03957037874505371		#152
20		@0.040509259259259266		#162
21		@0.04273504273504274		#169
22		@0.047233468286099874		#182
23		@0.05050505050505051		#186
24		@0.05259203606311045		#199
25		@0.05668016194331984		#210
26		@0.05828476269775188		#216
27		@0.06698564593301436		#218
28		@0.0735294117647059		#233
29		@0.08177570093457946		#240
30		@0.0855745721271394		#247
31		@0.11182108626198087		#260
32		@0.13207547169811323		#265
33		@0.14583333333333337		#295
34		@0.18229166666666669		#360
35		@0.24305555555555558		#410
36		@0.36458333333333337		#517
37		@0.7291666666666667		#602
=====================================================================
Napok szerint dolgoznak: (0-szabad, 1-delelott, 2-delutan, 3-ejjel)
[1, 2, 2, 1, 3, 0, 2, 1, 3, 0, 0, 2, 3, 0]
[2, 0, 1, 0, 3, 2, 1, 0, 3, 2, 1, 2, 0, 3]
[0, 3, 0, 1, 1, 0, 3, 2, 0, 2, 1, 1, 3, 2]
[1, 1, 3, 0, 0, 2, 1, 3, 2, 0, 2, 3, 2, 0]
[2, 1, 0, 2, 2, 1, 3, 0, 1, 2, 3, 0, 0, 3]
[3, 2, 1, 0, 1, 3, 0, 3, 0, 2, 0, 1, 1, 2]
[3, 3, 2, 3, 0, 2, 1, 1, 0, 1, 0, 0, 2, 1]
[0, 0, 3, 3, 2, 1, 0, 1, 2, 1, 2, 3, 0, 2]
[2, 1, 2, 1, 3, 0, 2, 0, 0, 3, 3, 2, 1, 0]
[3, 3, 0, 2, 2, 3, 0, 2, 1, 1, 1, 0, 0, 1]
[0, 2, 1, 2, 0, 3, 0, 3, 2, 3, 2, 0, 1, 1]
[1, 0, 3, 0, 1, 1, 2, 2, 3, 0, 0, 1, 2, 3]
=====================================================================
Szabad noverek per nap:
[3, 3, 3, 4, 3, 3, 4, 3, 4, 3, 4, 4, 4, 3]
Szabad napok per nover:
[4, 4, 4, 4, 4, 4, 4, 4, 4, 4, 4, 4]
=====================================================================
Delelott dolgoznak:
[3, 3, 3, 3, 3, 3, 3, 3, 2, 3, 3, 3, 3, 3]
Delutan dolgoznak:
[3, 3, 3, 3, 3, 3, 3, 3, 3, 4, 3, 3, 3, 3]
Ejjel dolgoznak:
[3, 3, 3, 2, 3, 3, 2, 3, 3, 2, 2, 2, 2, 3]
=====================================================================
