Nover Nap Alpha Beta Theta Switch Consecutive MaxIteration
 27    10    0.15  0.14   0.18    2     5        250000
=====================================================================
Kedeti fitness: 0.06841282251759187
1		@0.07290147885857114		#0
2		@0.07304601899196494		#3
3		@0.07416039834728255		#6
4		@0.07458710708577518		#9
5		@0.07753655294638902		#12
6		@0.08109360518999073		#13
7		@0.0853658536585366		#20
8		@0.08885503935008886		#38
9		@0.08909252895507191		#39
10		@0.08951406649616368		#50
11		@0.09038089089735314		#58
12		@0.0934205258241025		#61
13		@0.09592983417842949		#62
14		@0.10178857059764432		#72
15		@0.10280511088265532		#78
16		@0.10390381475434168		#79
17		@0.10630220197418373		#93
18		@0.10747735298633501		#116
19		@0.11135857461024498		#132
20		@0.11498028909329829		#137
21		@0.11741026501174101		#141
22		@0.12218537266538664		#146
23		@0.12464387464387466		#148
24		@0.12750455373406192		#156
25		@0.1279941488389102		#165
26		@0.13328255902513328		#178
27		@0.13793103448275862		#187
28		@0.14300306435137897		#190
29		@0.14941302027748132		#207
30		@0.15600624024961		#218
31		@0.16110471806674337		#226
32		@0.1659160938611045		#281
33		@0.1701507049100632		#390
34		@0.17301038062283736		#398
35		@0.1819126819126819		#417
36		@0.1917808219178082		#447
37		@0.19863791146424517		#517
38		@0.19875070982396364		#544
39		@0.2092675635276532		#761
40		@0.21374045801526717		#1283
41		@0.22243406418811562		#1362
42		@0.22838499184339311		#5157
43		@0.23263542705217674		#5924
44		@0.2410468319559228		#28697
45		@0.24121295658166775		#65720
46		@0.24717514124293782		#65859
=====================================================================
Napok szerint dolgoznak: (0-szabad, 1-delelott, 2-delutan, 3-ejjel)
[3, 0, 2, 2, 3, 0, 3, 2, 1, 1]
[2, 2, 2, 1, 0, 1, 3, 3, 0, 1]
[3, 3, 0, 2, 1, 2, 1, 0, 2, 1]
[1, 3, 0, 1, 3, 3, 2, 1, 0, 2]
[3, 2, 1, 1, 0, 1, 0, 3, 2, 2]
[1, 0, 1, 1, 3, 3, 2, 0, 2, 2]
[1, 3, 3, 0, 2, 2, 1, 3, 0, 1]
[1, 3, 0, 1, 2, 3, 0, 2, 3, 2]
[3, 3, 2, 0, 1, 1, 1, 2, 0, 2]
[0, 2, 1, 1, 3, 0, 2, 3, 3, 2]
[3, 2, 0, 3, 0, 1, 2, 1, 2, 3]
[1, 3, 0, 3, 2, 1, 2, 3, 0, 2]
[3, 2, 0, 2, 1, 3, 3, 0, 2, 1]
[3, 2, 1, 0, 1, 0, 3, 2, 1, 2]
[1, 1, 3, 0, 2, 2, 3, 0, 2, 1]
[1, 1, 1, 3, 0, 2, 2, 3, 0, 3]
[2, 0, 3, 3, 0, 1, 0, 1, 1, 2]
[1, 0, 3, 2, 3, 2, 1, 0, 1, 2]
[1, 3, 2, 0, 1, 3, 0, 2, 2, 3]
[2, 1, 3, 2, 3, 0, 1, 1, 3, 0]
[2, 1, 3, 2, 0, 2, 1, 1, 3, 0]
[2, 1, 0, 3, 3, 2, 0, 2, 1, 1]
[0, 0, 2, 3, 2, 1, 0, 1, 1, 3]
[2, 1, 2, 1, 1, 0, 3, 2, 3, 0]
[2, 0, 1, 2, 1, 3, 3, 0, 1, 3]
[1, 2, 1, 0, 2, 3, 2, 3, 0, 3]
[0, 1, 2, 3, 2, 0, 1, 1, 3, 3]
=====================================================================
Szabad noverek per nap:
[3, 6, 7, 6, 6, 6, 6, 6, 7, 3]
Szabad napok per nover:
[2, 2, 2, 2, 2, 2, 2, 2, 2, 2, 2, 2, 2, 2, 2, 2, 3, 2, 2, 2, 2, 2, 3, 2, 2, 2, 2]
=====================================================================
Delelott dolgoznak:
[10, 7, 7, 7, 7, 7, 7, 7, 7, 7]
Delutan dolgoznak:
[7, 7, 7, 7, 7, 7, 7, 7, 7, 10]
Ejjel dolgoznak:
[7, 7, 6, 7, 7, 7, 7, 7, 6, 7]
=====================================================================
