Nover Nap Alpha Beta Theta Switch Consecutive MaxIteration
 27    10    0.15  0.14   0.18    2     5        250000
=====================================================================
Kedeti fitness: 0.10551703346397347
1		@0.10593220338983052		#6
2		@0.10881392818280738		#9
3		@0.10911925175370225		#10
4		@0.11047979797979798		#19
5		@0.12203626220362622		#28
6		@0.12415750266051793		#35
7		@0.12535816618911175		#48
8		@0.13446023818670763		#52
9		@0.13779527559055116		#111
10		@0.14498757249378624		#124
11		@0.14662756598240467		#127
12		@0.15631978561857973		#133
13		@0.1594896331738437		#137
14		@0.1605872906629961		#214
15		@0.16863406408094436		#231
16		@0.18036588508116463		#280
17		@0.1829108962633917		#288
18		@0.18552875695732837		#433
19		@0.1891380707916779		#443
20		@0.1892403352257367		#463
21		@0.19466073414905452		#481
22		@0.1986379114642452		#491
23		@0.2010338885697875		#883
24		@0.20254629629629628		#898
25		@0.20449897750511245		#925
26		@0.21705426356589144		#949
27		@0.22201078338090707		#1106
28		@0.2312520647505781		#1629
29		@0.23688663282571912		#1741
30		@0.24884464984002844		#2073
31		@0.2551950419248998		#9281
32		@0.25849335302806503		#45166
33		@0.265352539802881		#46577
=====================================================================
Napok szerint dolgoznak: (0-szabad, 1-delelott, 2-delutan, 3-ejjel)
[2, 1, 3, 0, 3, 0, 1, 2, 0, 2]
[1, 0, 1, 1, 3, 2, 2, 0, 3, 2]
[3, 3, 2, 0, 2, 1, 3, 0, 1, 2]
[1, 2, 1, 1, 3, 0, 2, 2, 3, 0]
[2, 3, 0, 3, 2, 3, 2, 1, 0, 1]
[3, 0, 2, 1, 2, 3, 0, 1, 2, 1]
[2, 2, 1, 1, 0, 3, 2, 3, 0, 3]
[0, 2, 1, 3, 0, 1, 2, 2, 1, 3]
[2, 0, 2, 1, 0, 1, 1, 2, 3, 3]
[0, 3, 3, 2, 1, 2, 0, 1, 1, 2]
[1, 0, 1, 3, 0, 0, 3, 2, 2, 1]
[0, 1, 3, 3, 0, 2, 2, 1, 3, 2]
[0, 1, 2, 2, 3, 0, 3, 2, 1, 1]
[1, 3, 2, 3, 0, 2, 2, 1, 1, 0]
[3, 2, 0, 2, 1, 1, 3, 2, 0, 1]
[2, 2, 1, 0, 1, 3, 2, 3, 3, 0]
[2, 1, 3, 0, 2, 1, 1, 3, 2, 0]
[0, 1, 2, 2, 3, 0, 1, 3, 2, 3]
[3, 2, 3, 0, 3, 2, 2, 1, 0, 1]
[1, 0, 1, 2, 3, 2, 0, 1, 2, 3]
[1, 1, 3, 0, 2, 3, 2, 3, 2, 0]
[0, 0, 2, 3, 2, 0, 1, 3, 2, 1]
[3, 2, 0, 2, 1, 1, 3, 2, 0, 0]
[0, 0, 2, 1, 2, 1, 3, 0, 1, 3]
[2, 3, 0, 1, 1, 3, 3, 2, 0, 2]
[3, 3, 2, 2, 1, 0, 1, 2, 1, 0]
[1, 1, 2, 0, 0, 2, 1, 3, 3, 2]
=====================================================================
Szabad noverek per nap:
[7, 7, 4, 7, 7, 7, 3, 3, 7, 7]
Szabad napok per nover:
[3, 2, 2, 2, 2, 2, 2, 2, 2, 2, 3, 2, 2, 2, 2, 2, 2, 2, 2, 2, 2, 3, 3, 3, 2, 2, 2]
=====================================================================
Delelott dolgoznak:
[7, 7, 7, 7, 6, 7, 7, 7, 7, 7]
Delutan dolgoznak:
[7, 7, 10, 7, 7, 7, 10, 10, 7, 7]
Ejjel dolgoznak:
[6, 6, 6, 6, 7, 6, 7, 7, 6, 6]
=====================================================================
