Nover Nap Alpha Beta Theta Switch Consecutive MaxIteration
 27    10    0.15  0.14   0.18    2     5        250000
=====================================================================
Kedeti fitness: 0.06406149903907751
1		@0.06715916722632641		#4
2		@0.06833935370496926		#6
3		@0.06957558890766326		#7
4		@0.07097232079488999		#9
5		@0.07349081364829396		#12
6		@0.07708402158352604		#13
7		@0.08481764206955046		#14
8		@0.08875364523900088		#19
9		@0.08936550491510276		#28
10		@0.09505703422053233		#30
11		@0.09611423863792393		#33
12		@0.10002857959416978		#43
13		@0.1026694045174538		#52
14		@0.11376564277588168		#55
15		@0.1146788990825688		#67
16		@0.11516946363935507		#75
17		@0.11868429976263141		#78
18		@0.12558306422676713		#96
19		@0.12853470437017994		#166
20		@0.13020833333333334		#172
21		@0.13518733101583624		#187
22		@0.13709361535448494		#202
23		@0.14421096003296252		#221
24		@0.15034364261168384		#223
25		@0.17980991523246853		#227
26		@0.18036588508116463		#325
27		@0.1836788244555235		#334
28		@0.18781862087469817		#343
29		@0.19439044709802833		#376
30		@0.20143884892086333		#492
31		@0.20348837209302326		#570
32		@0.20685579196217493		#680
33		@0.2197112366603892		#1220
34		@0.22464698331193836		#1284
35		@0.22719896137617657		#1754
36		@0.22965879265091865		#3150
37		@0.2323265847992034		#3546
38		@0.23521505376344085		#3548
39		@0.24088093599449417		#5025
40		@0.24991074616208495		#5210
41		@0.2565042139978014		#8583
42		@0.2667682926829268		#52666
43		@0.2669717772692601		#59596
44		@0.274294670846395		#59861
=====================================================================
Napok szerint dolgoznak: (0-szabad, 1-delelott, 2-delutan, 3-ejjel)
[0, 1, 2, 1, 0, 1, 3, 3, 3, 2]
[1, 2, 3, 2, 0, 1, 0, 1, 3, 2]
[0, 0, 3, 3, 2, 1, 2, 0, 1, 2]
[2, 1, 2, 1, 2, 0, 3, 3, 0, 1]
[1, 2, 1, 2, 0, 3, 2, 3, 0, 1]
[0, 1, 0, 2, 3, 2, 0, 2, 1, 3]
[2, 2, 0, 3, 2, 1, 0, 1, 1, 3]
[1, 3, 2, 0, 3, 2, 1, 2, 3, 0]
[3, 0, 1, 1, 3, 2, 3, 0, 2, 1]
[3, 0, 3, 2, 1, 0, 1, 1, 2, 2]
[1, 2, 1, 0, 3, 2, 3, 0, 1, 2]
[0, 1, 2, 3, 2, 3, 0, 1, 2, 1]
[0, 3, 2, 1, 1, 0, 2, 2, 3, 3]
[2, 2, 1, 0, 3, 0, 1, 3, 3, 2]
[3, 0, 3, 2, 0, 3, 2, 1, 1, 1]
[3, 3, 0, 1, 1, 1, 2, 0, 2, 2]
[0, 2, 3, 3, 0, 3, 2, 2, 1, 1]
[1, 2, 1, 0, 1, 3, 0, 3, 3, 2]
[3, 0, 1, 3, 2, 0, 2, 1, 3, 2]
[2, 0, 1, 3, 3, 0, 1, 1, 2, 3]
[0, 3, 0, 1, 3, 0, 1, 2, 1, 2]
[2, 1, 0, 1, 2, 2, 3, 0, 1, 3]
[3, 3, 3, 0, 2, 1, 1, 2, 1, 0]
[1, 3, 2, 0, 1, 2, 1, 0, 2, 3]
[2, 1, 0, 2, 1, 3, 3, 0, 0, 2]
[2, 3, 0, 2, 1, 1, 0, 3, 2, 1]
[1, 1, 2, 0, 0, 2, 3, 2, 1, 3]
=====================================================================
Szabad noverek per nap:
[7, 6, 7, 7, 6, 7, 6, 7, 3, 2]
Szabad napok per nover:
[2, 2, 3, 2, 2, 3, 2, 2, 2, 2, 2, 2, 2, 2, 2, 2, 2, 2, 2, 2, 3, 2, 2, 2, 3, 2, 2]
=====================================================================
Delelott dolgoznak:
[7, 7, 7, 7, 7, 7, 7, 7, 10, 7]
Delutan dolgoznak:
[7, 7, 7, 7, 7, 7, 7, 7, 7, 11]
Ejjel dolgoznak:
[6, 7, 6, 6, 7, 6, 7, 6, 7, 7]
=====================================================================
