Nover Nap Alpha Beta Theta Switch Consecutive MaxIteration
 27    10    0.15  0.14   0.18    2     5        250000
=====================================================================
Kedeti fitness: 0.07735661399049618
1		@0.07860752386299831		#0
2		@0.07924827351975547		#4
3		@0.08157557394243095		#10
4		@0.08404370272541721		#13
5		@0.08724915866882713		#14
6		@0.08801710046523324		#15
7		@0.08861881250791238		#23
8		@0.0900553196963849		#25
9		@0.09089728606674456		#31
10		@0.09374581491897682		#32
11		@0.09445418971798676		#33
12		@0.09927669834066088		#42
13		@0.10214504596527067		#47
14		@0.10298661174047373		#54
15		@0.10493179433368309		#60
16		@0.10700091715071842		#65
17		@0.11372867587327375		#66
18		@0.12382805589952238		#71
19		@0.13270142180094785		#79
20		@0.13448607108549473		#82
21		@0.14218972171440178		#93
22		@0.14320785597381339		#107
23		@0.14925373134328357		#121
24		@0.15829941203075532		#137
25		@0.16084558823529413		#164
26		@0.16347501167678655		#167
27		@0.16611295681063123		#333
28		@0.17645576002016636		#374
29		@0.1797175866495507		#382
30		@0.18651745270450307		#545
31		@0.18934271030565322		#1023
32		@0.19299696719051557		#1252
33		@0.19690576652601965		#1521
34		@0.19875070982396364		#1867
35		@0.2007456266131345		#4626
36		@0.20360674810936594		#4711
37		@0.2113526570048309		#5060
38		@0.21827252884315562		#5994
39		@0.2256608639587363		#62480
=====================================================================
Napok szerint dolgoznak: (0-szabad, 1-delelott, 2-delutan, 3-ejjel)
[0, 1, 2, 3, 0, 2, 3, 2, 1, 3]
[0, 3, 3, 2, 3, 0, 1, 2, 1, 2]
[3, 3, 0, 1, 2, 0, 1, 1, 2, 3]
[0, 1, 2, 3, 0, 3, 2, 2, 1, 0]
[3, 0, 1, 0, 2, 1, 1, 0, 3, 2]
[1, 0, 3, 2, 0, 1, 1, 2, 3, 2]
[3, 0, 2, 1, 1, 2, 0, 3, 2, 1]
[1, 0, 3, 2, 1, 2, 3, 0, 3, 2]
[2, 1, 0, 1, 3, 2, 0, 3, 2, 1]
[1, 2, 2, 0, 3, 3, 2, 1, 3, 0]
[0, 2, 1, 3, 0, 1, 3, 2, 2, 1]
[2, 1, 2, 1, 1, 0, 0, 3, 3, 2]
[1, 3, 2, 1, 2, 0, 0, 3, 2, 1]
[1, 2, 0, 3, 2, 3, 0, 1, 1, 2]
[3, 3, 2, 0, 1, 0, 2, 1, 1, 2]
[1, 0, 3, 2, 2, 3, 0, 2, 1, 3]
[3, 0, 1, 2, 0, 2, 1, 3, 2, 1]
[2, 2, 1, 1, 0, 1, 3, 3, 2, 0]
[2, 1, 2, 0, 2, 1, 3, 0, 3, 3]
[2, 1, 1, 3, 0, 3, 2, 0, 2, 1]
[2, 0, 2, 1, 3, 3, 0, 1, 2, 1]
[3, 3, 0, 2, 2, 2, 1, 0, 1, 3]
[2, 2, 2, 0, 1, 1, 3, 0, 3, 3]
[1, 3, 3, 2, 1, 0, 2, 2, 0, 1]
[2, 2, 1, 3, 3, 0, 1, 0, 2, 0]
[2, 1, 1, 0, 3, 2, 2, 1, 0, 3]
[3, 2, 3, 0, 1, 1, 2, 1, 2, 0]
=====================================================================
Szabad noverek per nap:
[4, 7, 4, 7, 7, 7, 7, 7, 2, 5]
Szabad napok per nover:
[2, 2, 2, 3, 3, 2, 2, 2, 2, 2, 2, 2, 2, 2, 2, 2, 2, 2, 2, 2, 2, 2, 2, 2, 3, 2, 2]
=====================================================================
Delelott dolgoznak:
[7, 7, 7, 7, 7, 7, 7, 7, 7, 8]
Delutan dolgoznak:
[9, 7, 10, 7, 7, 7, 7, 7, 11, 7]
Ejjel dolgoznak:
[7, 6, 6, 6, 6, 6, 6, 6, 7, 7]
=====================================================================
