Nover Nap Alpha Beta Theta Switch Consecutive MaxIteration
 27    10    0.15  0.14   0.18    2     5        250000
=====================================================================
Kedeti fitness: 0.06909485736847301
1		@0.06941001487357462		#4
2		@0.07076425394257987		#6
3		@0.07128309572301425		#9
4		@0.07271971743195513		#12
5		@0.0742469240560034		#14
6		@0.0782822634757325		#15
7		@0.0794010889292196		#16
8		@0.08190008190008191		#18
9		@0.08259587020648967		#28
10		@0.08291873963515756		#29
11		@0.08919469928644241		#33
12		@0.09034589571502323		#52
13		@0.09067357512953368		#70
14		@0.09411132024737832		#95
15		@0.094709782167501		#96
16		@0.09607466373867693		#99
17		@0.09700665188470066		#112
18		@0.09735744089012517		#129
19		@0.09809417040358745		#141
20		@0.10168506682161534		#148
21		@0.10526315789473684		#154
22		@0.10819165378670789		#168
23		@0.11065444198545685		#169
24		@0.11077702168064567		#171
25		@0.11303084127240431		#174
26		@0.1145475372279496		#178
27		@0.12171796209354897		#180
28		@0.12729587197672304		#186
29		@0.12757426644796796		#196
30		@0.14087341517407934		#208
31		@0.14671976524837563		#236
32		@0.14727540500736377		#266
33		@0.1536772777167947		#300
34		@0.15649452269170577		#303
35		@0.16025641025641024		#319
36		@0.16891891891891891		#327
37		@0.1719056974459725		#596
38		@0.1733960862026257		#1047
39		@0.17654476670870112		#1339
40		@0.17980991523246853		#1429
41		@0.18134715025906736		#1782
42		@0.19021739130434784		#1785
43		@0.19785189372526854		#1820
44		@0.20390329158170697		#2295
45		@0.21033653846153846		#76624
46		@0.21270130659374048		#135794
47		@0.2197112366603892		#175322
=====================================================================
Napok szerint dolgoznak: (0-szabad, 1-delelott, 2-delutan, 3-ejjel)
[2, 1, 0, 2, 1, 0, 2, 1, 3, 3]
[2, 0, 1, 1, 3, 2, 0, 1, 3, 2]
[3, 2, 0, 1, 3, 3, 2, 2, 0, 1]
[1, 2, 3, 0, 2, 1, 0, 1, 3, 2]
[2, 3, 0, 1, 1, 3, 2, 0, 2, 1]
[2, 1, 0, 2, 3, 0, 1, 1, 3, 2]
[2, 1, 0, 3, 3, 2, 3, 2, 0, 1]
[2, 0, 1, 2, 3, 3, 3, 0, 2, 1]
[1, 2, 1, 2, 0, 2, 1, 3, 3, 0]
[1, 3, 3, 0, 2, 1, 0, 2, 1, 2]
[1, 3, 2, 0, 0, 3, 2, 1, 1, 2]
[3, 2, 2, 1, 0, 2, 3, 0, 1, 1]
[1, 1, 0, 1, 2, 2, 3, 0, 2, 3]
[2, 1, 1, 2, 1, 0, 3, 3, 0, 2]
[2, 1, 2, 3, 0, 1, 1, 3, 2, 0]
[3, 3, 3, 2, 0, 1, 2, 2, 0, 1]
[3, 2, 2, 1, 1, 0, 0, 0, 1, 3]
[2, 1, 0, 3, 0, 2, 3, 3, 2, 1]
[3, 2, 1, 1, 1, 0, 2, 3, 0, 2]
[0, 2, 2, 3, 0, 3, 0, 1, 1, 1]
[2, 1, 1, 0, 1, 3, 2, 0, 2, 3]
[3, 2, 2, 0, 2, 1, 1, 3, 0, 1]
[0, 1, 1, 3, 2, 0, 1, 2, 2, 3]
[2, 3, 3, 0, 1, 1, 1, 2, 0, 3]
[1, 2, 3, 2, 3, 0, 1, 2, 1, 0]
[0, 2, 2, 3, 2, 1, 0, 1, 3, 0]
[1, 3, 3, 0, 2, 2, 0, 0, 1, 1]
=====================================================================
Szabad noverek per nap:
[3, 2, 7, 7, 7, 7, 7, 7, 7, 4]
Szabad napok per nover:
[2, 2, 2, 2, 2, 2, 2, 2, 2, 2, 2, 2, 2, 2, 2, 2, 3, 2, 2, 3, 2, 2, 2, 2, 2, 3, 3]
=====================================================================
Delelott dolgoznak:
[7, 9, 7, 7, 7, 7, 7, 7, 7, 10]
Delutan dolgoznak:
[11, 10, 7, 7, 7, 7, 7, 7, 7, 7]
Ejjel dolgoznak:
[6, 6, 6, 6, 6, 6, 6, 6, 6, 6]
=====================================================================
