Nover Nap Alpha Beta Theta Switch Consecutive MaxIteration
 27    10    0.15  0.14   0.18    2     5        250000
=====================================================================
Kedeti fitness: 0.08630255208975467
1		@0.08726003490401397		#1
2		@0.08944543828264759		#2
3		@0.09052114315272211		#5
4		@0.09794319294809012		#6
5		@0.09819048954972646		#12
6		@0.1025941667888026		#16
7		@0.10770887828896754		#24
8		@0.109563311942401		#26
9		@0.11127006835161342		#29
10		@0.11205378581719225		#40
11		@0.11842327863305699		#48
12		@0.12048192771084336		#49
13		@0.12195121951219513		#62
14		@0.12239902080783353		#71
15		@0.12706480304955528		#75
16		@0.1278772378516624		#76
17		@0.12974976830398516		#80
18		@0.1315047905316551		#85
19		@0.14081673707503523		#126
20		@0.14833651197287562		#147
21		@0.1605872906629961		#177
22		@0.16544552115339162		#178
23		@0.16936849745947255		#192
24		@0.17843487127198573		#206
25		@0.18401682439537329		#286
26		@0.19032082653616095		#304
27		@0.19591379792891128		#370
28		@0.20402215097639173		#572
29		@0.21651716671821838		#824
30		@0.22019502988361117		#1037
31		@0.23688663282571912		#1223
32		@0.24263431542461003		#3639
33		@0.2428026361429067		#4348
34		@0.24884464984002844		#4405
35		@0.2551950419248998		#5107
36		@0.265352539802881		#77519
=====================================================================
Napok szerint dolgoznak: (0-szabad, 1-delelott, 2-delutan, 3-ejjel)
[2, 0, 1, 3, 0, 3, 2, 1, 3, 2]
[2, 1, 3, 0, 2, 1, 0, 3, 2, 1]
[1, 2, 3, 3, 2, 0, 1, 0, 1, 2]
[0, 2, 2, 3, 2, 1, 0, 1, 1, 3]
[2, 2, 0, 1, 3, 2, 1, 1, 0, 3]
[1, 1, 3, 2, 0, 1, 3, 2, 2, 0]
[1, 3, 0, 2, 1, 2, 0, 3, 3, 2]
[2, 0, 1, 2, 1, 1, 0, 2, 3, 3]
[3, 3, 2, 1, 0, 2, 3, 0, 1, 2]
[2, 0, 1, 2, 1, 3, 2, 0, 3, 3]
[1, 1, 3, 0, 2, 1, 3, 3, 2, 0]
[3, 2, 0, 3, 2, 0, 0, 1, 1, 2]
[2, 3, 0, 2, 1, 1, 3, 3, 0, 1]
[0, 1, 2, 0, 3, 2, 1, 1, 3, 0]
[1, 2, 2, 0, 3, 3, 0, 1, 0, 2]
[3, 2, 0, 1, 0, 2, 0, 1, 1, 3]
[2, 3, 3, 0, 0, 1, 2, 2, 1, 1]
[1, 0, 2, 2, 0, 3, 3, 3, 2, 1]
[1, 3, 0, 1, 2, 3, 2, 3, 0, 2]
[3, 0, 1, 1, 1, 0, 2, 3, 2, 2]
[2, 1, 1, 0, 3, 3, 2, 1, 0, 2]
[3, 2, 1, 3, 2, 0, 1, 2, 0, 1]
[3, 0, 2, 3, 0, 2, 1, 2, 1, 1]
[2, 1, 3, 0, 1, 2, 3, 0, 0, 2]
[2, 3, 0, 1, 3, 0, 1, 1, 2, 2]
[0, 1, 1, 2, 1, 0, 2, 2, 3, 3]
[3, 0, 2, 1, 3, 0, 1, 2, 2, 1]
=====================================================================
Szabad noverek per nap:
[3, 7, 7, 7, 7, 7, 7, 4, 7, 3]
Szabad napok per nover:
[2, 2, 2, 2, 2, 2, 2, 2, 2, 2, 2, 3, 2, 3, 3, 3, 2, 2, 2, 2, 2, 2, 2, 3, 2, 2, 2]
=====================================================================
Delelott dolgoznak:
[7, 7, 7, 7, 7, 7, 7, 9, 7, 7]
Delutan dolgoznak:
[10, 7, 7, 7, 7, 7, 7, 7, 7, 11]
Ejjel dolgoznak:
[7, 6, 6, 6, 6, 6, 6, 7, 6, 6]
=====================================================================
