Nover Nap Alpha Beta Theta Switch Consecutive MaxIteration
 27    10    0.15  0.14   0.18    1     5        600000
=====================================================================
Kezdeti fitness: 0.07945516458569805
1		@0.0813953488372093		#4
2		@0.08170888292284346		#5
3		@0.08879868070531524		#7
4		@0.0908736855770479		#10
5		@0.092445853143159		#21
6		@0.09469696969696971		#24
7		@0.09950248756218905		#26
8		@0.0995307834494526		#29
9		@0.10214504596527069		#31
10		@0.10262424864389383		#4336
11		@0.1047433787221308		#4733
12		@0.10857763300760044		#6143
13		@0.1149047931713723		#6144
14		@0.11547344110854503		#6149
15		@0.11838322340605445		#6155
16		@0.12133818686080777		#138142
17		@0.12667390517553384		#138184
18		@0.1281112737920937		#244362
=====================================================================
Napok szerint dolgoznak: (0-szabad, 1-delelott, 2-delutan, 3-ejjel)
[3, 2, 1, 0, 1, 2, 2, 0, 3, 3]
[1, 2, 2, 3, 3, 0, 2, 1, 1, 0]
[2, 1, 2, 1, 2, 3, 0, 0, 1, 3]
[3, 3, 2, 0, 0, 3, 2, 1, 2, 1]
[0, 2, 1, 3, 2, 3, 0, 1, 1, 2]
[2, 0, 1, 2, 3, 2, 1, 0, 1, 3]
[2, 1, 3, 3, 3, 0, 0, 2, 2, 1]
[1, 2, 2, 3, 0, 1, 2, 3, 0, 1]
[2, 3, 3, 0, 1, 2, 1, 2, 1, 0]
[3, 3, 2, 1, 1, 2, 0, 0, 3, 2]
[0, 2, 0, 1, 2, 1, 3, 3, 2, 1]
[2, 1, 1, 0, 1, 2, 0, 3, 3, 2]
[1, 3, 0, 1, 2, 1, 3, 3, 0, 2]
[1, 0, 1, 3, 3, 2, 2, 0, 2, 1]
[0, 1, 0, 0, 1, 1, 3, 2, 3, 2]
[1, 0, 3, 2, 0, 2, 2, 1, 1, 3]
[2, 1, 1, 0, 3, 0, 2, 3, 2, 0]
[1, 3, 0, 1, 0, 0, 3, 2, 2, 1]
[2, 0, 3, 2, 2, 3, 0, 1, 1, 0]
[0, 1, 1, 2, 2, 3, 0, 2, 1, 3]
[3, 2, 2, 3, 0, 1, 1, 3, 0, 1]
[1, 0, 2, 0, 0, 1, 3, 2, 3, 2]
[1, 3, 3, 2, 0, 0, 2, 1, 3, 2]
[1, 1, 0, 2, 3, 3, 0, 1, 2, 3]
[2, 0, 2, 1, 3, 0, 1, 2, 1, 3]
[3, 0, 3, 2, 0, 1, 1, 1, 2, 2]
[2, 3, 0, 0, 1, 1, 3, 2, 1, 3]
=====================================================================
Szabad noverek per nap:
[4, 7, 6, 8, 8, 6, 8, 5, 3, 4]
Szabad napok per nover:
[2, 2, 2, 2, 2, 2, 2, 2, 2, 2, 2, 2, 2, 2, 3, 2, 3, 3, 3, 2, 2, 3, 2, 2, 2, 2, 2]
=====================================================================
Delelott dolgoznak:
[9, 7, 7, 6, 6, 8, 5, 8, 10, 7]
Delutan dolgoznak:
[9, 6, 8, 7, 6, 7, 8, 8, 8, 8]
Ejjel dolgoznak:
[5, 7, 6, 6, 7, 6, 6, 6, 6, 8]
=====================================================================
