Nover Nap Alpha Beta Theta Switch Consecutive MaxIteration
 27    10    0.15  0.14   0.18    1     5        600000
=====================================================================
Kezdeti fitness: 0.06551853238487458
1		@0.0682793601248537		#7
2		@0.07099391480730223		#8
3		@0.07125407166123778		#152
4		@0.07300792657488527		#154
5		@0.07318348144276007		#221
6		@0.07410544145670125		#222
7		@0.07569204152249136		#224
8		@0.07592190889370933		#227
9		@0.07771733096480515		#240
10		@0.08002743797873559		#307
11		@0.08093421204763558		#308
12		@0.08214998239643236		#312
13		@0.08800603469952227		#313
14		@0.09369562307589345		#440
15		@0.09761539534235113		#1192
16		@0.09792949076664802		#1201
17		@0.10048808498420901		#4544
18		@0.10152284263959391		#8772
19		@0.10217486498321413		#8777
20		@0.10548523206751054		#22525
21		@0.10834236186348863		#22531
22		@0.11001100110011001		#22534
23		@0.1110582262414723		#72508
24		@0.11210762331838565		#155150
25		@0.11543535620052772		#155152
26		@0.11547344110854503		#155154
27		@0.11627906976744184		#362292
28		@0.11672502918125728		#371386
29		@0.1183431952662722		#371387
30		@0.12233484795526037		#371407
31		@0.12442232492001422		#371408
32		@0.12598992080633548		#371412
33		@0.12727272727272726		#371420
=====================================================================
Napok szerint dolgoznak: (0-szabad, 1-delelott, 2-delutan, 3-ejjel)
[2, 2, 0, 3, 0, 1, 0, 1, 3, 2]
[2, 0, 3, 2, 1, 1, 0, 1, 0, 3]
[3, 2, 1, 0, 3, 2, 2, 1, 0, 1]
[1, 1, 0, 2, 3, 3, 2, 2, 0, 3]
[1, 2, 3, 0, 3, 0, 2, 1, 2, 1]
[3, 2, 1, 1, 0, 1, 0, 2, 2, 3]
[0, 1, 3, 2, 0, 1, 1, 2, 2, 3]
[0, 1, 3, 2, 1, 1, 0, 3, 2, 2]
[3, 0, 3, 3, 2, 2, 1, 0, 1, 2]
[1, 0, 1, 2, 2, 2, 0, 3, 3, 0]
[0, 3, 2, 2, 1, 3, 3, 0, 1, 1]
[3, 2, 0, 1, 1, 1, 3, 0, 3, 2]
[3, 0, 1, 2, 1, 2, 1, 3, 0, 2]
[1, 1, 0, 0, 2, 2, 3, 2, 3, 0]
[2, 1, 1, 2, 0, 3, 3, 0, 1, 3]
[3, 3, 2, 0, 0, 2, 3, 2, 1, 1]
[2, 1, 3, 0, 1, 0, 2, 1, 2, 3]
[1, 3, 3, 0, 1, 0, 2, 2, 2, 1]
[3, 3, 2, 1, 2, 0, 3, 2, 1, 0]
[1, 0, 1, 2, 3, 3, 0, 2, 2, 1]
[1, 1, 2, 1, 0, 0, 2, 3, 2, 3]
[2, 3, 2, 1, 3, 0, 2, 1, 0, 1]
[3, 2, 1, 3, 2, 0, 1, 2, 0, 1]
[1, 0, 2, 2, 2, 1, 1, 3, 0, 3]
[0, 3, 2, 0, 1, 2, 3, 2, 1, 1]
[2, 3, 0, 1, 2, 1, 1, 0, 3, 2]
[0, 2, 2, 1, 3, 3, 0, 0, 1, 2]
=====================================================================
Szabad noverek per nap:
[5, 6, 5, 7, 6, 7, 7, 6, 7, 3]
Szabad napok per nover:
[3, 3, 2, 2, 2, 2, 2, 2, 2, 3, 2, 2, 2, 3, 2, 2, 2, 2, 2, 2, 2, 2, 2, 2, 2, 2, 3]
=====================================================================
Delelott dolgoznak:
[8, 7, 7, 7, 8, 8, 6, 6, 7, 9]
Delutan dolgoznak:
[6, 7, 8, 10, 7, 7, 7, 10, 8, 7]
Ejjel dolgoznak:
[8, 7, 7, 3, 6, 5, 7, 5, 5, 8]
=====================================================================
