Nover Nap Alpha Beta Theta Switch Consecutive MaxIteration
 27    10    0.15  0.14   0.18    1     5        600000
=====================================================================
Kezdeti fitness: 0.09812167087188114
1		@0.09828699803426005		#113
2		@0.09903791737408037		#118
3		@0.10532651218778213		#119
4		@0.11041009463722398		#120
5		@0.11102299762093577		#1741
6		@0.11668611435239207		#5938
7		@0.1191895113230036		#5941
8		@0.12180267965895251		#5942
9		@0.12242042672263029		#104438
10		@0.12477718360071301		#104440
11		@0.1248884924174844		#104442
12		@0.12776054024457018		#104444
13		@0.13490075158990172		#299882
14		@0.1394422310756972		#438394
15		@0.14101531023368252		#438399
16		@0.14855687606112056		#438400
=====================================================================
Napok szerint dolgoznak: (0-szabad, 1-delelott, 2-delutan, 3-ejjel)
[3, 2, 2, 0, 1, 1, 2, 3, 0, 1]
[0, 2, 1, 3, 2, 3, 2, 0, 1, 3]
[2, 1, 0, 2, 2, 3, 0, 1, 0, 3]
[1, 2, 0, 3, 0, 1, 1, 3, 3, 2]
[2, 1, 0, 3, 3, 2, 2, 1, 0, 1]
[3, 0, 2, 1, 2, 0, 1, 1, 3, 2]
[1, 1, 1, 0, 2, 3, 0, 2, 3, 2]
[3, 2, 0, 1, 0, 1, 1, 3, 0, 2]
[3, 2, 3, 0, 1, 1, 0, 1, 2, 3]
[2, 1, 3, 2, 1, 2, 3, 0, 1, 0]
[0, 3, 2, 0, 3, 0, 1, 1, 2, 1]
[0, 3, 2, 1, 0, 1, 3, 2, 3, 2]
[1, 0, 1, 1, 0, 2, 2, 3, 3, 3]
[3, 0, 1, 2, 3, 0, 1, 3, 2, 1]
[1, 0, 2, 0, 1, 2, 3, 3, 2, 3]
[0, 3, 3, 2, 2, 3, 0, 1, 1, 2]
[0, 1, 2, 3, 0, 1, 1, 3, 3, 2]
[2, 3, 0, 1, 1, 0, 3, 2, 2, 3]
[1, 2, 2, 3, 3, 0, 3, 2, 0, 1]
[0, 3, 3, 2, 3, 2, 2, 1, 0, 1]
[1, 2, 1, 3, 2, 3, 2, 3, 0, 0]
[2, 1, 1, 0, 3, 0, 2, 0, 3, 2]
[0, 1, 3, 3, 2, 0, 3, 2, 1, 2]
[2, 3, 3, 2, 0, 1, 1, 0, 1, 2]
[1, 3, 0, 0, 3, 2, 3, 2, 1, 2]
[1, 0, 0, 1, 0, 2, 2, 2, 3, 3]
[3, 0, 1, 2, 1, 1, 2, 0, 3, 2]
=====================================================================
Szabad noverek per nap:
[7, 6, 7, 7, 7, 7, 4, 5, 7, 2]
Szabad napok per nover:
[2, 2, 3, 2, 2, 2, 2, 3, 2, 2, 3, 2, 2, 2, 2, 2, 2, 2, 2, 2, 2, 3, 2, 2, 2, 3, 2]
=====================================================================
Delelott dolgoznak:
[8, 7, 7, 6, 6, 8, 7, 7, 6, 6]
Delutan dolgoznak:
[6, 7, 7, 7, 7, 7, 9, 7, 5, 12]
Ejjel dolgoznak:
[6, 7, 6, 7, 7, 5, 7, 8, 9, 7]
=====================================================================
