Nover Nap Alpha Beta Theta Switch Consecutive MaxIteration
 27    10    0.15  0.14   0.18    1     5        600000
=====================================================================
Kezdeti fitness: 0.08632383771118511
1		@0.08734714250062389		#21
2		@0.08842849924204142		#23
3		@0.09026434558349451		#25
4		@0.09109838625715772		#1664
5		@0.092263081586925		#2023
6		@0.096140640021975		#2024
7		@0.0995874235310855		#2026
8		@0.10140518615094886		#2027
9		@0.10286554004408523		#2037
10		@0.10424422933730454		#2041
11		@0.10705000764642911		#2069
12		@0.11109347722583715		#2887
13		@0.11417387049420975		#20421
14		@0.11762728953117124		#20425
15		@0.13101253977166386		#79069
16		@0.13280212483399734		#79070
=====================================================================
Napok szerint dolgoznak: (0-szabad, 1-delelott, 2-delutan, 3-ejjel)
[2, 3, 3, 0, 1, 2, 0, 1, 2, 1]
[0, 3, 0, 2, 0, 2, 1, 1, 1, 3]
[1, 0, 0, 3, 3, 3, 2, 1, 1, 2]
[3, 0, 3, 2, 1, 2, 0, 0, 2, 1]
[1, 0, 1, 1, 3, 2, 2, 2, 3, 0]
[3, 3, 2, 1, 0, 1, 2, 0, 1, 3]
[1, 1, 0, 1, 3, 3, 3, 2, 0, 2]
[0, 2, 1, 1, 0, 3, 2, 2, 1, 3]
[1, 2, 0, 1, 2, 0, 1, 3, 3, 2]
[2, 3, 2, 0, 0, 3, 2, 1, 0, 1]
[0, 0, 1, 3, 0, 1, 2, 2, 3, 2]
[3, 2, 3, 2, 3, 0, 1, 1, 0, 2]
[2, 1, 2, 3, 2, 1, 0, 3, 0, 1]
[1, 1, 2, 3, 0, 2, 1, 2, 3, 0]
[2, 1, 1, 3, 2, 3, 0, 1, 0, 0]
[2, 0, 1, 3, 0, 1, 3, 2, 2, 1]
[3, 2, 0, 0, 1, 2, 1, 3, 2, 1]
[1, 3, 2, 0, 1, 0, 2, 2, 3, 0]
[1, 3, 2, 0, 3, 2, 1, 0, 2, 3]
[0, 2, 1, 2, 0, 1, 3, 3, 3, 2]
[0, 1, 3, 2, 2, 3, 0, 1, 2, 1]
[3, 3, 2, 3, 2, 1, 1, 0, 2, 0]
[2, 2, 3, 0, 1, 1, 3, 0, 3, 2]
[1, 2, 1, 1, 2, 0, 0, 3, 2, 3]
[2, 1, 3, 0, 2, 3, 0, 1, 1, 2]
[3, 0, 2, 1, 2, 1, 3, 0, 1, 2]
[1, 0, 1, 2, 1, 3, 2, 0, 2, 3]
=====================================================================
Szabad noverek per nap:
[5, 7, 5, 7, 8, 4, 7, 7, 5, 5]
Szabad napok per nover:
[2, 3, 2, 3, 2, 2, 2, 2, 2, 3, 3, 2, 2, 2, 3, 2, 2, 3, 2, 2, 2, 2, 2, 2, 2, 2, 2]
=====================================================================
Delelott dolgoznak:
[9, 6, 8, 7, 6, 8, 7, 8, 6, 7]
Delutan dolgoznak:
[7, 7, 8, 6, 8, 7, 8, 7, 9, 9]
Ejjel dolgoznak:
[6, 7, 6, 7, 5, 8, 5, 5, 7, 6]
=====================================================================
