Nover Nap Alpha Beta Theta Switch Consecutive MaxIteration
 27    10    0.15  0.14   0.18    1     5        600000
=====================================================================
Kedeti fitness: 0.05547630369313679
1		@0.05579467559381476		#4
2		@0.057353543629659984		#13
3		@0.058299325393520444		#20
4		@0.05881364476558562		#27
5		@0.060085836909871244		#29
6		@0.0628027992104791		#31
7		@0.06611258027956177		#39
8		@0.06808014005057382		#40
9		@0.07087889833940866		#44
10		@0.07424692405600339		#45
11		@0.07583965330444203		#46
12		@0.08020164986251145		#49
13		@0.0807009453539313		#51
14		@0.0848279205041202		#52
15		@0.08482792050412023		#55
16		@0.08614324390844202		#57
17		@0.08724915866882714		#63
18		@0.0892515619023333		#65
19		@0.09221446449743116		#70
20		@0.09581166164796058		#72
21		@0.09618026930475405		#75
22		@0.09787472035794184		#79
23		@0.09937535491198184		#85
24		@0.10077742585660811		#86
25		@0.10291090855630697		#88
26		@0.1048532055122828		#94
27		@0.10641532380662816		#99
28		@0.11034047919293824		#101
29		@0.11261261261261263		#104
30		@0.12254901960784313		#105
31		@0.12991833704528583		#107
32		@0.13167795334838225		#119
33		@0.13938669852648347		#122
34		@0.1451077943615257		#132
35		@0.14833651197287562		#133
36		@0.15057001505700152		#148
37		@0.15233949945593037		#170
38		@0.1566345938688745		#192
39		@0.1611789085885333		#218
40		@0.16248839368616527		#230
41		@0.16957364341085274		#236
42		@0.17491254372813594		#244
43		@0.1780264496439471		#295
44		@0.18134715025906736		#344
45		@0.18641810918774965		#370
46		@0.18995929443690637		#410
47		@0.19374481040686412		#453
48		@0.1975726785210274		#495
49		@0.2006305531670966		#530
50		@0.20196191575302944		#553
51		@0.21014710297208045		#589
52		@0.22243406418811568		#729
53		@0.24398745207389333		#779
54		@0.2500893176134334		#781
55		@0.27483313702394974		#1123
56		@0.2788844621513944		#1881
=====================================================================
Napok szerint dolgoznak: (0-szabad, 1-delelott, 2-delutan, 3-ejjel)
[2, 0, 3, 0, 2, 3, 0, 1, 1, 2]
[3, 0, 2, 1, 2, 1, 1, 0, 2, 3]
[2, 2, 1, 0, 2, 3, 0, 1, 3, 0]
[2, 3, 2, 1, 3, 0, 1, 1, 2, 0]
[1, 1, 0, 3, 3, 2, 3, 2, 0, 2]
[3, 2, 1, 0, 1, 3, 0, 2, 2, 0]
[2, 2, 3, 2, 1, 0, 1, 0, 1, 3]
[0, 3, 2, 1, 2, 1, 0, 2, 1, 3]
[2, 1, 2, 2, 0, 0, 1, 1, 3, 3]
[3, 0, 0, 2, 1, 1, 0, 2, 2, 3]
[1, 0, 2, 2, 3, 2, 1, 0, 3, 0]
[3, 0, 2, 3, 0, 1, 0, 2, 1, 1]
[1, 1, 1, 2, 3, 0, 2, 3, 2, 0]
[2, 3, 3, 3, 0, 2, 2, 1, 1, 0]
[3, 0, 1, 3, 2, 1, 0, 3, 2, 1]
[2, 1, 3, 2, 1, 0, 2, 3, 0, 1]
[2, 2, 3, 0, 1, 0, 3, 0, 1, 2]
[0, 3, 2, 1, 0, 3, 2, 1, 2, 1]
[2, 2, 0, 1, 0, 1, 2, 1, 3, 3]
[1, 0, 1, 2, 1, 0, 3, 3, 2, 2]
[3, 2, 0, 0, 1, 1, 1, 2, 3, 2]
[1, 2, 1, 0, 3, 3, 3, 0, 2, 2]
[2, 1, 1, 1, 0, 2, 3, 0, 3, 2]
[2, 3, 0, 1, 0, 3, 2, 3, 2, 1]
[1, 3, 0, 3, 2, 2, 2, 0, 1, 1]
[2, 1, 3, 0, 2, 2, 1, 3, 0, 1]
[1, 1, 0, 3, 3, 2, 3, 2, 2, 0]
=====================================================================
Szabad noverek per nap:
[2, 7, 7, 7, 7, 7, 7, 7, 3, 7]
Szabad napok per nover:
[3, 2, 3, 2, 2, 3, 2, 2, 2, 3, 3, 3, 2, 2, 2, 2, 3, 2, 2, 2, 2, 2, 2, 2, 2, 2, 2]
=====================================================================
Delelott dolgoznak:
[7, 7, 7, 7, 7, 7, 7, 7, 7, 7]
Delutan dolgoznak:
[12, 7, 7, 7, 7, 7, 7, 7, 11, 7]
Ejjel dolgoznak:
[6, 6, 6, 6, 6, 6, 6, 6, 6, 6]
=====================================================================
