Nover Nap Alpha Beta Theta Switch Consecutive MaxIteration
 27    10    0.15  0.14   0.18    1     5        600000
=====================================================================
Kedeti fitness: 0.05649717514124295
1		@0.0566159818828858		#2
2		@0.056625141562853906		#5
3		@0.0578034682080925		#8
4		@0.059031877213695405		#9
5		@0.06031363088057902		#23
6		@0.0627465041233417		#24
7		@0.06346328195829556		#36
8		@0.06461140852870594		#37
9		@0.06581421587062806		#39
10		@0.06741140215716487		#42
11		@0.07033762057877814		#46
12		@0.07161125319693094		#48
13		@0.07233646791360959		#52
14		@0.07436523956230745		#58
15		@0.07507507507507509		#61
16		@0.07700770077007701		#62
17		@0.0771604938271605		#64
18		@0.07776049766718507		#65
19		@0.07794232268121591		#66
20		@0.08069164265129683		#74
21		@0.08310578178796153		#84
22		@0.0851063829787234		#87
23		@0.09216589861751154		#89
24		@0.0950957750305665		#93
25		@0.09696633882809255		#97
26		@0.10047366154729441		#123
27		@0.10232422160502852		#145
28		@0.10626992561105207		#153
29		@0.10834236186348863		#157
30		@0.11049723756906078		#159
31		@0.11176752355101388		#162
32		@0.1175088131609871		#171
33		@0.1215488800138913		#172
34		@0.12269938650306751		#176
35		@0.12836970474967907		#177
36		@0.1345895020188425		#178
37		@0.1364256480218281		#198
38		@0.14039310068190936		#215
39		@0.1440922190201729		#229
40		@0.14477766287487073		#231
41		@0.15327348368732208		#245
42		@0.15391380826737028		#262
43		@0.16188714153561515		#278
44		@0.16682554814108674		#280
45		@0.16851227732306212		#309
46		@0.17811704834605596		#379
47		@0.18756698821007498		#471
48		@0.18934271030565322		#581
49		@0.1960235228227387		#611
50		@0.2082713478131508		#805
51		@0.21283064761325624		#927
52		@0.22646392753154312		#1060
53		@0.23011176857330698		#1572
54		@0.23387905111927831		#1591
55		@0.242382271468144		#1846
=====================================================================
Napok szerint dolgoznak: (0-szabad, 1-delelott, 2-delutan, 3-ejjel)
[2, 2, 1, 0, 2, 3, 0, 1, 3, 3]
[3, 2, 0, 3, 2, 2, 1, 1, 0, 3]
[1, 3, 3, 2, 1, 0, 2, 2, 0, 1]
[1, 1, 1, 3, 0, 2, 3, 0, 2, 2]
[1, 3, 2, 3, 0, 2, 1, 0, 1, 3]
[2, 3, 3, 2, 1, 0, 1, 3, 0, 2]
[1, 3, 3, 0, 3, 0, 2, 2, 2, 1]
[2, 1, 2, 1, 0, 2, 0, 1, 3, 3]
[2, 0, 3, 2, 2, 1, 1, 0, 1, 3]
[3, 0, 2, 1, 2, 1, 0, 3, 3, 2]
[2, 0, 1, 3, 3, 3, 0, 1, 1, 2]
[3, 0, 0, 1, 1, 3, 0, 2, 2, 1]
[0, 1, 1, 0, 3, 0, 2, 1, 3, 2]
[3, 2, 3, 0, 1, 0, 2, 2, 1, 1]
[2, 1, 3, 0, 1, 2, 0, 1, 3, 3]
[1, 2, 1, 1, 0, 3, 2, 3, 2, 0]
[1, 2, 3, 0, 2, 1, 3, 3, 0, 2]
[3, 3, 0, 2, 0, 1, 1, 2, 1, 3]
[2, 3, 0, 2, 1, 1, 3, 0, 2, 3]
[0, 1, 1, 3, 0, 3, 2, 3, 2, 1]
[3, 0, 2, 2, 3, 2, 3, 0, 1, 1]
[2, 2, 2, 1, 3, 0, 1, 1, 3, 0]
[3, 2, 0, 3, 2, 1, 1, 2, 0, 3]
[2, 1, 0, 1, 3, 3, 3, 2, 0, 2]
[1, 1, 1, 3, 0, 2, 2, 3, 3, 0]
[2, 3, 0, 2, 2, 1, 3, 0, 1, 1]
[2, 0, 2, 1, 1, 3, 0, 3, 2, 3]
=====================================================================
Szabad noverek per nap:
[2, 6, 7, 6, 7, 6, 7, 6, 6, 3]
Szabad napok per nover:
[2, 2, 2, 2, 2, 2, 2, 2, 2, 2, 2, 3, 3, 2, 2, 2, 2, 2, 2, 2, 2, 2, 2, 2, 2, 2, 2]
=====================================================================
Delelott dolgoznak:
[7, 7, 7, 7, 7, 7, 7, 7, 7, 7]
Delutan dolgoznak:
[11, 7, 6, 7, 7, 7, 7, 7, 7, 7]
Ejjel dolgoznak:
[7, 7, 7, 7, 6, 7, 6, 7, 7, 10]
=====================================================================
