Nover Nap Alpha Beta Theta Switch Consecutive MaxIteration
 27    10    0.15  0.14   0.18    1     5        600000
=====================================================================
Kedeti fitness: 0.06377551020408163
1		@0.06454587367450437		#0
2		@0.0653045993096371		#3
3		@0.06606890042472864		#4
4		@0.06668571972944651		#12
5		@0.06731416482354073		#13
6		@0.0698393694502644		#18
7		@0.07229911175376988		#33
8		@0.07547983610092733		#38
9		@0.07981755986316989		#40
10		@0.08320456436467372		#47
11		@0.0856269113149847		#61
12		@0.08821676118462508		#70
13		@0.08931989281612862		#86
14		@0.0916350307631889		#88
15		@0.09294914354003452		#92
16		@0.09488952148569878		#93
17		@0.09516041326808047		#94
18		@0.09610104338275673		#95
19		@0.10143457469931894		#99
20		@0.10731258623332823		#102
21		@0.10927255697783328		#107
22		@0.11243173787343398		#110
23		@0.11748909029875798		#113
24		@0.12114918656974731		#120
25		@0.12446657183499286		#122
26		@0.12900847769996313		#128
27		@0.13443441521029384		#135
28		@0.14047762392133253		#161
29		@0.14629049111807732		#167
30		@0.14774166314900802		#171
31		@0.1511879049676026		#181
32		@0.1530389156099694		#190
33		@0.15779981965734896		#194
34		@0.16241299303944315		#217
35		@0.16501650165016502		#220
36		@0.17232890201871		#235
37		@0.17262638717632553		#248
38		@0.18008747105737075		#249
39		@0.18975332068311196		#258
40		@0.19068373740125305		#262
41		@0.19591379792891128		#264
42		@0.2190923317683881		#292
43		@0.22414345180915785		#318
44		@0.2393162393162393		#326
45		@0.24030209406110542		#514
46		@0.24743725698126545		#593
47		@0.25371511417180137		#665
48		@0.26585643752373717		#685
49		@0.2792181890706023		#688
50		@0.2942412778478352		#694
51		@0.3109729009329187		#701
52		@0.32095369096744614		#709
53		@0.32618825722274		#906
54		@0.34296913277804997		#1043
55		@0.3823047515019115		#1044
56		@0.3975014196479273		#1069
=====================================================================
Napok szerint dolgoznak: (0-szabad, 1-delelott, 2-delutan, 3-ejjel)
[0, 2, 2, 3, 3, 2, 0, 1, 1, 3]
[2, 2, 2, 0, 1, 1, 3, 3, 0, 1]
[1, 0, 2, 0, 0, 3, 3, 2, 1, 2]
[2, 3, 3, 2, 0, 1, 1, 0, 2, 1]
[1, 3, 0, 2, 3, 0, 3, 2, 2, 1]
[0, 1, 1, 3, 0, 3, 2, 2, 1, 2]
[3, 3, 0, 1, 2, 2, 3, 0, 1, 2]
[3, 2, 1, 1, 2, 0, 0, 1, 3, 2]
[0, 1, 1, 3, 0, 2, 0, 3, 2, 1]
[2, 1, 3, 3, 3, 0, 2, 1, 1, 0]
[1, 3, 0, 2, 2, 1, 0, 2, 0, 3]
[0, 1, 1, 1, 0, 3, 2, 3, 2, 0]
[1, 2, 0, 2, 1, 2, 3, 0, 1, 3]
[2, 0, 1, 1, 3, 3, 3, 0, 1, 2]
[2, 3, 3, 0, 2, 1, 1, 3, 0, 1]
[3, 2, 0, 1, 1, 3, 0, 2, 2, 0]
[1, 0, 2, 1, 1, 0, 2, 3, 3, 3]
[3, 0, 2, 2, 3, 3, 2, 0, 1, 1]
[3, 2, 3, 2, 0, 1, 1, 2, 1, 0]
[0, 2, 1, 0, 3, 0, 1, 1, 2, 3]
[2, 3, 0, 0, 1, 1, 1, 2, 3, 0]
[1, 1, 2, 3, 2, 0, 2, 1, 3, 0]
[3, 0, 2, 1, 1, 2, 3, 0, 2, 1]
[3, 0, 3, 2, 1, 1, 2, 1, 0, 3]
[2, 1, 0, 3, 2, 2, 1, 0, 3, 3]
[1, 1, 1, 0, 0, 2, 0, 3, 3, 2]
[2, 3, 3, 0, 2, 0, 1, 1, 3, 2]
=====================================================================
Szabad noverek per nap:
[5, 6, 7, 7, 7, 7, 6, 7, 4, 6]
Szabad napok per nover:
[2, 2, 3, 2, 2, 2, 2, 2, 3, 2, 3, 3, 2, 2, 2, 3, 2, 2, 2, 3, 3, 2, 2, 2, 2, 3, 2]
=====================================================================
Delelott dolgoznak:
[7, 7, 7, 7, 7, 7, 7, 7, 9, 7]
Delutan dolgoznak:
[8, 7, 7, 7, 7, 7, 7, 7, 7, 7]
Ejjel dolgoznak:
[7, 7, 6, 6, 6, 6, 7, 6, 7, 7]
=====================================================================
