Nover Nap Alpha Beta Theta Switch Consecutive MaxIteration
 27    10    0.15  0.14   0.18    1     5        600000
=====================================================================
Kedeti fitness: 0.0575752590886659
1		@0.058621555983585975		#5
2		@0.0587248322147651		#7
3		@0.06020987441940478		#18
4		@0.06154387198874625		#30
5		@0.06439742410303588		#33
6		@0.06511022230490186		#35
7		@0.0654940119760479		#36
8		@0.0658080285794867		#42
9		@0.06740491092922485		#47
10		@0.06823277122526562		#48
11		@0.0699510342760068		#50
12		@0.07018247443352717		#53
13		@0.07188334360238242		#54
14		@0.07282563462338744		#57
15		@0.07357578305654824		#63
16		@0.07879333633498424		#76
17		@0.08042279411764706		#77
18		@0.08282063416942735		#86
19		@0.08288928359976318		#94
20		@0.08600565179997542		#96
21		@0.08735804317983277		#110
22		@0.09233610341643585		#111
23		@0.09541984732824428		#114
24		@0.09782001117942986		#118
25		@0.10327530244910005		#127
26		@0.10968348480100282		#133
27		@0.11452879581151833		#134
28		@0.1220788280432508		#153
29		@0.12508934953538242		#171
30		@0.12996658002227998		#172
31		@0.13523956723338484		#185
32		@0.1460463175464219		#193
33		@0.15600624024961		#212
34		@0.16103059581320447		#216
35		@0.16366612111292964		#248
36		@0.16374269005847952		#264
37		@0.16871535309713181		#289
38		@0.18435607058203846		#293
39		@0.20473822755191576		#319
40		@0.20814748736247393		#378
41		@0.21270130659374048		#423
42		@0.21406727828746175		#459
43		@0.21732381248059604		#529
44		@0.22116903633491308		#660
45		@0.2227880330999363		#668
46		@0.2304906157392163		#745
47		@0.2428026361429067		#747
48		@0.2456140350877193		#857
49		@0.24761230986911917		#1145
50		@0.250536864710093		#1858
51		@0.2603198214949795		#1873
52		@0.2674818494459304		#2188
=====================================================================
Napok szerint dolgoznak: (0-szabad, 1-delelott, 2-delutan, 3-ejjel)
[2, 1, 1, 0, 0, 3, 2, 0, 3, 2]
[0, 1, 3, 2, 3, 3, 0, 2, 1, 2]
[3, 0, 1, 2, 2, 0, 2, 1, 3, 3]
[2, 0, 2, 3, 3, 0, 1, 2, 1, 3]
[0, 1, 3, 0, 1, 2, 2, 0, 1, 3]
[0, 3, 2, 1, 2, 1, 0, 3, 2, 1]
[0, 1, 3, 2, 2, 3, 0, 1, 2, 0]
[2, 0, 1, 2, 0, 1, 1, 3, 3, 3]
[2, 2, 1, 1, 3, 0, 3, 3, 0, 1]
[2, 1, 0, 3, 2, 2, 1, 0, 1, 3]
[1, 3, 0, 2, 1, 3, 0, 2, 1, 3]
[3, 2, 1, 0, 0, 3, 2, 1, 2, 1]
[1, 1, 2, 3, 2, 0, 1, 3, 3, 0]
[2, 1, 3, 3, 3, 0, 2, 1, 2, 0]
[0, 1, 2, 1, 1, 2, 0, 3, 3, 2]
[3, 2, 0, 2, 1, 1, 2, 1, 0, 3]
[0, 1, 1, 2, 0, 1, 3, 0, 3, 2]
[1, 3, 0, 1, 2, 3, 2, 1, 0, 2]
[2, 3, 3, 0, 3, 2, 1, 0, 1, 1]
[1, 3, 3, 0, 1, 2, 3, 0, 2, 2]
[3, 2, 0, 1, 1, 0, 1, 3, 2, 2]
[1, 3, 0, 1, 1, 3, 0, 2, 3, 2]
[3, 2, 2, 0, 3, 2, 0, 1, 1, 1]
[1, 2, 0, 1, 0, 2, 3, 3, 2, 1]
[1, 3, 2, 3, 0, 1, 3, 2, 0, 1]
[3, 2, 2, 3, 0, 1, 1, 2, 0, 1]
[3, 0, 1, 3, 2, 1, 3, 2, 0, 1]
=====================================================================
Szabad noverek per nap:
[6, 4, 7, 6, 7, 6, 7, 6, 6, 3]
Szabad napok per nover:
[3, 2, 2, 2, 3, 2, 3, 2, 2, 2, 2, 2, 2, 2, 2, 2, 3, 2, 2, 2, 2, 2, 2, 2, 2, 2, 2]
=====================================================================
Delelott dolgoznak:
[7, 9, 7, 7, 7, 7, 7, 7, 7, 9]
Delutan dolgoznak:
[7, 7, 7, 7, 7, 7, 7, 7, 7, 8]
Ejjel dolgoznak:
[7, 7, 6, 7, 6, 7, 6, 7, 7, 7]
=====================================================================
