Nover Nap Alpha Beta Theta Switch Consecutive MaxIteration
 27    10    0.15  0.14   0.18    1     5        600000
=====================================================================
Kedeti fitness: 0.0645935221924887
1		@0.06565372350403302		#1
2		@0.06806690003889537		#10
3		@0.07291666666666667		#13
4		@0.07410544145670125		#14
5		@0.07828226347573251		#15
6		@0.0794010889292196		#25
7		@0.08055235903337168		#30
8		@0.0849514563106796		#34
9		@0.08582638548307994		#49
10		@0.08717310087173101		#51
11		@0.08778530223225482		#56
12		@0.0891946992864424		#59
13		@0.08981267641775725		#72
14		@0.09281357730045081		#77
15		@0.09348290598290598		#79
16		@0.0977107761027359		#86
17		@0.1006614897900489		#92
18		@0.10114145354717527		#98
19		@0.10698456365581537		#102
20		@0.11032308904649327		#104
21		@0.11625975751536288		#110
22		@0.11874469889737066		#117
23		@0.12129613585167218		#142
24		@0.12133818686080777		#144
25		@0.12623985572587917		#146
26		@0.12748133309051174		#149
27		@0.12912746725696364		#151
28		@0.13167795334838225		#225
29		@0.13677217663149668		#232
30		@0.14175779667881733		#254
31		@0.14712063892391763		#259
32		@0.1511879049676026		#268
33		@0.15350877192982457		#277
34		@0.1600731763091699		#294
35		@0.1620745542949757		#308
36		@0.1661918328584995		#310
37		@0.1683501683501683		#348
38		@0.17220172201722017		#351
39		@0.17771007870017771		#359
40		@0.1780264496439471		#361
41		@0.18469656992084432		#408
42		@0.20976925382079714		#418
43		@0.23018743834265043		#426
44		@0.23576961940047156		#447
45		@0.24162927166033826		#903
46		@0.2513464991023339		#921
47		@0.25371511417180137		#922
48		@0.2605135839225902		#967
49		@0.26748184944593045		#997
50		@0.27333073018352205		#2748
=====================================================================
Napok szerint dolgoznak: (0-szabad, 1-delelott, 2-delutan, 3-ejjel)
[2, 3, 2, 1, 0, 3, 2, 1, 3, 0]
[2, 3, 3, 0, 3, 2, 1, 0, 2, 1]
[3, 0, 1, 3, 2, 1, 0, 2, 1, 2]
[1, 1, 1, 2, 2, 0, 3, 2, 3, 0]
[1, 1, 0, 2, 2, 3, 2, 3, 0, 1]
[0, 1, 2, 3, 3, 2, 0, 3, 2, 1]
[3, 2, 1, 3, 0, 2, 1, 3, 2, 0]
[0, 1, 2, 1, 1, 0, 2, 3, 2, 3]
[2, 3, 3, 0, 0, 2, 1, 1, 0, 1]
[3, 0, 1, 1, 2, 1, 0, 2, 3, 2]
[2, 0, 0, 3, 2, 1, 2, 1, 0, 3]
[1, 2, 0, 1, 0, 3, 3, 3, 2, 2]
[2, 1, 3, 2, 3, 0, 0, 1, 2, 1]
[3, 0, 2, 2, 1, 3, 3, 0, 1, 1]
[0, 1, 1, 0, 3, 2, 3, 0, 1, 2]
[0, 3, 0, 3, 2, 1, 0, 1, 2, 2]
[1, 0, 0, 2, 3, 0, 2, 1, 1, 3]
[3, 3, 0, 1, 2, 1, 0, 2, 2, 1]
[1, 0, 3, 0, 1, 3, 2, 2, 2, 1]
[3, 2, 1, 1, 1, 0, 2, 0, 3, 3]
[3, 2, 2, 0, 1, 1, 1, 2, 3, 0]
[2, 0, 3, 3, 0, 1, 1, 2, 1, 3]
[2, 2, 2, 1, 0, 3, 0, 1, 1, 3]
[1, 2, 3, 2, 1, 0, 3, 0, 2, 1]
[2, 2, 3, 2, 1, 0, 1, 0, 1, 3]
[2, 1, 1, 0, 3, 2, 3, 0, 3, 2]
[1, 3, 2, 0, 0, 2, 1, 3, 3, 2]
=====================================================================
Szabad noverek per nap:
[4, 7, 6, 7, 7, 7, 7, 7, 3, 4]
Szabad napok per nover:
[2, 2, 2, 2, 2, 2, 2, 2, 3, 2, 3, 2, 2, 2, 3, 3, 3, 2, 2, 2, 2, 2, 2, 2, 2, 2, 2]
=====================================================================
Delelott dolgoznak:
[7, 7, 7, 7, 7, 7, 7, 7, 7, 9]
Delutan dolgoznak:
[9, 7, 7, 7, 7, 7, 7, 7, 10, 7]
Ejjel dolgoznak:
[7, 6, 7, 6, 6, 6, 6, 6, 7, 7]
=====================================================================
