Nover Nap Alpha Beta Theta Switch Consecutive MaxIteration
 27    10    0.15  0.14   0.18    2     5        250000
=====================================================================
Kezdeti fitness: 0.060370849504096595
1		@0.062045736571529876		#1
2		@0.06355547485019067		#8
3		@0.06477882657782714		#14
4		@0.06712696586114308		#16
5		@0.07103714227724782		#17
6		@0.0741839762611276		#24
7		@0.07743362831858407		#25
8		@0.07780371234856064		#417
9		@0.07823851570358781		#469
10		@0.0783435926133184		#485
11		@0.08483820143012968		#487
12		@0.0866765725606736		#489
13		@0.08812791136850058		#942
14		@0.09017132551848513		#944
15		@0.09132420091324202		#945
16		@0.09635237439779767		#1145
17		@0.09667173042397459		#1387
18		@0.09687240520343204		#2213
19		@0.09769713886950454		#7162
20		@0.10090817356205854		#8815
21		@0.10529482551143202		#8837
22		@0.11025358324145534		#12031
23		@0.11737089201877934		#12033
24		@0.11882532676964862		#84728
25		@0.11914893617021277		#84729
=====================================================================
Napok szerint dolgoznak: (0-szabad, 1-delelott, 2-delutan, 3-ejjel)
[1, 1, 3, 0, 1, 0, 2, 3, 2, 2]
[0, 1, 1, 2, 2, 3, 0, 0, 1, 3]
[2, 1, 0, 3, 0, 2, 1, 1, 3, 2]
[0, 3, 2, 2, 0, 1, 3, 2, 1, 1]
[3, 2, 0, 2, 2, 0, 1, 1, 3, 3]
[3, 2, 3, 2, 1, 0, 1, 0, 3, 2]
[1, 3, 2, 1, 3, 0, 3, 0, 1, 2]
[2, 2, 0, 1, 1, 0, 2, 0, 3, 3]
[3, 2, 0, 2, 1, 3, 0, 3, 2, 1]
[0, 2, 1, 3, 3, 2, 0, 2, 1, 1]
[2, 3, 3, 3, 0, 1, 1, 0, 2, 1]
[1, 1, 2, 2, 0, 1, 3, 3, 0, 2]
[3, 2, 1, 3, 3, 0, 1, 2, 1, 0]
[1, 2, 0, 1, 3, 3, 2, 2, 0, 1]
[1, 1, 1, 2, 2, 0, 2, 3, 0, 3]
[3, 3, 2, 1, 1, 0, 0, 2, 2, 1]
[3, 2, 1, 1, 0, 2, 2, 1, 3, 0]
[2, 0, 2, 1, 0, 1, 1, 3, 3, 3]
[0, 1, 1, 2, 2, 3, 3, 2, 1, 0]
[1, 0, 3, 0, 1, 3, 2, 1, 2, 3]
[2, 1, 2, 3, 3, 0, 2, 1, 0, 3]
[0, 2, 1, 1, 3, 2, 1, 0, 2, 3]
[2, 3, 0, 3, 3, 2, 0, 1, 1, 1]
[3, 0, 3, 3, 2, 1, 1, 2, 1, 0]
[3, 0, 1, 0, 1, 2, 1, 3, 2, 2]
[2, 1, 3, 2, 2, 1, 0, 0, 1, 3]
[0, 3, 2, 1, 2, 3, 0, 1, 1, 0]
=====================================================================
Szabad noverek per nap:
[6, 4, 6, 3, 6, 9, 7, 7, 4, 5]
Szabad napok per nover:
[2, 3, 2, 2, 2, 2, 2, 3, 2, 2, 2, 2, 2, 2, 2, 2, 2, 2, 2, 2, 2, 2, 2, 2, 2, 2, 3]
=====================================================================
Delelott dolgoznak:
[6, 8, 8, 8, 7, 6, 9, 7, 10, 7]
Delutan dolgoznak:
[7, 9, 7, 9, 7, 6, 7, 7, 7, 6]
Ejjel dolgoznak:
[8, 6, 6, 7, 7, 6, 4, 6, 6, 9]
=====================================================================
