Nover Nap Alpha Beta Theta Switch Consecutive MaxIteration
 27    10    0.15  0.14   0.18    2     5        250000
=====================================================================
Kezdeti fitness: 0.0665019950598518
1		@0.06965174129353235		#2
2		@0.07144315166360483		#4
3		@0.07332914309658496		#7
4		@0.07388642600802196		#10
5		@0.07584787084191137		#11
6		@0.07952738014087707		#554
7		@0.07985398129135296		#2893
8		@0.08108421174562726		#2894
9		@0.08479709267110844		#2896
10		@0.08592119798698909		#2897
11		@0.08966312283847828		#2899
12		@0.09002057613168724		#3725
13		@0.09089728606674456		#4263
14		@0.09225092250922509		#5941
15		@0.09404809888485828		#6249
16		@0.09517335146159077		#6336
17		@0.09535485628660946		#20950
18		@0.09777901941611955		#20998
19		@0.10139049826187717		#23114
20		@0.1025941667888026		#23119
21		@0.10384215991692629		#29828
22		@0.10482180293501049		#41157
23		@0.1064638783269962		#42238
24		@0.10891551268087755		#67528
=====================================================================
Napok szerint dolgoznak: (0-szabad, 1-delelott, 2-delutan, 3-ejjel)
[2, 1, 1, 1, 0, 2, 3, 3, 2, 0]
[3, 2, 3, 2, 0, 2, 1, 1, 0, 1]
[1, 0, 0, 3, 0, 1, 3, 2, 2, 1]
[2, 0, 1, 0, 2, 1, 2, 3, 3, 3]
[0, 3, 0, 1, 1, 3, 2, 2, 1, 3]
[0, 3, 0, 1, 2, 3, 0, 2, 1, 2]
[2, 1, 2, 2, 1, 1, 0, 3, 3, 0]
[0, 1, 3, 0, 3, 2, 1, 1, 2, 2]
[1, 1, 1, 3, 0, 2, 3, 0, 2, 3]
[3, 0, 3, 3, 2, 2, 0, 1, 2, 1]
[3, 0, 2, 1, 1, 2, 0, 1, 3, 2]
[0, 1, 3, 0, 2, 2, 3, 2, 1, 3]
[3, 0, 1, 1, 3, 3, 2, 0, 1, 2]
[3, 2, 1, 3, 2, 1, 1, 0, 2, 0]
[1, 0, 1, 1, 2, 3, 2, 0, 3, 3]
[3, 3, 2, 2, 2, 1, 0, 1, 1, 0]
[0, 3, 2, 2, 1, 0, 1, 2, 1, 3]
[1, 0, 2, 1, 3, 0, 2, 3, 2, 3]
[3, 2, 0, 1, 0, 1, 1, 2, 3, 2]
[3, 2, 1, 0, 0, 1, 3, 3, 2, 1]
[2, 3, 3, 2, 0, 1, 2, 0, 1, 1]
[1, 2, 0, 1, 1, 3, 0, 2, 3, 2]
[2, 2, 1, 3, 3, 0, 1, 1, 2, 0]
[1, 3, 2, 0, 2, 1, 0, 3, 2, 3]
[2, 0, 1, 3, 3, 2, 3, 0, 2, 1]
[1, 0, 3, 0, 1, 3, 2, 2, 2, 1]
[2, 1, 2, 2, 3, 3, 0, 0, 1, 1]
=====================================================================
Szabad noverek per nap:
[5, 9, 5, 6, 7, 3, 8, 7, 1, 5]
Szabad napok per nover:
[2, 2, 3, 2, 2, 3, 2, 2, 2, 2, 2, 2, 2, 2, 2, 2, 2, 2, 2, 2, 2, 2, 2, 2, 2, 2, 2]
=====================================================================
Delelott dolgoznak:
[7, 6, 9, 9, 6, 9, 6, 6, 8, 8]
Delutan dolgoznak:
[7, 6, 7, 6, 8, 8, 7, 8, 12, 6]
Ejjel dolgoznak:
[8, 6, 6, 6, 6, 7, 6, 6, 6, 8]
=====================================================================
