Nover Nap Alpha Beta Theta Switch Consecutive MaxIteration
 27    10    0.15  0.14   0.18    2     5        250000
=====================================================================
Kezdeti fitness: 0.060827250608272515
1		@0.0646711012564671		#5
2		@0.06847974955977304		#6
3		@0.06912897491605767		#22
4		@0.06996501749125436		#29
5		@0.07101552196408643		#42
6		@0.07193505292364608		#43
7		@0.07271216370624287		#82
8		@0.0744205826068467		#83
9		@0.07971757203052043		#113
10		@0.08138588536216719		#117
11		@0.0841852074564041		#153
12		@0.08548052265233852		#154
13		@0.08645177226133137		#338
14		@0.08690254500310367		#345
15		@0.08935409752361502		#1627
16		@0.09664503658704958		#1630
17		@0.09825940482874788		#1632
18		@0.09910802775024777		#1638
19		@0.09931895573212259		#1861
20		@0.10447761194029849		#1863
21		@0.10947763528307787		#1864
22		@0.10980392156862746		#39317
23		@0.1107419712070875		#39318
24		@0.11225144323284159		#39327
25		@0.11534025374855825		#233402
=====================================================================
Napok szerint dolgoznak: (0-szabad, 1-delelott, 2-delutan, 3-ejjel)
[2, 1, 3, 2, 0, 1, 2, 3, 0, 1]
[3, 2, 0, 1, 1, 1, 3, 2, 0, 3]
[0, 1, 3, 2, 1, 3, 0, 1, 2, 2]
[3, 2, 3, 0, 2, 1, 2, 1, 0, 1]
[3, 0, 2, 2, 1, 0, 1, 2, 1, 3]
[2, 2, 1, 3, 0, 3, 0, 2, 1, 1]
[1, 1, 0, 2, 3, 0, 2, 1, 3, 2]
[0, 1, 1, 0, 2, 2, 2, 3, 3, 0]
[0, 1, 2, 3, 3, 0, 2, 1, 1, 3]
[3, 3, 2, 1, 0, 1, 1, 2, 2, 0]
[1, 0, 1, 1, 2, 3, 3, 0, 2, 3]
[3, 2, 1, 3, 2, 1, 1, 0, 0, 2]
[0, 1, 1, 3, 2, 2, 1, 0, 3, 3]
[2, 3, 3, 2, 1, 0, 2, 1, 0, 3]
[2, 3, 2, 1, 3, 0, 0, 1, 0, 1]
[1, 2, 0, 1, 3, 2, 0, 1, 2, 3]
[2, 3, 0, 3, 2, 2, 1, 0, 1, 1]
[1, 3, 2, 1, 0, 0, 2, 2, 3, 3]
[3, 3, 2, 3, 0, 0, 1, 2, 1, 1]
[2, 1, 3, 0, 1, 3, 0, 1, 0, 2]
[2, 1, 0, 3, 0, 1, 1, 2, 2, 3]
[3, 2, 1, 2, 0, 1, 3, 2, 3, 0]
[2, 0, 2, 1, 3, 3, 0, 2, 1, 0]
[1, 3, 2, 0, 1, 3, 2, 1, 2, 0]
[2, 1, 2, 3, 2, 1, 0, 3, 0, 1]
[1, 1, 1, 2, 3, 0, 0, 3, 2, 2]
[1, 0, 3, 0, 1, 2, 1, 3, 3, 2]
=====================================================================
Szabad noverek per nap:
[4, 4, 5, 5, 7, 8, 8, 4, 8, 5]
Szabad napok per nover:
[2, 2, 2, 2, 2, 2, 2, 3, 2, 2, 2, 2, 2, 2, 3, 2, 2, 2, 2, 3, 2, 2, 3, 2, 2, 2, 2]
=====================================================================
Delelott dolgoznak:
[7, 10, 7, 7, 7, 8, 8, 9, 6, 7]
Delutan dolgoznak:
[9, 6, 9, 7, 7, 5, 8, 9, 7, 6]
Ejjel dolgoznak:
[7, 7, 6, 8, 6, 6, 3, 5, 6, 9]
=====================================================================
