Nover Nap Alpha Beta Theta Switch Consecutive MaxIteration
 27    10    0.15  0.14   0.18    2     5        250000
=====================================================================
Kezdeti fitness: 0.07497054728499518
1		@0.07544729467557663		#183
2		@0.07978117164349213		#184
3		@0.08307619273676715		#185
4		@0.08328375966686495		#189
5		@0.08613264427217916		#195
6		@0.08650519031141868		#198
7		@0.08944543828264759		#200
8		@0.0922874093605801		#205
9		@0.09579854933625291		#207
10		@0.0969126401772117		#268
11		@0.09788840721577403		#269
12		@0.1077752117013087		#271
13		@0.11174968071519793		#274
14		@0.11507479861910243		#1293
15		@0.11920980926430516		#11934
16		@0.12071046732195204		#14979
17		@0.12955765315565426		#14983
18		@0.1329282187618686		#83756
19		@0.1338432122370937		#178559
20		@0.13771394845563642		#178563
21		@0.13842198932173225		#179443
22		@0.13944223107569723		#179448
=====================================================================
Napok szerint dolgoznak: (0-szabad, 1-delelott, 2-delutan, 3-ejjel)
[2, 0, 3, 2, 1, 0, 1, 1, 2, 3]
[0, 1, 2, 3, 3, 0, 1, 2, 0, 1]
[0, 2, 1, 3, 2, 0, 1, 1, 3, 2]
[2, 0, 1, 3, 0, 3, 2, 2, 1, 1]
[0, 1, 0, 2, 0, 3, 2, 1, 1, 3]
[2, 3, 0, 2, 1, 2, 1, 0, 3, 0]
[2, 3, 3, 0, 1, 1, 0, 1, 2, 3]
[1, 2, 0, 1, 3, 2, 3, 3, 0, 1]
[1, 1, 1, 0, 0, 3, 3, 3, 2, 2]
[1, 0, 1, 1, 3, 2, 0, 3, 3, 2]
[3, 2, 3, 2, 0, 2, 3, 0, 1, 1]
[3, 3, 0, 1, 1, 0, 1, 2, 2, 3]
[3, 2, 0, 0, 1, 1, 3, 3, 2, 2]
[0, 1, 3, 3, 0, 0, 2, 1, 1, 2]
[2, 1, 2, 1, 3, 0, 3, 0, 2, 0]
[3, 0, 1, 2, 1, 3, 3, 2, 1, 0]
[0, 3, 2, 1, 0, 1, 1, 3, 2, 2]
[3, 2, 1, 1, 0, 3, 2, 0, 0, 1]
[1, 0, 3, 0, 1, 1, 0, 2, 3, 2]
[1, 3, 2, 0, 3, 3, 2, 1, 0, 1]
[1, 2, 2, 1, 2, 1, 0, 0, 3, 3]
[3, 0, 2, 2, 0, 3, 0, 1, 2, 1]
[3, 0, 1, 3, 2, 2, 1, 1, 0, 3]
[1, 0, 1, 0, 2, 1, 2, 2, 3, 3]
[0, 2, 1, 3, 0, 1, 3, 2, 1, 2]
[0, 1, 0, 3, 3, 0, 2, 1, 2, 1]
[1, 1, 0, 1, 3, 2, 2, 3, 0, 2]
=====================================================================
Szabad noverek per nap:
[7, 8, 7, 6, 9, 7, 5, 5, 6, 3]
Szabad napok per nover:
[2, 3, 2, 2, 3, 3, 2, 2, 2, 2, 2, 2, 2, 3, 3, 2, 2, 3, 3, 2, 2, 3, 2, 2, 2, 3, 2]
=====================================================================
Delelott dolgoznak:
[8, 7, 9, 8, 7, 7, 7, 9, 6, 8]
Delutan dolgoznak:
[5, 7, 6, 6, 4, 6, 8, 7, 9, 9]
Ejjel dolgoznak:
[7, 5, 5, 7, 7, 7, 7, 6, 6, 7]
=====================================================================
