Nover Nap Alpha Beta Theta Switch Consecutive MaxIteration
 27    10    0.15  0.14   0.18    2     5        250000
=====================================================================
Kezdeti fitness: 0.08
1		@0.08307619273676715		#1
2		@0.08832807570977919		#17
3		@0.09582477754962357		#1025
4		@0.09824561403508773		#1028
5		@0.0995449374288965		#1033
6		@0.10348905972797162		#1034
7		@0.10479041916167667		#1038
8		@0.10582010582010581		#41777
9		@0.10760953112990009		#41780
10		@0.1076095311299001		#86369
11		@0.1147352892968366		#86372
=====================================================================
Napok szerint dolgoznak: (0-szabad, 1-delelott, 2-delutan, 3-ejjel)
[1, 1, 0, 2, 1, 3, 2, 0, 3, 0]
[2, 0, 2, 1, 1, 0, 3, 2, 1, 3]
[1, 1, 0, 2, 3, 2, 1, 0, 3, 2]
[3, 3, 0, 1, 1, 2, 3, 2, 1, 0]
[0, 2, 3, 3, 2, 1, 0, 1, 0, 1]
[3, 2, 3, 2, 0, 0, 1, 2, 1, 1]
[1, 2, 0, 1, 3, 3, 2, 2, 1, 0]
[2, 0, 1, 2, 1, 3, 3, 2, 0, 1]
[2, 1, 0, 3, 3, 0, 2, 1, 1, 2]
[1, 0, 3, 3, 2, 1, 1, 2, 0, 2]
[3, 3, 2, 3, 2, 0, 1, 1, 1, 0]
[2, 3, 3, 0, 1, 2, 0, 1, 1, 2]
[2, 1, 1, 0, 2, 3, 0, 1, 3, 2]
[0, 3, 0, 1, 2, 1, 2, 1, 2, 3]
[0, 2, 1, 3, 2, 3, 3, 0, 2, 1]
[3, 2, 0, 1, 1, 2, 2, 0, 1, 3]
[3, 0, 2, 1, 1, 0, 3, 2, 1, 3]
[2, 2, 1, 3, 3, 3, 0, 0, 2, 1]
[2, 2, 3, 0, 1, 1, 0, 2, 3, 3]
[1, 3, 3, 2, 0, 3, 0, 1, 2, 1]
[1, 2, 1, 2, 0, 1, 0, 3, 2, 3]
[1, 0, 2, 1, 3, 2, 3, 0, 2, 1]
[1, 0, 2, 3, 3, 2, 1, 0, 2, 1]
[1, 1, 3, 0, 1, 2, 3, 2, 3, 0]
[2, 1, 2, 0, 3, 0, 1, 1, 3, 2]
[0, 1, 1, 0, 2, 1, 2, 3, 3, 2]
[3, 3, 2, 1, 0, 3, 2, 1, 0, 1]
=====================================================================
Szabad noverek per nap:
[4, 6, 7, 6, 4, 6, 7, 7, 4, 5]
Szabad napok per nover:
[3, 2, 2, 2, 3, 2, 2, 2, 2, 2, 2, 2, 2, 2, 2, 2, 2, 2, 2, 2, 2, 2, 2, 2, 2, 2, 2]
=====================================================================
Delelott dolgoznak:
[9, 7, 6, 8, 9, 6, 6, 9, 9, 9]
Delutan dolgoznak:
[8, 8, 7, 6, 7, 7, 7, 9, 7, 7]
Ejjel dolgoznak:
[6, 6, 7, 7, 7, 8, 7, 2, 7, 6]
=====================================================================
