Nover Nap Alpha Beta Theta Switch Consecutive MaxIteration
 27    10    0.15  0.14   0.18    2     5        250000
=====================================================================
Kezdeti fitness: 0.07119609438567942
1		@0.0756266205704408		#1
2		@0.0771264874394006		#2
3		@0.07722007722007722		#82
4		@0.0783348254252462		#83
5		@0.08468424872973628		#84
6		@0.08621751447222564		#89
7		@0.087576629550857		#92
8		@0.08962868117797694		#129
9		@0.0931842385516507		#1727
10		@0.09568069983597594		#1739
11		@0.09651178822556183		#7117
12		@0.1020705745115194		#9079
13		@0.10510510510510508		#9080
14		@0.10551703346397345		#27939
15		@0.1075268817204301		#27941
16		@0.1108998732572877		#27942
17		@0.1230444717876604		#39980
=====================================================================
Napok szerint dolgoznak: (0-szabad, 1-delelott, 2-delutan, 3-ejjel)
[1, 1, 1, 2, 2, 0, 3, 3, 0, 2]
[1, 3, 0, 3, 0, 2, 2, 1, 2, 1]
[1, 3, 3, 0, 0, 2, 1, 2, 1, 2]
[2, 1, 3, 2, 1, 2, 1, 3, 0, 0]
[3, 3, 0, 2, 1, 2, 0, 1, 2, 3]
[2, 3, 2, 1, 1, 0, 0, 1, 3, 2]
[3, 2, 2, 3, 2, 0, 1, 3, 0, 1]
[2, 0, 1, 2, 2, 3, 3, 0, 1, 0]
[2, 0, 1, 0, 1, 1, 3, 2, 3, 2]
[0, 3, 2, 0, 3, 2, 1, 0, 1, 1]
[1, 1, 2, 3, 2, 0, 1, 2, 3, 0]
[1, 2, 3, 0, 0, 3, 2, 2, 1, 3]
[2, 1, 2, 3, 0, 0, 3, 2, 1, 0]
[1, 0, 3, 2, 2, 1, 1, 0, 3, 2]
[2, 0, 3, 0, 1, 1, 2, 1, 3, 2]
[0, 3, 3, 2, 0, 1, 0, 2, 2, 1]
[2, 1, 2, 1, 1, 2, 3, 0, 3, 0]
[0, 2, 1, 3, 3, 3, 0, 1, 2, 1]
[0, 1, 1, 1, 3, 3, 2, 0, 2, 2]
[3, 2, 0, 1, 1, 1, 3, 0, 2, 2]
[3, 0, 2, 1, 3, 0, 1, 2, 2, 0]
[3, 2, 0, 2, 2, 1, 0, 1, 1, 3]
[3, 2, 1, 2, 3, 3, 0, 1, 0, 2]
[2, 0, 0, 1, 1, 3, 2, 3, 2, 1]
[1, 0, 1, 3, 3, 2, 2, 1, 0, 3]
[3, 0, 3, 2, 1, 1, 2, 1, 0, 2]
[2, 1, 2, 1, 3, 0, 2, 0, 0, 3]
=====================================================================
Szabad noverek per nap:
[4, 8, 5, 5, 5, 7, 6, 7, 7, 6]
Szabad napok per nover:
[2, 2, 2, 2, 2, 2, 2, 3, 2, 3, 2, 2, 3, 2, 2, 3, 2, 2, 2, 2, 3, 2, 2, 2, 2, 2, 3]
=====================================================================
Delelott dolgoznak:
[7, 7, 7, 7, 9, 7, 7, 9, 6, 6]
Delutan dolgoznak:
[9, 6, 8, 9, 6, 7, 8, 7, 8, 10]
Ejjel dolgoznak:
[7, 6, 7, 6, 7, 6, 6, 4, 6, 5]
=====================================================================
