Nover Nap Alpha Beta Theta Switch Consecutive MaxIteration
 27    10    0.15  0.14   0.18    2     5        250000
=====================================================================
Kezdeti fitness: 0.09114583333333333
1		@0.09447968686732354		#2
2		@0.09549795361527967		#93
3		@0.09583789704271632		#94
4		@0.0979020979020979		#99
5		@0.09955909543450435		#100
6		@0.10298661174047373		#107
7		@0.10559662090813095		#108
8		@0.10628606134224113		#145
9		@0.11146496815286625		#150
10		@0.11742996141586982		#3443
11		@0.12491077801570305		#3446
12		@0.12497768255668629		#9708
13		@0.12806439809732895		#9710
14		@0.13242527430949677		#16867
15		@0.1366120218579235		#50605
16		@0.13897161008536826		#91337
=====================================================================
Napok szerint dolgoznak: (0-szabad, 1-delelott, 2-delutan, 3-ejjel)
[0, 1, 0, 2, 0, 1, 3, 3, 2, 2]
[0, 1, 2, 2, 0, 1, 3, 3, 0, 2]
[2, 2, 1, 0, 2, 1, 3, 0, 1, 3]
[1, 2, 0, 1, 2, 1, 0, 3, 3, 2]
[0, 2, 1, 3, 3, 0, 1, 0, 2, 2]
[1, 2, 2, 1, 0, 3, 3, 2, 0, 1]
[3, 2, 1, 1, 3, 0, 2, 0, 3, 2]
[0, 3, 2, 2, 1, 3, 2, 0, 1, 1]
[2, 3, 3, 0, 2, 1, 0, 1, 2, 1]
[2, 1, 2, 3, 3, 0, 0, 1, 0, 2]
[2, 3, 0, 0, 0, 2, 1, 1, 1, 3]
[1, 3, 2, 0, 1, 0, 3, 2, 2, 1]
[3, 0, 0, 1, 3, 2, 2, 2, 1, 3]
[3, 2, 3, 2, 1, 0, 1, 0, 1, 0]
[0, 1, 3, 2, 2, 0, 3, 2, 1, 1]
[1, 3, 3, 2, 2, 1, 0, 0, 1, 0]
[2, 0, 0, 1, 1, 1, 2, 3, 3, 2]
[3, 0, 1, 2, 2, 1, 0, 1, 3, 2]
[1, 3, 0, 3, 0, 2, 1, 1, 2, 2]
[1, 3, 3, 0, 3, 2, 1, 1, 0, 2]
[1, 0, 3, 2, 1, 0, 3, 2, 0, 2]
[1, 0, 1, 0, 3, 2, 2, 0, 1, 3]
[3, 0, 2, 1, 0, 2, 2, 1, 1, 3]
[2, 2, 0, 1, 1, 3, 0, 2, 3, 0]
[0, 0, 1, 3, 0, 1, 2, 3, 2, 1]
[3, 2, 0, 0, 1, 1, 1, 3, 2, 2]
[0, 1, 3, 2, 2, 2, 1, 3, 0, 3]
=====================================================================
Szabad noverek per nap:
[7, 7, 8, 7, 7, 7, 6, 7, 6, 3]
Szabad napok per nover:
[3, 3, 2, 2, 3, 2, 2, 2, 2, 3, 3, 2, 2, 3, 2, 3, 2, 2, 2, 2, 3, 3, 2, 3, 3, 2, 2]
=====================================================================
Delelott dolgoznak:
[8, 5, 6, 7, 7, 10, 7, 7, 9, 6]
Delutan dolgoznak:
[6, 8, 6, 9, 7, 7, 7, 6, 7, 12]
Ejjel dolgoznak:
[6, 7, 7, 4, 6, 3, 7, 7, 5, 6]
=====================================================================
