Nover Nap Alpha Beta Theta Switch Consecutive MaxIteration
 27    10    0.15  0.14   0.18    2     5        250000
=====================================================================
Kezdeti fitness: 0.07213520197856554
1		@0.07340604026845637		#1
2		@0.07556946993414661		#5
3		@0.07871359496232991		#119
4		@0.0803581678337734		#123
5		@0.08153756552125802		#124
6		@0.08529304252467407		#127
7		@0.08720568082720817		#130
8		@0.08952551477170995		#133
9		@0.09038089089735314		#145
10		@0.0924214417744917		#152
11		@0.09425070688030161		#160
12		@0.09659169311439218		#163
13		@0.09665838166252418		#2643
14		@0.10534236267870578		#2645
15		@0.10775862068965517		#2658
16		@0.1088646967340591		#2664
17		@0.11543535620052772		#2666
18		@0.11786496043104899		#12970
19		@0.12027491408934707		#15213
20		@0.12962962962962965		#15214
=====================================================================
Napok szerint dolgoznak: (0-szabad, 1-delelott, 2-delutan, 3-ejjel)
[3, 3, 3, 2, 1, 0, 1, 0, 2, 2]
[2, 3, 0, 1, 3, 3, 2, 0, 1, 2]
[1, 3, 0, 3, 2, 2, 2, 0, 1, 3]
[1, 1, 1, 3, 0, 2, 3, 0, 2, 2]
[3, 2, 0, 2, 3, 0, 3, 2, 1, 1]
[1, 0, 2, 2, 3, 2, 0, 1, 0, 3]
[0, 1, 2, 0, 1, 3, 2, 2, 1, 3]
[3, 2, 1, 0, 2, 1, 2, 0, 3, 3]
[2, 0, 3, 3, 0, 3, 2, 2, 1, 1]
[2, 1, 1, 0, 2, 1, 3, 0, 3, 2]
[2, 0, 0, 2, 1, 1, 2, 1, 3, 3]
[0, 3, 3, 0, 2, 2, 1, 1, 1, 2]
[3, 2, 2, 3, 0, 1, 1, 1, 0, 2]
[1, 0, 3, 2, 3, 3, 0, 2, 2, 1]
[3, 2, 2, 1, 2, 0, 0, 3, 0, 1]
[0, 2, 1, 0, 1, 3, 2, 3, 2, 0]
[2, 1, 0, 1, 3, 2, 3, 2, 3, 0]
[2, 2, 1, 3, 3, 0, 1, 0, 2, 1]
[0, 2, 0, 1, 1, 1, 3, 2, 2, 3]
[2, 1, 1, 1, 0, 2, 0, 3, 3, 2]
[2, 0, 2, 0, 1, 1, 3, 3, 0, 2]
[0, 1, 1, 2, 1, 3, 3, 2, 0, 2]
[1, 0, 0, 1, 2, 2, 1, 3, 3, 2]
[2, 2, 2, 0, 1, 3, 0, 1, 3, 3]
[1, 3, 3, 3, 2, 2, 1, 1, 0, 0]
[3, 0, 1, 2, 3, 0, 1, 1, 2, 2]
[1, 1, 3, 2, 0, 2, 0, 3, 0, 2]
=====================================================================
Szabad noverek per nap:
[5, 7, 7, 7, 5, 5, 6, 7, 7, 3]
Szabad napok per nover:
[2, 2, 2, 2, 2, 3, 2, 2, 2, 2, 2, 2, 2, 2, 3, 3, 2, 2, 2, 2, 3, 2, 2, 2, 2, 2, 3]
=====================================================================
Delelott dolgoznak:
[7, 7, 8, 6, 8, 6, 7, 7, 6, 5]
Delutan dolgoznak:
[9, 8, 6, 8, 7, 9, 7, 7, 7, 12]
Ejjel dolgoznak:
[6, 5, 6, 6, 7, 7, 7, 6, 7, 7]
=====================================================================
