Nover Nap Alpha Beta Theta Switch Consecutive MaxIteration
 6    7    1.8  1.0   2.7    1     5        200000
=====================================================================
Kedeti fitness: 0.02466525722339676
1		@0.027548209366391182		#1
2		@0.03209536909674461		#5
3		@0.04593175853018372		#7
4		@0.053151100987091866		#15
5		@0.06685768863419292		#35
6		@0.09009009009009007		#44
7		@0.13806706114398423		#61
8		@1.0		#75
=====================================================================
Napok szerint dolgoznak: (0-szabad, 1-delelott, 2-delutan, 3-ejjel)
[2, 1, 0, 3, 0, 2, 1]
[2, 0, 2, 1, 0, 3, 3]
[1, 3, 3, 0, 2, 2, 0]
[0, 0, 1, 3, 2, 1, 2]
[3, 2, 0, 2, 3, 0, 1]
[3, 2, 3, 0, 1, 0, 2]
=====================================================================
Szabad noverek per nap:
[1, 2, 2, 2, 2, 2, 1]
Szabad napok per nover:
[2, 2, 2, 2, 2, 2]
=====================================================================
Delelott dolgoznak:
[1, 1, 1, 1, 1, 1, 2]
Delutan dolgoznak:
[2, 2, 1, 1, 2, 2, 2]
Ejjel dolgoznak:
[2, 1, 2, 2, 1, 1, 1]
=====================================================================
