Nover Nap Alpha Beta Theta Switch Consecutive MaxIteration
 6    7    1.8  1.0   2.7    1     5        200000
=====================================================================
Kedeti fitness: 0.024079807361541104
1		@0.02681992337164751		#0
2		@0.02859477124183006		#2
3		@0.033964095099466275		#7
4		@0.0411522633744856		#10
5		@0.04985754985754985		#11
6		@0.05718954248366012		#13
7		@0.07337526205450733		#16
8		@0.08101851851851852		#17
9		@0.08363201911589006		#28
10		@0.10654490106544899		#60
11		@0.19444444444444442		#61
12		@0.25925925925925924		#76
13		@1.0		#85
=====================================================================
Napok szerint dolgoznak: (0-szabad, 1-delelott, 2-delutan, 3-ejjel)
[0, 2, 2, 1, 1, 3, 0]
[1, 1, 3, 0, 0, 3, 2]
[2, 0, 1, 2, 1, 0, 3]
[0, 0, 3, 2, 2, 1, 3]
[2, 1, 0, 3, 3, 2, 0]
[3, 3, 2, 0, 0, 2, 1]
=====================================================================
Szabad noverek per nap:
[2, 2, 1, 2, 2, 1, 2]
Szabad napok per nover:
[2, 2, 2, 2, 2, 2]
=====================================================================
Delelott dolgoznak:
[1, 2, 1, 1, 2, 1, 1]
Delutan dolgoznak:
[2, 1, 2, 2, 1, 2, 1]
Ejjel dolgoznak:
[1, 1, 2, 1, 1, 2, 2]
=====================================================================
