Nover Nap Alpha Beta Theta Switch Consecutive MaxIteration
 6    7    1.8  1.0   2.7    1     5        200000
=====================================================================
Kedeti fitness: 0.03948110547095318
1		@0.044191919191919185		#3
2		@0.046854082998661305		#4
3		@0.05847953216374269		#12
4		@0.06882989183874139		#29
5		@0.07551240560949297		#30
6		@0.10654490106544899		#40
7		@0.19444444444444442		#82
8		@0.25925925925925924		#154
9		@1.0		#169
=====================================================================
Napok szerint dolgoznak: (0-szabad, 1-delelott, 2-delutan, 3-ejjel)
[1, 2, 2, 3, 0, 1, 0]
[1, 0, 3, 2, 1, 0, 2]
[3, 2, 0, 1, 1, 2, 0]
[2, 3, 0, 1, 2, 0, 1]
[2, 0, 1, 0, 3, 3, 2]
[0, 1, 2, 2, 0, 1, 3]
=====================================================================
Szabad noverek per nap:
[1, 2, 2, 1, 2, 2, 2]
Szabad napok per nover:
[2, 2, 2, 2, 2, 2]
=====================================================================
Delelott dolgoznak:
[2, 1, 1, 2, 2, 2, 1]
Delutan dolgoznak:
[2, 2, 2, 2, 1, 1, 2]
Ejjel dolgoznak:
[1, 1, 1, 1, 1, 1, 1]
=====================================================================
