Nover Nap Alpha Beta Theta Switch Consecutive MaxIteration
 6    7    1.8  1.0   2.7    1     5        200000
=====================================================================
Kedeti fitness: 0.022913256955810146
1		@0.030728709394205442		#3
2		@0.0495049504950495		#6
3		@0.05409582689335394		#10
4		@0.06266786034019695		#11
5		@0.08536585365853658		#25
6		@0.09333333333333332		#31
7		@0.11111111111111109		#42
8		@0.25925925925925924		#58
9		@1.0		#106
=====================================================================
Napok szerint dolgoznak: (0-szabad, 1-delelott, 2-delutan, 3-ejjel)
[0, 3, 0, 1, 2, 2, 3]
[1, 2, 0, 2, 3, 0, 1]
[2, 1, 3, 3, 0, 0, 2]
[0, 3, 2, 1, 1, 3, 0]
[3, 0, 1, 2, 0, 2, 3]
[3, 0, 3, 0, 2, 1, 2]
=====================================================================
Szabad noverek per nap:
[2, 2, 2, 1, 2, 2, 1]
Szabad napok per nover:
[2, 2, 2, 2, 2, 2]
=====================================================================
Delelott dolgoznak:
[1, 1, 1, 2, 1, 1, 1]
Delutan dolgoznak:
[1, 1, 1, 2, 2, 2, 2]
Ejjel dolgoznak:
[2, 2, 2, 1, 1, 1, 2]
=====================================================================
