Nover Nap Alpha Beta Theta Switch Consecutive MaxIteration
 6    7    1.8  1.0   2.7    1     5        200000
=====================================================================
Kedeti fitness: 0.03945885005636978
1		@0.050468637346791634		#13
2		@0.08536585365853658		#18
3		@0.12727272727272726		#19
4		@0.1627906976744186		#22
5		@0.7777777777777777		#32
6		@1.0		#74
=====================================================================
Napok szerint dolgoznak: (0-szabad, 1-delelott, 2-delutan, 3-ejjel)
[3, 0, 1, 1, 2, 0, 2]
[3, 2, 0, 3, 0, 1, 1]
[2, 3, 0, 0, 1, 3, 2]
[1, 2, 2, 0, 1, 0, 3]
[0, 1, 3, 2, 3, 2, 0]
[0, 1, 1, 3, 2, 2, 0]
=====================================================================
Szabad noverek per nap:
[2, 1, 2, 2, 1, 2, 2]
Szabad napok per nover:
[2, 2, 2, 2, 2, 2]
=====================================================================
Delelott dolgoznak:
[1, 2, 2, 1, 2, 1, 1]
Delutan dolgoznak:
[1, 2, 1, 1, 2, 2, 2]
Ejjel dolgoznak:
[2, 1, 1, 2, 1, 1, 1]
=====================================================================
