Nover Nap Alpha Beta Theta Switch Consecutive MaxIteration
 6    7    1.8  1.0   2.7    1     5        200000
=====================================================================
Kedeti fitness: 0.02466525722339676
1		@0.028455284552845527		#0
2		@0.030973451327433628		#1
3		@0.0369783412572636		#15
4		@0.05718954248366012		#19
5		@0.10654490106544899		#20
6		@0.19444444444444442		#30
7		@1.0		#53
=====================================================================
Napok szerint dolgoznak: (0-szabad, 1-delelott, 2-delutan, 3-ejjel)
[2, 0, 3, 0, 1, 3, 2]
[0, 1, 3, 2, 2, 1, 0]
[0, 3, 0, 1, 1, 2, 2]
[3, 2, 2, 1, 0, 0, 3]
[1, 2, 1, 3, 3, 0, 0]
[3, 0, 2, 0, 3, 2, 1]
=====================================================================
Szabad noverek per nap:
[2, 2, 1, 2, 1, 2, 2]
Szabad napok per nover:
[2, 2, 2, 2, 2, 2]
=====================================================================
Delelott dolgoznak:
[1, 1, 1, 2, 2, 1, 1]
Delutan dolgoznak:
[1, 2, 2, 1, 1, 2, 2]
Ejjel dolgoznak:
[2, 1, 2, 1, 2, 1, 1]
=====================================================================
