Nover Nap Alpha Beta Theta Switch Consecutive MaxIteration
 6    7    1.8  1.0   2.7    1     5        200000
=====================================================================
Kedeti fitness: 0.04602235371466141
1		@0.04891684136967156		#0
2		@0.08101851851851852		#3
3		@0.12345679012345677		#18
4		@0.25925925925925924		#23
5		@1.0		#131
=====================================================================
Napok szerint dolgoznak: (0-szabad, 1-delelott, 2-delutan, 3-ejjel)
[0, 2, 1, 0, 2, 1, 3]
[1, 0, 1, 3, 2, 3, 0]
[3, 0, 2, 2, 1, 0, 1]
[2, 1, 0, 0, 3, 2, 3]
[1, 3, 3, 2, 0, 1, 0]
[2, 3, 0, 1, 1, 0, 2]
=====================================================================
Szabad noverek per nap:
[1, 2, 2, 2, 1, 2, 2]
Szabad napok per nover:
[2, 2, 2, 2, 2, 2]
=====================================================================
Delelott dolgoznak:
[2, 1, 2, 1, 2, 2, 1]
Delutan dolgoznak:
[2, 1, 1, 2, 2, 1, 1]
Ejjel dolgoznak:
[1, 2, 1, 1, 1, 1, 2]
=====================================================================
