Nover Nap Alpha Beta Theta Switch Consecutive MaxIteration
 12    14    0.8  0.5   1.2    1     5        500000
=====================================================================
Kezdeti fitness: 0.01607717041800643
1		@0.016843118383060636		#49
2		@0.017335314512134718		#115
3		@0.018031942297784646		#119
4		@0.01911001911001911		#173
5		@0.02		#202
6		@0.0202487706103558		#203
7		@0.020703933747412008		#222
8		@0.020908004778972523		#359
9		@0.021148036253776436		#363
10		@0.022194039315155362		#366
11		@0.022712524334847505		#367
12		@0.022935779816513763		#373
13		@0.023411371237458192		#468
14		@0.023736859952526283		#551
15		@0.02485795454545455		#552
16		@0.027301092043681755		#554
17		@0.02735443532629934		#1601
18		@0.028676771814829992		#1603
19		@0.03030303030303031		#1615
20		@0.03034243606415258		#14167
21		@0.032392410920869974		#14169
22		@0.03249767873723306		#24376
23		@0.035934291581108835		#24377
24		@0.038126361655773426		#43528
=====================================================================
Napok szerint dolgoznak: (0-szabad, 1-delelott, 2-delutan, 3-ejjel)
[1, 2, 1, 1, 0, 2, 3, 2, 0, 1, 3, 3, 0, 0]
[0, 3, 0, 0, 1, 1, 1, 0, 3, 2, 2, 2, 1, 3]
[1, 1, 1, 0, 0, 3, 2, 3, 0, 2, 3, 2, 0, 1]
[2, 1, 0, 2, 1, 0, 1, 1, 3, 0, 0, 3, 3, 2]
[2, 0, 0, 1, 3, 2, 3, 0, 1, 1, 3, 0, 2, 2]
[1, 0, 3, 0, 2, 0, 1, 3, 2, 0, 2, 3, 2, 1]
[0, 3, 3, 0, 2, 1, 2, 1, 0, 0, 2, 1, 3, 2]
[3, 3, 2, 0, 1, 2, 0, 0, 1, 3, 0, 1, 2, 2]
[3, 2, 1, 3, 0, 1, 0, 3, 2, 0, 1, 0, 1, 2]
[0, 1, 3, 2, 1, 0, 0, 2, 3, 0, 1, 2, 3, 2]
[1, 0, 2, 1, 1, 3, 0, 3, 2, 0, 0, 2, 2, 3]
[2, 2, 2, 3, 0, 0, 1, 3, 0, 1, 3, 0, 2, 1]
=====================================================================
Szabad noverek per nap:
[3, 3, 3, 5, 4, 4, 4, 3, 4, 6, 3, 3, 2, 1]
Szabad napok per nover:
[4, 4, 4, 4, 4, 4, 4, 4, 4, 4, 4, 4]
=====================================================================
Delelott dolgoznak:
[4, 3, 3, 3, 5, 3, 4, 2, 2, 3, 2, 2, 2, 3]
Delutan dolgoznak:
[3, 3, 3, 2, 2, 3, 2, 2, 3, 2, 3, 4, 5, 6]
Ejjel dolgoznak:
[2, 3, 3, 2, 1, 2, 2, 5, 3, 1, 4, 3, 3, 2]
=====================================================================
