Nover Nap Alpha Beta Theta Switch Consecutive MaxIteration
 12    14    0.8  0.5   1.2    1     5        500000
=====================================================================
Kezdeti fitness: 0.016895969104513638
1		@0.016908212560386476		#2
2		@0.017504376094023506		#3
3		@0.017658930373360242		#4
4		@0.017944116893104333		#23
5		@0.018339009693476554		#24
6		@0.018494055482166448		#26
7		@0.019289060347203086		#31
8		@0.01979638009049774		#261
9		@0.021485573971761818		#272
10		@0.02277163305139883		#562
11		@0.023094688221709007		#569
12		@0.023850085178875647		#570
13		@0.026585643752373725		#572
14		@0.02694380292532718		#577
15		@0.028641571194762686		#581
16		@0.029673590504451043		#586
17		@0.029825308904985092		#587
18		@0.030250648228176323		#2357
19		@0.031789282470481385		#2358
20		@0.03436426116838489		#2365
21		@0.03617571059431525		#2368
22		@0.041816009557945046		#2369
23		@0.044557606619987276		#2373
24		@0.04542504866969501		#90648
25		@0.04614370468029005		#90661
26		@0.04752206381534283		#90664
27		@0.05339435545385202		#90666
28		@0.05376344086021506		#90675
29		@0.05573248407643312		#90676
=====================================================================
Napok szerint dolgoznak: (0-szabad, 1-delelott, 2-delutan, 3-ejjel)
[3, 3, 3, 0, 1, 0, 2, 2, 0, 2, 1, 0, 1, 1]
[0, 1, 0, 1, 1, 3, 0, 1, 3, 2, 0, 3, 2, 2]
[1, 0, 1, 3, 0, 3, 2, 0, 0, 2, 1, 1, 3, 2]
[1, 3, 3, 2, 0, 1, 3, 2, 0, 1, 0, 0, 2, 1]
[3, 2, 2, 0, 1, 0, 1, 1, 1, 3, 3, 0, 0, 2]
[1, 1, 3, 3, 2, 1, 0, 0, 2, 0, 2, 2, 0, 3]
[2, 0, 0, 1, 0, 2, 1, 3, 3, 3, 2, 2, 0, 1]
[2, 1, 0, 3, 2, 0, 2, 1, 1, 3, 3, 0, 2, 0]
[3, 2, 1, 0, 2, 1, 1, 1, 3, 0, 2, 3, 0, 0]
[0, 3, 0, 2, 3, 3, 2, 2, 1, 1, 0, 1, 1, 0]
[2, 2, 2, 1, 3, 0, 3, 0, 1, 1, 3, 2, 0, 0]
[3, 0, 2, 1, 1, 2, 0, 1, 2, 0, 1, 0, 3, 3]
=====================================================================
Szabad noverek per nap:
[2, 3, 4, 3, 3, 4, 3, 3, 3, 3, 3, 5, 5, 4]
Szabad napok per nover:
[4, 4, 4, 4, 4, 4, 4, 4, 4, 4, 4, 4]
=====================================================================
Delelott dolgoznak:
[3, 3, 2, 4, 4, 3, 3, 5, 4, 3, 3, 2, 2, 3]
Delutan dolgoznak:
[3, 3, 3, 2, 3, 2, 4, 3, 2, 3, 3, 3, 3, 3]
Ejjel dolgoznak:
[4, 3, 3, 3, 2, 3, 2, 1, 3, 3, 3, 2, 2, 2]
=====================================================================
