Nover Nap Alpha Beta Theta Switch Consecutive MaxIteration
 12    14    0.8  0.5   1.2    1     5        500000
=====================================================================
Kezdeti fitness: 0.013831258644536654
1		@0.01386687797147385		#2
2		@0.014394406744807731		#3
3		@0.01442704039571311		#10
4		@0.014595496246872395		#14
5		@0.014684287812041117		#15
6		@0.014830508474576273		#17
7		@0.014877789585547295		#18
8		@0.015510746731664084		#19
9		@0.01560758082497213		#24
10		@0.015876616012701295		#31
11		@0.016275284817484307		#33
12		@0.01665873393622085		#34
13		@0.017110730872647275		#35
14		@0.01778907242693774		#51
15		@0.017843487127198576		#55
16		@0.017898235745333675		#57
17		@0.018406521167499346		#198
18		@0.01908396946564886		#203
19		@0.020491803278688533		#204
20		@0.022639068564036226		#206
21		@0.023744911804613297		#207
22		@0.02455278849526482		#209
23		@0.02756990941315479		#1516
24		@0.028294260307194834		#3640
25		@0.02858309514087383		#3668
26		@0.030159414045669974		#3671
27		@0.030837004405286347		#14196
28		@0.03139013452914798		#20976
29		@0.03225806451612904		#20979
30		@0.032756200280767436		#20983
31		@0.033670033670033676		#20988
32		@0.037095919448860634		#20989
33		@0.037333333333333336		#20992
34		@0.038043478260869575		#20993
35		@0.04174120453190221		#21001
36		@0.04635761589403974		#172665
=====================================================================
Napok szerint dolgoznak: (0-szabad, 1-delelott, 2-delutan, 3-ejjel)
[0, 1, 3, 2, 0, 1, 2, 2, 1, 0, 1, 0, 3, 3]
[0, 1, 0, 1, 3, 2, 2, 2, 0, 0, 1, 2, 3, 3]
[3, 3, 2, 2, 0, 0, 1, 0, 1, 1, 3, 2, 1, 0]
[1, 1, 3, 3, 2, 1, 0, 0, 2, 0, 0, 3, 2, 2]
[0, 0, 1, 0, 1, 1, 2, 3, 3, 3, 2, 1, 0, 2]
[2, 0, 0, 0, 3, 3, 2, 0, 1, 3, 2, 2, 1, 1]
[1, 0, 2, 1, 3, 2, 0, 1, 3, 3, 2, 0, 2, 0]
[2, 0, 3, 3, 2, 3, 0, 1, 1, 2, 1, 0, 0, 1]
[2, 0, 0, 2, 1, 0, 1, 1, 2, 2, 0, 3, 3, 3]
[2, 2, 1, 1, 0, 0, 1, 3, 3, 0, 0, 1, 2, 3]
[0, 2, 2, 3, 0, 2, 3, 2, 1, 1, 3, 0, 1, 0]
[3, 3, 0, 2, 1, 0, 2, 0, 1, 1, 1, 3, 0, 2]
=====================================================================
Szabad noverek per nap:
[4, 5, 4, 2, 4, 4, 3, 4, 1, 4, 3, 4, 3, 3]
Szabad napok per nover:
[4, 4, 4, 4, 4, 4, 4, 4, 4, 4, 4, 4]
=====================================================================
Delelott dolgoznak:
[2, 3, 2, 3, 3, 3, 3, 3, 6, 3, 4, 2, 3, 2]
Delutan dolgoznak:
[4, 2, 3, 4, 2, 3, 5, 3, 2, 2, 3, 3, 3, 3]
Ejjel dolgoznak:
[2, 2, 3, 3, 3, 2, 1, 2, 3, 3, 2, 3, 3, 4]
=====================================================================
