Nover Nap Alpha Beta Theta Switch Consecutive MaxIteration
 12    14    0.8  0.5   1.2    1     5        500000
=====================================================================
Kezdeti fitness: 0.013508297954457741
1		@0.01396090945353012		#1
2		@0.014553014553014552		#39
3		@0.014922191430398635		#47
4		@0.016389604308124566		#52
5		@0.016786570743405275		#53
6		@0.01683501683501683		#140
7		@0.01717791411042945		#231
8		@0.017486884836372722		#232
9		@0.018243419338024498		#235
10		@0.01964085297418631		#237
11		@0.020155485171321628		#259
12		@0.021888680425265792		#261
13		@0.022683084899546336		#449
14		@0.02358490566037736		#450
15		@0.023584905660377364		#451
16		@0.023793337865397692		#457
17		@0.025343953656770456		#542
18		@0.02547307132459971		#545
19		@0.02688172043010753		#546
20		@0.027515723270440252		#556
21		@0.027810885975367503		#558
22		@0.02964845404489623		#562
23		@0.03458498023715416		#569
24		@0.03794037940379404		#574
25		@0.03930376193149916		#5551
26		@0.04294478527607362		#5554
27		@0.04492939666238768		#5559
28		@0.05014326647564471		#5560
=====================================================================
Napok szerint dolgoznak: (0-szabad, 1-delelott, 2-delutan, 3-ejjel)
[0, 3, 2, 1, 0, 1, 0, 2, 2, 1, 3, 3, 2, 0]
[2, 0, 0, 1, 2, 3, 3, 0, 1, 0, 2, 1, 3, 2]
[0, 3, 2, 0, 1, 3, 2, 2, 0, 0, 3, 2, 1, 1]
[3, 0, 2, 2, 3, 2, 1, 0, 1, 1, 0, 0, 1, 3]
[3, 0, 1, 1, 1, 2, 2, 3, 0, 3, 0, 1, 2, 0]
[1, 1, 3, 3, 3, 0, 2, 0, 2, 1, 1, 2, 0, 0]
[1, 3, 0, 1, 0, 3, 0, 2, 0, 1, 2, 3, 2, 1]
[2, 2, 1, 0, 0, 0, 1, 3, 3, 2, 0, 1, 3, 2]
[1, 2, 0, 3, 3, 0, 1, 1, 2, 2, 3, 0, 0, 2]
[0, 2, 2, 2, 0, 1, 3, 3, 2, 0, 1, 1, 0, 3]
[3, 0, 1, 0, 1, 0, 1, 2, 1, 2, 0, 3, 3, 2]
[1, 1, 2, 0, 2, 2, 0, 1, 3, 3, 3, 0, 0, 2]
=====================================================================
Szabad noverek per nap:
[3, 4, 3, 4, 4, 4, 3, 3, 3, 3, 4, 3, 4, 3]
Szabad napok per nover:
[4, 4, 4, 4, 4, 4, 4, 4, 4, 4, 4, 4]
=====================================================================
Delelott dolgoznak:
[4, 2, 3, 4, 3, 2, 4, 2, 3, 4, 2, 4, 2, 2]
Delutan dolgoznak:
[2, 3, 5, 2, 2, 3, 3, 4, 4, 3, 2, 2, 3, 5]
Ejjel dolgoznak:
[3, 3, 1, 2, 3, 3, 2, 3, 2, 2, 4, 3, 3, 2]
=====================================================================
