Nover Nap Alpha Beta Theta Switch Consecutive MaxIteration
 12    14    0.8  0.5   1.2    1     5        500000
=====================================================================
Kezdeti fitness: 0.01641651031894934
1		@0.017114914425427872		#3
2		@0.017232890201870996		#4
3		@0.01744765702891326		#5
4		@0.01787538304392237		#8
5		@0.018367882445552347		#24
6		@0.018538135593220338		#27
7		@0.018572565667285754		#391
8		@0.018651745270450305		#393
9		@0.020414114902303875		#395
10		@0.021868166198063105		#397
11		@0.023201856148491882		#402
12		@0.023964395754878468		#411
13		@0.028676771814829992		#412
14		@0.030434782608695653		#427
15		@0.03177485247389923		#428
16		@0.037919826652221024		#429
17		@0.039084310441094366		#430
18		@0.03934794828555369		#175744
19		@0.04036908881199539		#304594
20		@0.04169148302561049		#304595
21		@0.04260499087035911		#427346
=====================================================================
Napok szerint dolgoznak: (0-szabad, 1-delelott, 2-delutan, 3-ejjel)
[0, 1, 0, 2, 2, 1, 0, 2, 2, 1, 0, 3, 3, 3]
[2, 1, 1, 1, 3, 0, 0, 3, 3, 2, 2, 2, 0, 0]
[1, 0, 1, 1, 1, 2, 2, 0, 2, 3, 3, 3, 0, 0]
[3, 0, 3, 2, 0, 2, 0, 1, 1, 3, 2, 1, 2, 0]
[0, 3, 0, 1, 3, 0, 3, 0, 2, 2, 1, 2, 1, 2]
[2, 2, 0, 1, 1, 0, 3, 3, 2, 3, 0, 0, 2, 1]
[3, 0, 1, 3, 0, 1, 2, 1, 2, 2, 0, 0, 1, 3]
[2, 2, 3, 3, 0, 2, 1, 1, 1, 0, 0, 1, 3, 0]
[3, 3, 2, 3, 2, 0, 1, 0, 0, 1, 2, 0, 2, 1]
[1, 2, 2, 0, 1, 3, 0, 3, 2, 0, 1, 2, 0, 3]
[1, 1, 0, 2, 0, 1, 3, 2, 0, 1, 2, 3, 0, 3]
[0, 0, 1, 3, 0, 3, 2, 2, 2, 1, 0, 1, 3, 2]
=====================================================================
Szabad noverek per nap:
[3, 4, 4, 1, 5, 4, 4, 3, 2, 2, 5, 3, 4, 4]
Szabad napok per nover:
[4, 4, 4, 4, 4, 4, 4, 4, 4, 4, 4, 4]
=====================================================================
Delelott dolgoznak:
[3, 3, 4, 4, 3, 3, 2, 3, 2, 4, 2, 3, 2, 2]
Delutan dolgoznak:
[3, 3, 2, 3, 2, 3, 3, 3, 7, 3, 4, 3, 3, 2]
Ejjel dolgoznak:
[3, 2, 2, 4, 2, 2, 3, 3, 1, 3, 1, 3, 3, 4]
=====================================================================
