Nover Nap Alpha Beta Theta Switch Consecutive MaxIteration
 6    7    0.5  0.2   0.7    1     5        500000
=====================================================================
Kezdeti fitness: 0.0980392156862745
1		@0.10526315789473684		#26
2		@0.10638297872340427		#70
3		@0.10869565217391305		#77
4		@0.14492753623188406		#78
5		@0.17241379310344826		#79
6		@0.19230769230769235		#85
7		@0.20833333333333337		#87
8		@0.2173913043478261		#141
9		@0.2857142857142857		#194
10		@0.303030303030303		#271
11		@0.4347826086956522		#289
12		@0.625		#737
13		@0.8333333333333334		#3846
14		@1.0		#5303
15		@5.0		#46660
=====================================================================
Napok szerint dolgoznak: (0-szabad, 1-delelott, 2-delutan, 3-ejjel)
[0, 0, 1, 2, 1, 3, 2]
[3, 0, 2, 1, 1, 0, 3]
[0, 1, 3, 2, 0, 1, 2]
[2, 1, 0, 1, 3, 2, 0]
[1, 3, 0, 0, 2, 2, 1]
[2, 2, 0, 3, 0, 1, 1]
=====================================================================
Szabad noverek per nap:
[2, 2, 3, 1, 2, 1, 1]
Szabad napok per nover:
[2, 2, 2, 2, 2, 2]
=====================================================================
Delelott dolgoznak:
[1, 2, 1, 2, 2, 2, 2]
Delutan dolgoznak:
[2, 1, 1, 2, 1, 2, 2]
Ejjel dolgoznak:
[1, 1, 1, 1, 1, 1, 1]
=====================================================================
