Nover Nap Alpha Beta Theta Switch Consecutive MaxIteration
 6    7    0.5  0.2   0.7    1     5        500000
=====================================================================
Kezdeti fitness: 0.07407407407407407
1		@0.08771929824561404		#1
2		@0.09345794392523366		#2
3		@0.09708737864077671		#3
4		@0.11627906976744186		#4
5		@0.11627906976744189		#21
6		@0.11904761904761904		#51
7		@0.12820512820512822		#53
8		@0.13333333333333333		#56
9		@0.13513513513513511		#108
10		@0.136986301369863		#110
11		@0.1515151515151515		#112
12		@0.17241379310344826		#114
13		@0.17857142857142855		#136
14		@0.22222222222222218		#153
15		@0.2857142857142857		#322
16		@0.303030303030303		#361
17		@0.4347826086956522		#951
18		@0.5555555555555556		#3117
19		@0.7142857142857143		#3121
20		@0.8333333333333334		#5583
21		@2.5		#5653
22		@5.0		#65386
=====================================================================
Napok szerint dolgoznak: (0-szabad, 1-delelott, 2-delutan, 3-ejjel)
[1, 0, 3, 2, 2, 3, 0]
[3, 0, 2, 1, 0, 2, 1]
[2, 1, 0, 0, 3, 2, 1]
[0, 3, 2, 0, 1, 1, 2]
[2, 2, 1, 0, 1, 0, 3]
[0, 2, 1, 3, 0, 3, 2]
=====================================================================
Szabad noverek per nap:
[2, 2, 1, 3, 2, 1, 1]
Szabad napok per nover:
[2, 2, 2, 2, 2, 2]
=====================================================================
Delelott dolgoznak:
[1, 1, 2, 1, 2, 1, 2]
Delutan dolgoznak:
[2, 2, 2, 1, 1, 2, 2]
Ejjel dolgoznak:
[1, 1, 1, 1, 1, 2, 1]
=====================================================================
