Nover Nap Alpha Beta Theta Switch Consecutive MaxIteration
 6    7    0.5  0.2   0.7    1     5        500000
=====================================================================
Kezdeti fitness: 0.10416666666666667
1		@0.10869565217391305		#1
2		@0.12195121951219513		#2
3		@0.18181818181818182		#3
4		@0.20833333333333337		#69
5		@0.27027027027027023		#70
6		@0.4347826086956522		#151
7		@0.4761904761904763		#1757
8		@5.0		#3186
=====================================================================
Napok szerint dolgoznak: (0-szabad, 1-delelott, 2-delutan, 3-ejjel)
[2, 1, 1, 2, 3, 0, 0]
[1, 2, 0, 1, 0, 2, 3]
[0, 0, 1, 3, 2, 3, 2]
[3, 2, 2, 0, 1, 0, 1]
[2, 3, 3, 0, 2, 0, 1]
[0, 0, 3, 2, 1, 1, 2]
=====================================================================
Szabad noverek per nap:
[2, 2, 1, 2, 1, 3, 1]
Szabad napok per nover:
[2, 2, 2, 2, 2, 2]
=====================================================================
Delelott dolgoznak:
[1, 1, 2, 1, 2, 1, 2]
Delutan dolgoznak:
[2, 2, 1, 2, 2, 1, 2]
Ejjel dolgoznak:
[1, 1, 2, 1, 1, 1, 1]
=====================================================================
