Nover Nap Alpha Beta Theta Switch Consecutive MaxIteration
 6    7    0.5  0.2   0.7    1     5        500000
=====================================================================
Kezdeti fitness: 0.06535947712418302
1		@0.07042253521126762		#1
2		@0.0746268656716418		#8
3		@0.0813008130081301		#9
4		@0.08849557522123895		#12
5		@0.0900900900900901		#15
6		@0.09523809523809523		#20
7		@0.12987012987012986		#41
8		@0.136986301369863		#53
9		@0.1639344262295082		#66
10		@0.20833333333333337		#67
11		@0.2857142857142857		#68
12		@0.303030303030303		#72
13		@0.3225806451612903		#73
14		@0.4761904761904763		#3852
15		@0.5		#9760
16		@0.7142857142857143		#12371
17		@0.8333333333333334		#41214
18		@1.0		#158499
=====================================================================
Napok szerint dolgoznak: (0-szabad, 1-delelott, 2-delutan, 3-ejjel)
[3, 0, 1, 1, 2, 0, 2]
[0, 2, 1, 3, 0, 1, 2]
[0, 0, 2, 1, 3, 2, 1]
[2, 3, 0, 2, 1, 0, 1]
[2, 1, 2, 0, 0, 1, 3]
[1, 2, 0, 2, 1, 3, 0]
=====================================================================
Szabad noverek per nap:
[2, 2, 2, 1, 2, 2, 1]
Szabad napok per nover:
[2, 2, 2, 2, 2, 2]
=====================================================================
Delelott dolgoznak:
[1, 1, 2, 2, 2, 2, 2]
Delutan dolgoznak:
[2, 2, 2, 2, 1, 1, 2]
Ejjel dolgoznak:
[1, 1, 0, 1, 1, 1, 1]
=====================================================================
