Nover Nap Alpha Beta Theta Switch Consecutive MaxIteration
 6    7    0.5  0.2   0.7    1     5        500000
=====================================================================
Kezdeti fitness: 0.1
1		@0.1020408163265306		#11
2		@0.12987012987012986		#13
3		@0.13888888888888887		#23
4		@0.15151515151515152		#94
5		@0.15384615384615385		#100
6		@0.20833333333333337		#102
7		@0.2272727272727273		#106
8		@0.29411764705882354		#107
9		@0.4761904761904763		#108
10		@0.6666666666666666		#946
11		@0.7692307692307694		#948
12		@0.8333333333333334		#2937
13		@1.0		#6398
14		@2.5		#9403
15		@5.0		#48279
=====================================================================
Napok szerint dolgoznak: (0-szabad, 1-delelott, 2-delutan, 3-ejjel)
[2, 2, 1, 3, 0, 0, 1]
[0, 3, 2, 1, 3, 0, 2]
[3, 0, 1, 0, 2, 3, 2]
[0, 1, 3, 0, 1, 2, 3]
[2, 0, 0, 2, 1, 1, 3]
[1, 1, 3, 0, 2, 2, 0]
=====================================================================
Szabad noverek per nap:
[2, 2, 1, 3, 1, 2, 1]
Szabad napok per nover:
[2, 2, 2, 2, 2, 2]
=====================================================================
Delelott dolgoznak:
[1, 2, 2, 1, 2, 1, 1]
Delutan dolgoznak:
[2, 1, 1, 1, 2, 2, 2]
Ejjel dolgoznak:
[1, 1, 2, 1, 1, 1, 2]
=====================================================================
