Nover Nap Alpha Beta Theta Switch Consecutive MaxIteration
 6    7    0.5  0.2   0.7    1     5        500000
=====================================================================
Kezdeti fitness: 0.07092198581560284
1		@0.078125		#9
2		@0.0819672131147541		#11
3		@0.08928571428571429		#13
4		@0.09090909090909091		#44
5		@0.1020408163265306		#45
6		@0.12048192771084336		#73
7		@0.1818181818181818		#78
8		@0.2272727272727273		#120
9		@0.303030303030303		#178
10		@0.45454545454545453		#181
11		@0.4761904761904763		#185
12		@0.9090909090909092		#186
13		@1.0		#797
14		@5.0		#3683
=====================================================================
Napok szerint dolgoznak: (0-szabad, 1-delelott, 2-delutan, 3-ejjel)
[2, 3, 2, 0, 0, 1, 1]
[0, 2, 1, 1, 3, 2, 0]
[1, 1, 3, 3, 0, 2, 0]
[2, 1, 1, 0, 2, 0, 3]
[3, 3, 2, 2, 1, 0, 0]
[1, 0, 0, 1, 2, 3, 2]
=====================================================================
Szabad noverek per nap:
[1, 1, 1, 2, 2, 2, 3]
Szabad napok per nover:
[2, 2, 2, 2, 2, 2]
=====================================================================
Delelott dolgoznak:
[2, 2, 2, 2, 1, 1, 1]
Delutan dolgoznak:
[2, 1, 2, 1, 2, 2, 1]
Ejjel dolgoznak:
[1, 2, 1, 1, 1, 1, 1]
=====================================================================
