Nover Nap Alpha Beta Theta Switch Consecutive MaxIteration
 6    7    0.5  0.2   0.7    1     5        500000
=====================================================================
Kezdeti fitness: 0.13333333333333336
1		@0.14705882352941177		#2
2		@0.15151515151515152		#3
3		@0.18181818181818182		#4
4		@0.18867924528301888		#117
5		@0.2173913043478261		#121
6		@0.4000000000000001		#125
7		@0.4166666666666667		#588
8		@0.4347826086956522		#597
9		@5.0		#600
=====================================================================
Napok szerint dolgoznak: (0-szabad, 1-delelott, 2-delutan, 3-ejjel)
[3, 0, 2, 0, 1, 1, 3]
[0, 2, 1, 3, 2, 0, 1]
[3, 3, 0, 1, 0, 1, 2]
[1, 0, 3, 0, 3, 2, 1]
[1, 0, 1, 2, 0, 3, 2]
[2, 1, 2, 1, 3, 0, 0]
=====================================================================
Szabad noverek per nap:
[1, 3, 1, 2, 2, 2, 1]
Szabad napok per nover:
[2, 2, 2, 2, 2, 2]
=====================================================================
Delelott dolgoznak:
[2, 1, 2, 2, 1, 2, 2]
Delutan dolgoznak:
[1, 1, 2, 1, 1, 1, 2]
Ejjel dolgoznak:
[2, 1, 1, 1, 2, 1, 1]
=====================================================================
