Nover Nap Alpha Beta Theta Switch Consecutive MaxIteration
 6    7    0.5  0.2   0.7    1     5        500000
=====================================================================
Kezdeti fitness: 0.10101010101010101
1		@0.11904761904761904		#3
2		@0.13513513513513511		#4
3		@0.16129032258064516		#14
4		@0.24390243902439027		#17
5		@0.29411764705882354		#47
6		@0.3846153846153847		#588
7		@0.6666666666666666		#591
8		@1.0		#1345
9		@1.6666666666666665		#6300
10		@5.0		#10955
=====================================================================
Napok szerint dolgoznak: (0-szabad, 1-delelott, 2-delutan, 3-ejjel)
[0, 1, 2, 3, 0, 3, 2]
[2, 3, 0, 0, 1, 2, 1]
[3, 0, 1, 3, 2, 0, 2]
[1, 2, 2, 0, 3, 0, 3]
[1, 3, 3, 2, 1, 0, 0]
[3, 2, 0, 1, 2, 1, 0]
=====================================================================
Szabad noverek per nap:
[1, 1, 2, 2, 1, 3, 2]
Szabad napok per nover:
[2, 2, 2, 2, 2, 2]
=====================================================================
Delelott dolgoznak:
[2, 1, 1, 1, 2, 1, 1]
Delutan dolgoznak:
[1, 2, 2, 1, 2, 1, 2]
Ejjel dolgoznak:
[2, 2, 1, 2, 1, 1, 1]
=====================================================================
