Nover Nap Alpha Beta Theta Switch Consecutive MaxIteration
 6    7    0.5  0.2   0.7    1     5        500000
=====================================================================
Kezdeti fitness: 0.10869565217391305
1		@0.11627906976744186		#5
2		@0.13157894736842107		#8
3		@0.16129032258064518		#10
4		@0.1639344262295082		#13
5		@0.18518518518518517		#14
6		@0.3703703703703704		#22
7		@0.7142857142857143		#994
8		@1.0		#2118
9		@2.5		#13925
10		@5.0		#20866
=====================================================================
Napok szerint dolgoznak: (0-szabad, 1-delelott, 2-delutan, 3-ejjel)
[2, 0, 1, 0, 3, 3, 2]
[0, 1, 0, 1, 2, 2, 3]
[3, 0, 3, 2, 1, 0, 2]
[0, 3, 2, 3, 2, 1, 0]
[2, 0, 2, 1, 3, 0, 1]
[1, 2, 1, 3, 0, 2, 0]
=====================================================================
Szabad noverek per nap:
[2, 3, 1, 1, 1, 2, 2]
Szabad napok per nover:
[2, 2, 2, 2, 2, 2]
=====================================================================
Delelott dolgoznak:
[1, 1, 2, 2, 1, 1, 1]
Delutan dolgoznak:
[2, 1, 2, 1, 2, 2, 2]
Ejjel dolgoznak:
[1, 1, 1, 2, 2, 1, 1]
=====================================================================
