Nover Nap Alpha Beta Theta Switch Consecutive MaxIteration
 6    7    0.5  0.2   0.7    1     5        500000
=====================================================================
Kezdeti fitness: 0.07407407407407408
1		@0.08333333333333334		#1
2		@0.08474576271186442		#2
3		@0.1075268817204301		#4
4		@0.1111111111111111		#5
5		@0.1234567901234568		#24
6		@0.1388888888888889		#29
7		@0.15384615384615385		#31
8		@0.22222222222222218		#90
9		@0.2857142857142857		#92
10		@1.0		#93
11		@5.0		#60744
=====================================================================
Napok szerint dolgoznak: (0-szabad, 1-delelott, 2-delutan, 3-ejjel)
[0, 1, 1, 2, 3, 2, 0]
[1, 0, 0, 3, 2, 1, 2]
[3, 2, 1, 0, 0, 2, 1]
[0, 3, 2, 2, 1, 0, 1]
[1, 0, 3, 0, 2, 1, 2]
[2, 0, 2, 1, 0, 3, 3]
=====================================================================
Szabad noverek per nap:
[2, 3, 1, 2, 2, 1, 1]
Szabad napok per nover:
[2, 2, 2, 2, 2, 2]
=====================================================================
Delelott dolgoznak:
[2, 1, 2, 1, 1, 2, 2]
Delutan dolgoznak:
[1, 1, 2, 2, 2, 2, 2]
Ejjel dolgoznak:
[1, 1, 1, 1, 1, 1, 1]
=====================================================================
