Nover Nap Alpha Beta Theta Switch Consecutive MaxIteration
 20    15    0.5  0.2   0.7    1     5        1000000
=====================================================================
Kezdeti fitness: 0.018903591682419663
1		@0.019132653061224494		#38
2		@0.01914486279514997		#39
3		@0.019218449711723255		#46
4		@0.020013342228152105		#48
5		@0.020661157024793392		#49
6		@0.021413276231263382		#50
7		@0.021428571428571432		#54
8		@0.022779043280182237		#114
9		@0.023659305993690857		#116
10		@0.023847376788553264		#120
11		@0.023866348448687357		#1226
12		@0.024174053182917005		#1348
13		@0.024311183144246358		#1364
14		@0.024610336341263334		#1365
15		@0.024752475247524757		#1366
16		@0.02495840266222962		#1486
17		@0.025062656641604016		#1528
18		@0.02531645569620253		#2207
19		@0.025402201524132095		#2228
20		@0.026109660574412535		#2231
21		@0.026385224274406333		#2233
22		@0.026525198938992047		#2235
23		@0.026905829596412557		#2239
24		@0.027272727272727268		#2244
25		@0.02737226277372263		#2274
26		@0.02772643253234751		#2412
27		@0.02840909090909092		#2448
28		@0.029880478087649407		#2453
29		@0.03067484662576687		#2454
30		@0.031982942430703626		#2462
31		@0.032327586206896554		#2469
32		@0.03285870755750274		#2471
33		@0.03314917127071824		#2486
34		@0.03367003367003367		#2509
35		@0.033860045146726865		#24314
36		@0.034482758620689655		#24315
37		@0.03645200486026732		#24318
38		@0.03663003663003663		#24329
39		@0.037500000000000006		#24355
40		@0.037735849056603765		#24410
41		@0.0398406374501992		#24412
42		@0.04043126684636118		#116452
43		@0.04225352112676056		#116454
44		@0.04491017964071856		#116456
45		@0.04538577912254161		#116544
46		@0.04552352048558422		#232421
47		@0.04643962848297214		#268303
48		@0.051457975986277875		#268304
=====================================================================
Napok szerint dolgoznak: (0-szabad, 1-delelott, 2-delutan, 3-ejjel)
[2, 1, 3, 2, 0, 3, 0, 1, 2, 2, 0, 0, 1, 0, 3]
[2, 2, 1, 3, 0, 2, 1, 0, 1, 0, 3, 3, 0, 2, 1]
[2, 0, 0, 3, 2, 3, 0, 1, 3, 0, 0, 2, 2, 1, 1]
[1, 0, 2, 0, 2, 1, 0, 1, 2, 3, 0, 1, 3, 0, 3]
[1, 2, 1, 0, 0, 0, 1, 3, 2, 0, 3, 3, 0, 2, 1]
[0, 2, 1, 1, 1, 2, 0, 3, 0, 0, 1, 3, 0, 3, 2]
[1, 0, 3, 2, 1, 2, 0, 1, 0, 0, 2, 1, 3, 3, 0]
[0, 3, 0, 2, 3, 3, 0, 1, 0, 2, 0, 2, 1, 1, 2]
[2, 3, 3, 0, 2, 1, 1, 2, 0, 2, 1, 0, 0, 3, 0]
[0, 1, 2, 0, 0, 3, 2, 3, 2, 0, 0, 1, 1, 1, 3]
[3, 2, 0, 0, 1, 2, 3, 0, 1, 1, 2, 0, 3, 0, 2]
[0, 0, 2, 1, 1, 0, 1, 2, 0, 3, 2, 3, 3, 2, 0]
[3, 2, 1, 0, 2, 1, 0, 0, 3, 2, 0, 0, 3, 2, 1]
[2, 3, 0, 3, 0, 1, 3, 0, 0, 2, 2, 2, 1, 1, 0]
[1, 2, 0, 2, 1, 2, 1, 3, 3, 0, 1, 0, 0, 0, 3]
[0, 3, 2, 3, 0, 3, 0, 1, 1, 0, 1, 0, 2, 2, 2]
[2, 0, 0, 1, 3, 0, 3, 2, 0, 3, 2, 1, 2, 0, 1]
[3, 0, 0, 2, 3, 0, 1, 0, 2, 1, 1, 2, 1, 3, 0]
[0, 0, 1, 0, 1, 1, 2, 2, 1, 3, 3, 0, 0, 3, 2]
[1, 1, 2, 1, 2, 0, 3, 0, 3, 0, 3, 2, 0, 0, 1]
=====================================================================
Szabad noverek per nap:
[6, 7, 7, 7, 6, 5, 8, 6, 7, 9, 6, 7, 7, 6, 5]
Szabad napok per nover:
[5, 4, 5, 5, 5, 5, 5, 5, 5, 5, 5, 5, 5, 5, 5, 5, 5, 5, 5, 5]
=====================================================================
Delelott dolgoznak:
[5, 3, 5, 4, 6, 5, 6, 6, 4, 2, 5, 4, 5, 4, 6]
Delutan dolgoznak:
[6, 6, 5, 5, 5, 5, 2, 4, 5, 5, 5, 5, 3, 5, 5]
Ejjel dolgoznak:
[3, 4, 3, 4, 3, 5, 4, 4, 4, 4, 4, 4, 5, 5, 4]
=====================================================================
