Nover Nap Alpha Beta Theta Switch Consecutive MaxIteration
 20    15    0.5  0.2   0.7    1     5        1000000
=====================================================================
Kezdeti fitness: 0.016629711751662973
1		@0.01668520578420467		#31
2		@0.016797312430011202		#37
3		@0.016882386043894203		#48
4		@0.0169971671388102		#51
5		@0.01705514496873223		#52
6		@0.01710376282782212		#54
7		@0.017162471395881007		#58
8		@0.0176159718144451		#154
9		@0.017899761336515517		#155
10		@0.018975332068311198		#156
11		@0.019011406844106467		#159
12		@0.019023462270133167		#163
13		@0.019059720457433295		#164
14		@0.019379844961240313		#165
15		@0.020026702269692928		#181
16		@0.020066889632107027		#210
17		@0.020775623268698064		#213
18		@0.021261516654854713		#215
19		@0.02166064981949459		#216
20		@0.022010271460014677		#266
21		@0.022744503411675516		#351
22		@0.022831050228310508		#359
23		@0.023584905660377364		#360
24		@0.023885350318471343		#361
25		@0.02401921537229784		#363
26		@0.02465078060805259		#366
27		@0.024671052631578948		#368
28		@0.02564102564102564		#369
29		@0.025951557093425608		#372
30		@0.028248587570621476		#375
31		@0.029732408325074323		#1501
32		@0.029910269192422727		#1502
33		@0.030581039755351685		#1503
34		@0.031023784901758014		#6199
35		@0.03118503118503119		#9327
36		@0.03121748178980229		#9350
37		@0.03138075313807532		#9360
38		@0.032432432432432434		#12290
39		@0.03337041156840934		#12291
40		@0.03359462486002239		#12297
41		@0.03460207612456748		#12298
42		@0.03759398496240602		#20545
43		@0.03773584905660377		#47380
44		@0.038860103626943004		#47486
45		@0.03931847968545217		#58246
46		@0.03952569169960475		#58253
47		@0.04081632653061224		#247816
48		@0.04201680672268908		#247817
49		@0.043227665706051875		#247818
50		@0.043923865300146414		#247820
51		@0.044642857142857144		#969606
52		@0.047619047619047616		#969608
53		@0.048387096774193554		#969614
=====================================================================
Napok szerint dolgoznak: (0-szabad, 1-delelott, 2-delutan, 3-ejjel)
[0, 2, 1, 3, 0, 2, 2, 1, 2, 0, 0, 0, 1, 3, 3]
[2, 0, 2, 3, 3, 2, 1, 3, 0, 1, 2, 1, 0, 1, 0]
[3, 0, 0, 1, 2, 0, 2, 3, 3, 0, 0, 2, 1, 1, 1]
[0, 1, 1, 3, 0, 1, 2, 3, 0, 0, 1, 2, 2, 3, 0]
[1, 2, 3, 0, 1, 0, 2, 0, 3, 2, 0, 3, 0, 1, 2]
[2, 2, 3, 0, 1, 3, 0, 0, 1, 1, 0, 0, 2, 2, 3]
[0, 2, 1, 1, 0, 3, 3, 2, 1, 1, 0, 3, 3, 2, 0]
[2, 3, 0, 3, 0, 2, 1, 2, 1, 0, 1, 0, 1, 0, 3]
[3, 0, 0, 2, 3, 2, 0, 0, 1, 2, 3, 2, 1, 1, 0]
[3, 3, 2, 1, 0, 0, 1, 0, 2, 2, 1, 2, 0, 0, 3]
[3, 3, 0, 0, 2, 1, 1, 1, 1, 0, 0, 3, 2, 3, 2]
[1, 1, 1, 1, 3, 3, 0, 0, 0, 0, 3, 0, 2, 2, 2]
[3, 0, 1, 0, 1, 3, 0, 2, 0, 2, 3, 2, 0, 2, 1]
[0, 1, 2, 1, 3, 2, 0, 2, 3, 2, 0, 1, 3, 0, 0]
[1, 2, 3, 2, 0, 0, 2, 1, 2, 3, 0, 0, 3, 0, 1]
[2, 3, 0, 2, 2, 1, 1, 3, 0, 2, 3, 0, 0, 0, 1]
[0, 1, 1, 1, 1, 0, 0, 2, 2, 3, 2, 3, 0, 2, 3]
[3, 0, 1, 2, 0, 1, 3, 0, 2, 1, 3, 0, 0, 2, 2]
[2, 0, 3, 2, 2, 0, 0, 1, 1, 0, 0, 3, 3, 2, 1]
[1, 0, 2, 2, 1, 1, 3, 3, 0, 0, 2, 0, 2, 3, 0]
=====================================================================
Szabad noverek per nap:
[5, 7, 5, 4, 7, 6, 7, 6, 6, 8, 9, 8, 7, 5, 6]
Szabad napok per nover:
[5, 4, 5, 5, 5, 5, 4, 5, 5, 5, 4, 5, 5, 5, 5, 5, 4, 5, 5, 5]
=====================================================================
Delelott dolgoznak:
[4, 4, 7, 6, 5, 5, 5, 4, 6, 4, 3, 2, 4, 4, 5]
Delutan dolgoznak:
[5, 5, 4, 6, 4, 5, 5, 5, 5, 6, 3, 5, 5, 7, 4]
Ejjel dolgoznak:
[6, 4, 4, 4, 4, 4, 3, 5, 3, 2, 5, 5, 4, 4, 5]
=====================================================================
