Nover Nap Alpha Beta Theta Switch Consecutive MaxIteration
 20    15    0.5  0.2   0.7    1     5        1000000
=====================================================================
Kezdeti fitness: 0.021489971346704877
1		@0.02155172413793104		#13
2		@0.02197802197802198		#33
3		@0.022058823529411766		#35
4		@0.02267573696145125		#40
5		@0.022831050228310504		#41
6		@0.023400936037441502		#44
7		@0.024330900243309007		#230
8		@0.02446982055464927		#243
9		@0.02523128679562658		#245
10		@0.026269702276707524		#2075
11		@0.02770083102493075		#2145
12		@0.029239766081871343		#2154
13		@0.03036437246963563		#2155
14		@0.030456852791878177		#2421
15		@0.031088082901554407		#2429
16		@0.03257328990228014		#2432
17		@0.0331858407079646		#14116
18		@0.03393665158371041		#14119
19		@0.03492433061699651		#16852
20		@0.03575685339690107		#16854
21		@0.03584229390681004		#25407
22		@0.03745318352059925		#25412
23		@0.03816793893129772		#77806
24		@0.03851091142490372		#121551
25		@0.03931847968545217		#121559
26		@0.04155124653739613		#243949
27		@0.043859649122807015		#243953
=====================================================================
Napok szerint dolgoznak: (0-szabad, 1-delelott, 2-delutan, 3-ejjel)
[2, 1, 1, 0, 0, 2, 3, 0, 1, 0, 1, 3, 3, 2, 0]
[1, 2, 0, 3, 0, 0, 1, 2, 3, 0, 3, 2, 0, 1, 1]
[2, 3, 0, 1, 1, 3, 0, 3, 2, 1, 0, 0, 2, 3, 2]
[0, 2, 3, 2, 1, 1, 2, 2, 0, 0, 1, 1, 3, 3, 0]
[1, 1, 2, 2, 2, 0, 0, 1, 3, 0, 3, 0, 0, 3, 2]
[3, 0, 2, 3, 0, 1, 1, 1, 2, 0, 2, 3, 3, 0, 2]
[0, 1, 1, 0, 3, 0, 3, 0, 1, 2, 1, 3, 2, 0, 2]
[3, 0, 3, 2, 2, 0, 2, 0, 1, 0, 1, 2, 1, 3, 0]
[3, 3, 3, 0, 1, 1, 2, 2, 1, 0, 2, 0, 0, 0, 1]
[2, 2, 3, 3, 0, 1, 1, 3, 3, 0, 2, 0, 1, 1, 0]
[3, 3, 0, 1, 2, 2, 1, 3, 0, 1, 0, 0, 2, 0, 2]
[3, 0, 2, 1, 0, 1, 1, 1, 0, 2, 0, 2, 0, 3, 3]
[1, 1, 1, 2, 0, 0, 3, 3, 2, 2, 0, 1, 0, 2, 3]
[2, 1, 2, 1, 2, 0, 3, 0, 1, 3, 3, 0, 0, 0, 1]
[0, 1, 0, 3, 3, 2, 0, 1, 0, 2, 2, 2, 1, 1, 3]
[1, 1, 1, 3, 0, 0, 0, 2, 2, 3, 3, 0, 1, 2, 2]
[0, 0, 0, 1, 2, 1, 0, 0, 3, 2, 2, 1, 3, 2, 3]
[1, 3, 0, 0, 1, 3, 2, 0, 2, 0, 1, 1, 3, 0, 2]
[0, 0, 2, 2, 3, 3, 0, 1, 1, 0, 3, 2, 1, 0, 1]
[0, 1, 0, 2, 1, 2, 0, 3, 2, 3, 0, 2, 0, 1, 3]
=====================================================================
Szabad noverek per nap:
[6, 5, 7, 4, 7, 7, 7, 6, 4, 10, 5, 7, 7, 7, 4]
Szabad napok per nover:
[5, 5, 4, 4, 5, 4, 5, 5, 5, 4, 5, 5, 4, 5, 4, 4, 5, 5, 5, 5]
=====================================================================
Delelott dolgoznak:
[5, 8, 4, 5, 5, 6, 5, 5, 6, 2, 5, 4, 5, 4, 4]
Delutan dolgoznak:
[4, 3, 5, 6, 5, 4, 4, 4, 6, 5, 5, 6, 3, 4, 7]
Ejjel dolgoznak:
[5, 4, 4, 5, 3, 3, 4, 5, 4, 3, 5, 3, 5, 5, 5]
=====================================================================
