Nover Nap Alpha Beta Theta Switch Consecutive MaxIteration
 20    15    0.5  0.2   0.7    1     5        1000000
=====================================================================
Kezdeti fitness: 0.017615971814445096
1		@0.01798561151079137		#26
2		@0.018148820326678763		#37
3		@0.018315018315018316		#149
4		@0.018484288354898338		#150
5		@0.018738288569643973		#151
6		@0.01893939393939394		#152
7		@0.01920614596670935		#154
8		@0.01929260450160772		#176
9		@0.019620667102681493		#180
10		@0.02005347593582888		#181
11		@0.020590253946465343		#215
12		@0.021770682148040642		#216
13		@0.022091310751104574		#420
14		@0.022539444027047335		#422
15		@0.022779043280182237		#507
16		@0.02298850574712644		#510
17		@0.023419203747072598		#561
18		@0.023492560689115115		#581
19		@0.024193548387096774		#587
20		@0.024429967426710095		#589
21		@0.025295109612141653		#591
22		@0.025751072961373394		#596
23		@0.026572187776793627		#1531
24		@0.027051397655545546		#1532
25		@0.02770083102493075		#1534
26		@0.028544243577545203		#1536
27		@0.029126213592233014		#1537
28		@0.02923976608187135		#1540
29		@0.030487804878048783		#1542
30		@0.033222591362126255		#3025
31		@0.0336322869955157		#3026
32		@0.03541912632821723		#3337
33		@0.03826530612244898		#3339
34		@0.03856041131105399		#3349
35		@0.0388098318240621		#16635
36		@0.0391644908616188		#18848
37		@0.03984063745019921		#34154
38		@0.040322580645161296		#44615
39		@0.0407055630936228		#263224
40		@0.04109589041095891		#263225
41		@0.04143646408839779		#263226
42		@0.042372881355932215		#263229
43		@0.042979942693409746		#595051
=====================================================================
Napok szerint dolgoznak: (0-szabad, 1-delelott, 2-delutan, 3-ejjel)
[1, 1, 2, 1, 3, 0, 3, 2, 3, 2, 0, 0, 2, 0, 0]
[3, 0, 3, 0, 0, 3, 2, 2, 2, 3, 0, 1, 2, 1, 1]
[0, 0, 1, 3, 2, 0, 1, 1, 1, 2, 3, 0, 3, 0, 2]
[0, 2, 1, 2, 2, 0, 1, 1, 3, 0, 2, 0, 3, 3, 3]
[0, 2, 3, 0, 0, 1, 1, 0, 3, 2, 1, 3, 0, 2, 2]
[1, 2, 0, 2, 2, 0, 0, 3, 0, 1, 2, 1, 3, 3, 0]
[1, 2, 0, 3, 0, 2, 0, 3, 2, 2, 1, 0, 1, 0, 3]
[0, 2, 3, 0, 3, 0, 1, 3, 2, 0, 1, 0, 1, 2, 2]
[0, 1, 3, 0, 0, 2, 2, 1, 3, 0, 2, 3, 0, 2, 1]
[3, 0, 3, 2, 1, 1, 3, 2, 0, 0, 0, 1, 0, 2, 1]
[0, 1, 2, 0, 3, 3, 2, 1, 0, 1, 2, 0, 2, 0, 3]
[3, 0, 1, 3, 2, 0, 2, 1, 0, 1, 1, 0, 2, 3, 2]
[2, 0, 1, 0, 1, 2, 3, 0, 3, 3, 0, 2, 0, 2, 1]
[2, 1, 0, 1, 1, 0, 2, 1, 0, 3, 3, 3, 0, 0, 2]
[2, 1, 1, 0, 1, 0, 1, 0, 2, 2, 3, 3, 0, 3, 0]
[1, 0, 2, 3, 2, 3, 0, 2, 1, 0, 3, 2, 1, 1, 0]
[0, 1, 1, 2, 0, 1, 3, 2, 1, 0, 3, 0, 2, 3, 0]
[2, 0, 2, 1, 1, 1, 0, 3, 3, 3, 0, 0, 3, 2, 1]
[3, 0, 2, 0, 3, 3, 2, 1, 1, 1, 0, 0, 2, 1, 0]
[0, 3, 0, 2, 1, 2, 1, 0, 1, 0, 3, 2, 0, 2, 3]
=====================================================================
Szabad noverek per nap:
[8, 8, 4, 8, 5, 8, 4, 4, 5, 7, 6, 10, 7, 5, 6]
Szabad napok per nover:
[5, 4, 5, 4, 5, 5, 5, 5, 5, 5, 5, 4, 5, 5, 5, 4, 5, 4, 5, 5]
=====================================================================
Delelott dolgoznak:
[4, 6, 6, 3, 6, 4, 6, 7, 5, 4, 4, 3, 3, 3, 5]
Delutan dolgoznak:
[4, 5, 5, 5, 5, 4, 6, 5, 4, 5, 4, 3, 6, 7, 5]
Ejjel dolgoznak:
[4, 1, 5, 4, 4, 4, 4, 4, 6, 4, 6, 4, 4, 5, 4]
=====================================================================
