Nover Nap Alpha Beta Theta Switch Consecutive MaxIteration
 20    15    0.5  0.2   0.7    1     5        1000000
=====================================================================
Kezdeti fitness: 0.02386634844868735
1 		@ 0.024350649350649352 		# 609
2 		@ 0.025445292620865145 		# 776
3 		@ 0.026978417266187053 		# 777
4 		@ 0.02737226277372263 		# 779
5 		@ 0.02790697674418605 		# 780
6 		@ 0.028222013170272814 		# 781
7 		@ 0.0285171102661597 		# 2198
8 		@ 0.029469548133595282 		# 2206
9 		@ 0.030927835051546396 		# 2213
10 		@ 0.03229278794402584 		# 3257
11 		@ 0.03250270855904659 		# 3336
12 		@ 0.0340522133938706 		# 19759
13 		@ 0.034403669724770644 		# 19764
14 		@ 0.036855036855036855 		# 19767
15 		@ 0.0373134328358209 		# 20624
16 		@ 0.0388098318240621 		# 20625
17 		@ 0.03994673768308922 		# 104194
18 		@ 0.04109589041095891 		# 118904
19 		@ 0.042979942693409746 		# 192208
20 		@ 0.04335260115606936 		# 192209
21 		@ 0.04497751124437781 		# 192215
22 		@ 0.046875 		# 437864
=====================================================================
Napok szerint dolgoznak: (0-szabad, 1-delelott, 2-delutan, 3-ejjel)
[3, 0, 2, 1, 0, 3, 0, 2, 1, 0, 3, 0, 2, 1, 2]
[0, 3, 2, 3, 2, 0, 3, 0, 1, 2, 0, 1, 2, 1, 3]
[0, 0, 2, 3, 3, 0, 1, 1, 2, 1, 0, 2, 0, 3, 2]
[1, 3, 0, 2, 1, 2, 2, 3, 0, 0, 1, 1, 0, 3, 0]
[2, 2, 0, 1, 0, 2, 2, 0, 1, 1, 3, 0, 1, 3, 3]
[2, 1, 0, 0, 2, 1, 3, 0, 3, 3, 0, 0, 1, 1, 2]
[1, 2, 1, 1, 0, 2, 1, 3, 3, 3, 0, 0, 2, 0, 0]
[1, 1, 0, 2, 3, 0, 3, 2, 2, 1, 0, 0, 1, 0, 3]
[1, 2, 0, 2, 0, 1, 1, 3, 0, 3, 2, 3, 3, 0, 1]
[0, 1, 3, 0, 1, 0, 2, 3, 0, 2, 0, 2, 2, 1, 3]
[0, 2, 3, 3, 2, 3, 0, 2, 0, 1, 0, 0, 1, 2, 1]
[2, 0, 1, 1, 3, 0, 3, 3, 0, 1, 2, 2, 1, 0, 0]
[3, 0, 0, 2, 1, 0, 0, 1, 3, 2, 1, 1, 3, 0, 2]
[2, 0, 3, 0, 3, 2, 2, 0, 0, 3, 2, 1, 0, 1, 1]
[3, 0, 2, 1, 0, 2, 3, 2, 0, 0, 1, 0, 1, 2, 3]
[1, 1, 3, 2, 0, 0, 1, 0, 2, 3, 3, 2, 0, 1, 0]
[0, 0, 1, 0, 3, 0, 3, 2, 1, 2, 0, 2, 3, 2, 1]
[0, 2, 1, 0, 0, 3, 2, 1, 3, 0, 3, 2, 1, 2, 1]
[2, 2, 2, 0, 0, 1, 1, 1, 0, 0, 0, 3, 3, 3, 2]
[1, 3, 0, 0, 1, 1, 0, 1, 3, 3, 2, 2, 0, 2, 0]
=====================================================================
Szabad noverek per nap:
[6, 7, 7, 7, 8, 8, 4, 5, 8, 5, 9, 7, 5, 5, 5]
Szabad napok per nover:
[5, 4, 5, 5, 4, 5, 5, 5, 4, 5, 5, 5, 5, 5, 5, 5, 5, 4, 5, 5]
=====================================================================
Delelott dolgoznak:
[6, 4, 4, 5, 4, 4, 5, 5, 4, 5, 3, 4, 7, 6, 5]
Delutan dolgoznak:
[5, 6, 5, 5, 3, 5, 5, 5, 3, 4, 4, 7, 4, 5, 5]
Ejjel dolgoznak:
[3, 3, 4, 3, 5, 3, 6, 5, 5, 6, 4, 2, 4, 4, 5]
=====================================================================