Nover Nap Alpha Beta Theta Switch Consecutive MaxIteration
 20    15    0.5  0.2   0.7    1     5        1000000
=====================================================================
Kezdeti fitness: 0.02161383285302594
1		@0.022205773501110294		#3
2		@0.02228826151560179		#4
3		@0.023547880690737835		#5
4		@0.023866348448687357		#14
5		@0.024271844660194178		#17
6		@0.02429149797570851		#19
7		@0.024732069249793907		#33
8		@0.02583979328165375		#35
9		@0.026223776223776227		#62
10		@0.026833631484794285		#65
11		@0.027522935779816522		#370
12		@0.029673590504451043		#372
13		@0.030120481927710847		#3664
14		@0.031678986272439286		#3669
15		@0.032397408207343416		#3734
16		@0.033296337402885685		#12830
17		@0.03448275862068966		#16617
18		@0.03488372093023256		#16618
19		@0.03645200486026732		#16619
20		@0.03703703703703704		#64563
21		@0.03836317135549872		#83023
22		@0.03901170351105332		#85951
23		@0.039525691699604744		#295391
24		@0.03952569169960475		#522394
25		@0.040160642570281124		#901589
=====================================================================
Napok szerint dolgoznak: (0-szabad, 1-delelott, 2-delutan, 3-ejjel)
[1, 0, 1, 1, 2, 0, 3, 2, 3, 0, 0, 1, 3, 0, 2]
[1, 2, 3, 2, 0, 2, 1, 3, 0, 0, 0, 0, 1, 1, 3]
[0, 2, 2, 2, 2, 1, 3, 0, 1, 1, 0, 0, 3, 3, 0]
[2, 1, 3, 0, 3, 3, 0, 1, 2, 2, 0, 1, 0, 0, 2]
[0, 3, 2, 1, 3, 3, 0, 1, 2, 1, 2, 0, 2, 0, 0]
[1, 3, 3, 0, 1, 3, 0, 2, 1, 1, 0, 0, 0, 2, 2]
[2, 3, 2, 0, 0, 1, 0, 2, 1, 2, 1, 0, 0, 3, 3]
[3, 0, 0, 3, 0, 1, 1, 2, 3, 2, 2, 1, 0, 2, 0]
[1, 1, 1, 3, 2, 0, 0, 1, 0, 3, 3, 2, 2, 0, 2]
[1, 2, 3, 0, 0, 3, 2, 0, 1, 2, 1, 3, 0, 1, 2]
[3, 3, 0, 2, 0, 0, 0, 2, 1, 0, 2, 1, 1, 3, 2]
[0, 1, 2, 3, 2, 2, 0, 0, 1, 1, 1, 0, 0, 3, 3]
[3, 0, 2, 1, 1, 2, 3, 0, 3, 2, 1, 0, 0, 0, 1]
[1, 2, 2, 3, 0, 1, 2, 0, 0, 3, 3, 2, 1, 0, 0]
[0, 3, 0, 1, 1, 0, 3, 2, 2, 3, 0, 0, 2, 1, 1]
[0, 1, 0, 1, 3, 0, 2, 3, 0, 3, 2, 2, 1, 1, 0]
[2, 0, 1, 2, 3, 0, 1, 0, 0, 2, 2, 1, 3, 0, 3]
[2, 3, 0, 0, 3, 0, 1, 2, 3, 0, 0, 1, 1, 2, 1]
[2, 1, 0, 0, 2, 3, 0, 1, 1, 0, 3, 3, 0, 2, 1]
[0, 3, 2, 2, 1, 1, 0, 0, 3, 0, 3, 2, 2, 1, 1]
=====================================================================
Szabad noverek per nap:
[6, 4, 6, 6, 6, 7, 9, 7, 5, 6, 7, 8, 8, 7, 5]
Szabad napok per nover:
[5, 5, 5, 5, 5, 5, 5, 5, 4, 4, 5, 5, 5, 5, 5, 5, 5, 5, 5, 4]
=====================================================================
Delelott dolgoznak:
[6, 5, 3, 5, 4, 5, 4, 4, 7, 4, 4, 6, 5, 5, 5]
Delutan dolgoznak:
[5, 4, 7, 5, 5, 3, 3, 7, 3, 6, 5, 4, 4, 4, 6]
Ejjel dolgoznak:
[3, 7, 4, 4, 5, 5, 4, 2, 5, 4, 4, 2, 3, 4, 4]
=====================================================================
