Nover Nap Alpha Beta Theta Switch Consecutive MaxIteration
 20    15    0.5  0.2   0.7    1     5        1000000
=====================================================================
Kezdeti fitness: 0.018393623543838136
1		@0.01852995676343422		#2
2		@0.018633540372670808		#6
3		@0.019430051813471502		#8
4		@0.0195822454308094		#10
5		@0.01977587343441002		#15
6		@0.02005347593582888		#17
7		@0.020646937370956644		#18
8		@0.021216407355021217		#19
9		@0.021261516654854717		#31
10		@0.022607385079125852		#37
11		@0.023076923076923078		#46
12		@0.023847376788553264		#47
13		@0.024370430544272955		#48
14		@0.025510204081632657		#85
15		@0.026595744680851074		#88
16		@0.02832861189801701		#1003
17		@0.028846153846153848		#1375
18		@0.029182879377431907		#1376
19		@0.02935420743639922		#1384
20		@0.029702970297029705		#1385
21		@0.030706243602865925		#1400
22		@0.03171247357293871		#9154
23		@0.03282275711159738		#9171
24		@0.03303964757709252		#9178
25		@0.03550295857988166		#9179
26		@0.03722084367245658		#17028
27		@0.037641154328732745		#61935
28		@0.038860103626943004		#61950
29		@0.03911342894393742		#61952
30		@0.04048582995951417		#61954
31		@0.041039671682626545		#486526
32		@0.04225352112676057		#486527
33		@0.04405286343612336		#486532
34		@0.04672897196261683		#486538
35		@0.04761904761904763		#705576
=====================================================================
Napok szerint dolgoznak: (0-szabad, 1-delelott, 2-delutan, 3-ejjel)
[2, 3, 0, 3, 2, 1, 3, 0, 1, 0, 1, 0, 0, 2, 2]
[3, 0, 2, 1, 0, 3, 0, 2, 1, 2, 2, 0, 1, 3, 0]
[1, 0, 1, 2, 0, 1, 0, 2, 0, 3, 3, 3, 2, 0, 1]
[0, 3, 2, 3, 0, 1, 1, 1, 0, 1, 3, 2, 2, 0, 0]
[1, 0, 2, 1, 3, 2, 3, 0, 2, 1, 0, 2, 3, 0, 0]
[1, 1, 3, 2, 0, 1, 0, 2, 3, 0, 0, 1, 0, 2, 3]
[0, 1, 0, 3, 2, 0, 3, 0, 3, 2, 2, 2, 1, 0, 1]
[0, 2, 1, 0, 3, 2, 2, 3, 0, 3, 2, 0, 1, 1, 0]
[2, 0, 3, 2, 1, 0, 0, 2, 2, 3, 0, 0, 1, 1, 3]
[2, 0, 1, 0, 1, 0, 1, 2, 0, 0, 2, 2, 3, 3, 3]
[1, 0, 2, 1, 1, 3, 0, 2, 2, 0, 0, 1, 3, 0, 3]
[2, 3, 0, 3, 2, 0, 0, 3, 2, 2, 0, 1, 1, 1, 0]
[0, 3, 3, 2, 1, 0, 3, 0, 3, 0, 1, 1, 2, 2, 2]
[2, 1, 1, 0, 1, 0, 2, 0, 2, 2, 0, 3, 3, 3, 0]
[3, 2, 2, 0, 2, 3, 0, 1, 3, 0, 1, 3, 0, 1, 1]
[1, 0, 1, 0, 2, 0, 1, 0, 2, 2, 3, 3, 3, 3, 2]
[1, 2, 0, 0, 3, 3, 2, 1, 2, 3, 0, 0, 2, 0, 1]
[3, 0, 0, 2, 1, 2, 1, 1, 1, 0, 2, 0, 3, 3, 3]
[3, 0, 2, 3, 0, 2, 2, 3, 0, 1, 1, 1, 1, 2, 0]
[0, 1, 3, 0, 2, 3, 0, 0, 0, 1, 2, 3, 2, 1, 2]
=====================================================================
Szabad noverek per nap:
[5, 9, 5, 7, 5, 7, 8, 7, 6, 7, 7, 6, 3, 6, 7]
Szabad napok per nover:
[5, 5, 5, 5, 5, 5, 5, 5, 5, 5, 5, 5, 4, 5, 4, 4, 5, 4, 4, 5]
=====================================================================
Delelott dolgoznak:
[6, 4, 5, 3, 6, 4, 4, 4, 3, 4, 4, 5, 6, 5, 4]
Delutan dolgoznak:
[5, 3, 6, 5, 6, 4, 4, 6, 7, 5, 6, 4, 5, 4, 4]
Ejjel dolgoznak:
[4, 4, 4, 5, 3, 5, 4, 3, 4, 4, 3, 5, 6, 5, 5]
=====================================================================
