Nover Nap Alpha Beta Theta Switch Consecutive MaxIteration
 20    15    0.5  0.2   0.7    1     5        1000000
=====================================================================
Kezdeti fitness: 0.019132653061224494
1		@0.019595035924232528		#2
2		@0.02027027027027027		#23
3		@0.020732550103662758		#24
4		@0.021126760563380285		#27
5		@0.021770682148040645		#28
6		@0.021786492374727674		#63
7		@0.023112480739599386		#65
8		@0.023130300693909027		#68
9		@0.02394253790901836		#305
10		@0.024174053182917005		#576
11		@0.024193548387096777		#580
12		@0.02514668901927913		#581
13		@0.02581755593803787		#585
14		@0.02588438308886972		#1195
15		@0.02631578947368421		#1215
16		@0.026619343389529728		#1318
17		@0.027649769585253458		#1321
18		@0.027855153203342625		#2652
19		@0.029440628066732102		#2653
20		@0.03036437246963563		#2655
21		@0.03243243243243244		#2657
22		@0.032967032967032975		#2660
23		@0.033936651583710405		#3253
24		@0.03416856492027335		#15690
25		@0.03464203233256351		#40379
26		@0.03484320557491289		#82962
27		@0.03546099290780142		#105754
28		@0.03575685339690107		#174172
29		@0.03865979381443299		#174173
30		@0.040106951871657755		#354625
31		@0.04065040650406504		#423437
32		@0.04103967168262654		#525030
33		@0.04411764705882353		#525032
34		@0.045941807044410414		#525033
=====================================================================
Napok szerint dolgoznak: (0-szabad, 1-delelott, 2-delutan, 3-ejjel)
[1, 2, 0, 1, 2, 0, 3, 0, 1, 0, 3, 2, 0, 2, 3]
[2, 1, 2, 0, 0, 1, 3, 3, 3, 0, 1, 0, 0, 2, 2]
[0, 0, 0, 2, 3, 3, 0, 3, 2, 2, 1, 2, 1, 1, 0]
[3, 0, 1, 1, 0, 2, 0, 2, 3, 0, 3, 0, 1, 1, 2]
[0, 0, 2, 2, 1, 0, 0, 1, 1, 1, 3, 3, 3, 3, 2]
[2, 3, 3, 2, 0, 3, 2, 1, 0, 0, 0, 1, 2, 1, 1]
[0, 3, 2, 1, 0, 1, 0, 2, 2, 1, 0, 1, 3, 3, 2]
[1, 0, 2, 3, 2, 3, 0, 3, 0, 1, 2, 1, 1, 2, 0]
[1, 2, 2, 3, 0, 3, 3, 0, 2, 2, 1, 1, 0, 1, 0]
[2, 0, 0, 2, 1, 3, 3, 0, 1, 2, 2, 1, 3, 0, 3]
[0, 3, 2, 1, 0, 2, 2, 0, 0, 1, 1, 3, 2, 0, 3]
[3, 2, 1, 1, 3, 2, 0, 1, 2, 2, 0, 1, 0, 0, 3]
[3, 0, 1, 0, 2, 1, 1, 2, 0, 0, 1, 3, 2, 3, 0]
[1, 1, 3, 0, 2, 0, 1, 0, 3, 2, 0, 0, 3, 2, 1]
[1, 0, 1, 0, 3, 2, 1, 0, 1, 0, 2, 2, 0, 3, 3]
[2, 1, 0, 3, 3, 2, 1, 3, 0, 1, 2, 0, 1, 2, 0]
[3, 2, 3, 0, 1, 1, 0, 0, 3, 2, 2, 2, 0, 0, 1]
[0, 0, 1, 2, 1, 3, 2, 0, 1, 2, 0, 3, 0, 2, 3]
[0, 3, 0, 0, 1, 3, 0, 1, 2, 3, 2, 1, 2, 0, 1]
[2, 1, 1, 0, 3, 0, 2, 2, 3, 0, 0, 1, 1, 3, 0]
=====================================================================
Szabad noverek per nap:
[6, 8, 5, 7, 6, 4, 8, 8, 5, 7, 6, 4, 7, 5, 6]
Szabad napok per nover:
[5, 5, 5, 5, 4, 4, 4, 4, 4, 4, 5, 4, 5, 5, 5, 4, 5, 5, 5, 5]
=====================================================================
Delelott dolgoznak:
[5, 4, 6, 5, 5, 4, 4, 4, 5, 5, 5, 8, 5, 4, 4]
Delutan dolgoznak:
[5, 4, 6, 5, 4, 5, 4, 4, 5, 7, 6, 4, 4, 6, 4]
Ejjel dolgoznak:
[4, 4, 3, 3, 5, 7, 4, 4, 5, 1, 3, 4, 4, 5, 6]
=====================================================================
