Nover Nap Alpha Beta Theta Switch Consecutive MaxIteration
 20    15    0.5  0.2   0.7    1     5        1000000
=====================================================================
Kezdeti fitness: 0.0200133422281521
1		@0.020408163265306124		#16
2		@0.02051983584131327		#30
3		@0.02077562326869806		#31
4		@0.020847810979847118		#35
5		@0.021156558533145277		#40
6		@0.021474588403722267		#41
7		@0.021802325581395353		#47
8		@0.021834061135371185		#76
9		@0.02220577350111029		#87
10		@0.022918258212375864		#90
11		@0.024077046548956663		#91
12		@0.02421307506053269		#412
13		@0.02465078060805259		#413
14		@0.02495840266222962		#414
15		@0.02542372881355933		#420
16		@0.02700270027002701		#421
17		@0.02806361085126287		#820
18		@0.02840909090909091		#842
19		@0.02958579881656805		#845
20		@0.02973240832507433		#850
21		@0.03205128205128205		#852
22		@0.03293084522502744		#881
23		@0.034443168771526984		#898
24		@0.03575685339690107		#900
25		@0.03768844221105528		#901
26		@0.04059539918809202		#905
27		@0.04143646408839779		#508207
28		@0.04366812227074236		#508209
29		@0.04504504504504506		#508212
=====================================================================
Napok szerint dolgoznak: (0-szabad, 1-delelott, 2-delutan, 3-ejjel)
[2, 1, 3, 3, 0, 2, 1, 3, 0, 0, 0, 2, 0, 1, 2]
[0, 1, 3, 2, 1, 0, 3, 2, 2, 0, 2, 1, 3, 0, 0]
[1, 1, 2, 2, 0, 1, 3, 3, 0, 0, 1, 0, 0, 3, 2]
[2, 1, 1, 1, 2, 0, 0, 3, 3, 0, 3, 0, 2, 0, 2]
[3, 2, 0, 3, 2, 1, 1, 3, 0, 1, 1, 2, 0, 0, 0]
[1, 1, 3, 0, 3, 0, 1, 0, 3, 0, 1, 3, 2, 2, 2]
[1, 3, 3, 0, 2, 1, 0, 1, 2, 2, 0, 2, 1, 0, 3]
[3, 0, 1, 0, 0, 0, 2, 2, 2, 1, 3, 0, 2, 1, 3]
[2, 3, 2, 2, 0, 0, 1, 0, 1, 3, 0, 2, 1, 3, 0]
[2, 1, 0, 2, 1, 0, 0, 3, 0, 1, 3, 0, 3, 2, 2]
[0, 3, 2, 1, 3, 0, 2, 1, 1, 2, 0, 3, 0, 1, 0]
[0, 2, 0, 0, 0, 2, 1, 3, 3, 2, 0, 1, 1, 1, 3]
[2, 0, 1, 0, 1, 3, 0, 1, 0, 3, 2, 2, 3, 0, 1]
[2, 0, 0, 1, 1, 2, 1, 2, 3, 3, 0, 3, 0, 2, 0]
[3, 2, 0, 2, 1, 3, 0, 0, 0, 0, 2, 1, 3, 2, 1]
[0, 3, 2, 1, 2, 0, 0, 1, 1, 3, 0, 2, 2, 0, 3]
[0, 0, 3, 3, 0, 2, 1, 2, 0, 0, 1, 1, 1, 3, 2]
[1, 0, 1, 3, 3, 0, 2, 0, 0, 3, 2, 1, 0, 2, 2]
[3, 0, 2, 0, 3, 0, 3, 2, 1, 2, 1, 3, 2, 0, 1]
[0, 2, 1, 2, 3, 3, 2, 3, 0, 1, 2, 0, 1, 0, 0]
=====================================================================
Szabad noverek per nap:
[6, 6, 5, 6, 6, 10, 6, 4, 9, 7, 7, 5, 6, 8, 6]
Szabad napok per nover:
[5, 5, 5, 5, 5, 4, 4, 5, 5, 5, 5, 5, 5, 5, 5, 5, 5, 5, 4, 5]
=====================================================================
Delelott dolgoznak:
[4, 6, 5, 4, 5, 3, 7, 4, 4, 4, 5, 5, 5, 4, 3]
Delutan dolgoznak:
[6, 4, 5, 6, 4, 4, 4, 5, 3, 4, 5, 6, 5, 5, 7]
Ejjel dolgoznak:
[4, 4, 5, 4, 5, 3, 3, 7, 4, 5, 3, 4, 4, 3, 4]
=====================================================================
