Nover Nap Alpha Beta Theta Switch Consecutive MaxIteration
 20    15    0.5  0.2   0.7    1     5        1000000
=====================================================================
Kezdeti fitness: 0.02652519893899205
1		@0.027322404371584702		#11
2		@0.0280373831775701		#210
3		@0.028818443804034585		#216
4		@0.029880478087649407		#218
5		@0.03253796095444686		#219
6		@0.0334075723830735		#224
7		@0.033860045146726865		#228
8		@0.03508771929824561		#236
9		@0.03554502369668247		#53671
10		@0.03680981595092025		#64990
11		@0.03773584905660377		#64992
12		@0.0379746835443038		#319385
13		@0.03984063745019921		#319387
14		@0.041782729805013935		#319390
15		@0.04316546762589928		#503856
16		@0.04807692307692307		#503857
=====================================================================
Napok szerint dolgoznak: (0-szabad, 1-delelott, 2-delutan, 3-ejjel)
[0, 2, 3, 3, 2, 0, 1, 0, 1, 1, 0, 0, 1, 3, 2]
[2, 0, 1, 3, 3, 2, 2, 0, 3, 0, 0, 1, 2, 1, 1]
[1, 3, 0, 2, 0, 1, 0, 2, 2, 1, 3, 3, 0, 2, 0]
[0, 0, 3, 0, 1, 3, 2, 1, 2, 3, 2, 0, 1, 0, 2]
[0, 2, 0, 1, 2, 0, 2, 3, 0, 1, 1, 3, 2, 3, 0]
[1, 3, 3, 0, 2, 1, 1, 2, 0, 1, 2, 0, 0, 3, 2]
[1, 3, 0, 3, 0, 0, 2, 0, 1, 2, 1, 3, 0, 2, 2]
[1, 3, 2, 2, 0, 3, 2, 1, 1, 0, 0, 0, 3, 2, 1]
[0, 1, 0, 3, 2, 3, 2, 0, 2, 3, 0, 2, 1, 1, 0]
[2, 0, 0, 0, 0, 3, 3, 2, 1, 1, 3, 0, 1, 2, 1]
[3, 0, 0, 0, 2, 1, 2, 1, 0, 3, 0, 1, 3, 2, 2]
[3, 3, 0, 0, 0, 1, 2, 3, 2, 0, 1, 1, 2, 1, 2]
[1, 2, 0, 2, 1, 0, 1, 3, 2, 0, 3, 2, 0, 0, 3]
[3, 2, 3, 0, 1, 2, 0, 3, 2, 0, 1, 1, 0, 1, 0]
[2, 0, 1, 1, 0, 3, 3, 2, 1, 0, 3, 2, 2, 0, 0]
[0, 1, 0, 1, 0, 2, 0, 1, 3, 2, 2, 0, 2, 3, 3]
[1, 1, 0, 1, 3, 2, 0, 2, 0, 0, 3, 2, 0, 2, 3]
[3, 0, 1, 0, 3, 0, 2, 3, 2, 2, 0, 2, 1, 1, 1]
[2, 1, 1, 2, 3, 0, 1, 1, 0, 0, 2, 3, 3, 0, 0]
[0, 2, 2, 1, 3, 2, 0, 0, 1, 0, 1, 1, 3, 0, 3]
=====================================================================
Szabad noverek per nap:
[6, 6, 10, 7, 7, 6, 5, 5, 5, 9, 6, 6, 6, 5, 6]
Szabad napok per nover:
[5, 4, 5, 5, 5, 4, 5, 4, 5, 5, 5, 4, 5, 5, 5, 5, 5, 4, 5, 5]
=====================================================================
Delelott dolgoznak:
[6, 4, 4, 5, 3, 4, 4, 5, 6, 5, 5, 5, 5, 5, 4]
Delutan dolgoznak:
[4, 5, 2, 4, 5, 5, 9, 5, 7, 3, 4, 5, 5, 6, 6]
Ejjel dolgoznak:
[4, 5, 4, 4, 5, 5, 2, 5, 2, 3, 5, 4, 4, 4, 4]
=====================================================================
