Nover Nap Alpha Beta Theta Switch Consecutive MaxIteration
 12    7    0.6  0.3   0.75    2     5        300000
=====================================================================
Kezdeti fitness: 0.037393162393162385
1		@0.037817396002161		#4
2		@0.04072134962187318		#7
3		@0.04638833664678595		#9
4		@0.054773082942097026		#10
5		@0.05740057400574006		#12
6		@0.05761316872427984		#31
7		@0.07060010085728695		#55
8		@0.07291666666666667		#75
9		@0.0739566825145272		#82
10		@0.08531383302864107		#84
11		@0.09887005649717513		#87
12		@0.11666666666666667		#88
13		@0.12216404886561956		#454
14		@0.17743979721166037		#465
15		@0.20740740740740743		#478
16		@0.23688663282571912		#10429
17		@0.24822695035460993		#10433
18		@0.3153153153153153		#16676
19		@0.3482587064676617		#100349
=====================================================================
Napok szerint dolgoznak: (0-szabad, 1-delelott, 2-delutan, 3-ejjel)
[0, 3, 2, 2, 1, 1, 0]
[3, 2, 0, 2, 1, 1, 0]
[1, 2, 2, 3, 0, 0, 1]
[1, 3, 0, 0, 2, 2, 1]
[0, 3, 2, 1, 1, 3, 0]
[2, 0, 3, 0, 2, 1, 3]
[3, 2, 1, 3, 0, 0, 1]
[2, 0, 1, 1, 3, 0, 2]
[1, 1, 0, 0, 3, 2, 2]
[2, 1, 0, 1, 2, 3, 0]
[0, 1, 3, 2, 2, 0, 1]
[0, 0, 1, 2, 3, 2, 3]
=====================================================================
Szabad noverek per nap:
[4, 3, 4, 3, 2, 4, 4]
Szabad napok per nover:
[2, 2, 2, 2, 2, 2, 2, 2, 2, 2, 2, 2]
=====================================================================
Delelott dolgoznak:
[3, 3, 3, 3, 3, 3, 4]
Delutan dolgoznak:
[3, 3, 3, 4, 4, 3, 2]
Ejjel dolgoznak:
[2, 3, 2, 2, 3, 2, 2]
=====================================================================
