Nover Nap Alpha Beta Theta Switch Consecutive MaxIteration
 12    7    0.6  0.3   0.75    2     5        300000
=====================================================================
Kezdeti fitness: 0.05083514887436455
1		@0.05704971475142624		#1
2		@0.06610009442870632		#20
3		@0.06862745098039215		#21
4		@0.07764836383804771		#30
5		@0.08755472170106318		#93
6		@0.08957133717210494		#98
7		@0.10079193664506841		#166
8		@0.12378426171529619		#174
9		@0.16203703703703706		#649
10		@0.16489988221436983		#784
11		@0.1761006289308176		#879
12		@0.22328548644338117		#1471
13		@0.27613412228796846		#6452
14		@0.2916666666666667		#62388
15		@0.3153153153153153		#62393
16		@0.36175710594315247		#106789
17		@0.38888888888888895		#106792
18		@0.4530744336569579		#164513
=====================================================================
Napok szerint dolgoznak: (0-szabad, 1-delelott, 2-delutan, 3-ejjel)
[0, 1, 2, 0, 3, 2, 1]
[2, 2, 0, 1, 3, 0, 3]
[1, 2, 0, 3, 2, 3, 0]
[1, 1, 0, 0, 3, 2, 3]
[0, 3, 2, 1, 1, 0, 2]
[3, 0, 2, 0, 1, 1, 2]
[0, 1, 1, 3, 0, 3, 2]
[2, 3, 0, 0, 2, 1, 1]
[0, 2, 1, 1, 2, 0, 3]
[1, 0, 3, 2, 2, 1, 0]
[3, 0, 1, 2, 2, 0, 1]
[3, 0, 3, 2, 1, 2, 0]
=====================================================================
Szabad noverek per nap:
[4, 4, 4, 4, 1, 4, 3]
Szabad napok per nover:
[2, 2, 2, 2, 2, 2, 2, 2, 2, 2, 2, 2]
=====================================================================
Delelott dolgoznak:
[3, 3, 3, 3, 3, 3, 3]
Delutan dolgoznak:
[2, 3, 3, 3, 5, 3, 3]
Ejjel dolgoznak:
[3, 2, 2, 2, 3, 2, 3]
=====================================================================
