Nover Nap Alpha Beta Theta Switch Consecutive MaxIteration
 12    7    0.6  0.3   0.75    2     5        300000
=====================================================================
Kezdeti fitness: 0.18817204301075266
1		@0.19690576652601965		#5296
2		@0.20114942528735633		#5297
3		@0.25500910746812383		#7057
4		@0.26819923371647514		#17792
5		@0.3153153153153153		#23785
6		@0.32634032634032634		#79919
7		@0.4320987654320988		#189475
=====================================================================
Napok szerint dolgoznak: (0-szabad, 1-delelott, 2-delutan, 3-ejjel)
[0, 3, 0, 2, 2, 1, 1]
[3, 2, 0, 0, 1, 2, 1]
[0, 2, 1, 3, 0, 3, 2]
[0, 0, 1, 2, 1, 3, 2]
[2, 0, 1, 1, 3, 3, 0]
[2, 1, 2, 1, 3, 0, 0]
[2, 1, 3, 3, 0, 0, 1]
[3, 0, 0, 1, 1, 2, 3]
[1, 1, 0, 2, 2, 0, 3]
[1, 3, 0, 3, 0, 2, 2]
[1, 2, 2, 0, 0, 1, 3]
[0, 1, 3, 2, 2, 1, 0]
=====================================================================
Szabad noverek per nap:
[4, 3, 5, 2, 4, 3, 3]
Szabad napok per nover:
[2, 2, 2, 2, 2, 2, 2, 2, 2, 2, 2, 2]
=====================================================================
Delelott dolgoznak:
[3, 4, 3, 3, 3, 3, 3]
Delutan dolgoznak:
[3, 3, 2, 4, 3, 3, 3]
Ejjel dolgoznak:
[2, 2, 2, 3, 2, 3, 3]
=====================================================================
