Nover Nap Alpha Beta Theta Switch Consecutive MaxIteration
 12    7    0.6  0.3   0.75    2     5        300000
=====================================================================
Kezdeti fitness: 0.04825922095829025
1		@0.052316890881913304		#3
2		@0.06357856494096277		#6
3		@0.09504412763068569		#8
4		@0.1364522417153996		#9
5		@0.13930348258706468		#1081
6		@0.14314928425357876		#1085
7		@0.14767932489451477		#1119
8		@0.2333333333333334		#1286
9		@0.26819923371647514		#11877
10		@0.2916666666666667		#34807
11		@0.32634032634032634		#34811
12		@0.3482587064676617		#34812
=====================================================================
Napok szerint dolgoznak: (0-szabad, 1-delelott, 2-delutan, 3-ejjel)
[2, 0, 1, 3, 3, 0, 1]
[0, 2, 1, 0, 2, 3, 3]
[3, 0, 1, 2, 0, 2, 1]
[2, 1, 3, 0, 0, 2, 1]
[3, 2, 2, 0, 1, 1, 0]
[1, 3, 2, 1, 0, 0, 2]
[3, 3, 0, 1, 1, 0, 2]
[0, 1, 3, 0, 2, 1, 2]
[2, 1, 2, 1, 0, 0, 3]
[1, 3, 0, 2, 2, 1, 0]
[0, 0, 1, 2, 1, 3, 3]
[0, 1, 0, 3, 3, 2, 1]
=====================================================================
Szabad noverek per nap:
[4, 3, 3, 4, 4, 4, 2]
Szabad napok per nover:
[2, 2, 2, 2, 2, 2, 2, 2, 2, 2, 2, 2]
=====================================================================
Delelott dolgoznak:
[2, 4, 4, 3, 3, 3, 4]
Delutan dolgoznak:
[3, 2, 3, 3, 3, 3, 3]
Ejjel dolgoznak:
[3, 3, 2, 2, 2, 2, 3]
=====================================================================
