Nover Nap Alpha Beta Theta Switch Consecutive MaxIteration
 12    7    0.6  0.3   0.75    2     5        300000
=====================================================================
Kezdeti fitness: 0.12378426171529622
1		@0.13645224171539963		#18
2		@0.14447884416924667		#20
3		@0.15452538631346577		#1140
4		@0.17811704834605593		#1141
5		@0.19943019943019946		#3629
6		@0.21806853582554522		#3730
7		@0.2845528455284553		#4655
8		@0.3153153153153153		#7488
9		@0.38888888888888895		#95482
10		@0.49645390070921985		#291708
=====================================================================
Napok szerint dolgoznak: (0-szabad, 1-delelott, 2-delutan, 3-ejjel)
[1, 2, 0, 2, 1, 0, 3]
[3, 0, 0, 1, 2, 1, 2]
[2, 1, 2, 0, 3, 3, 0]
[2, 0, 3, 2, 3, 0, 1]
[0, 2, 1, 3, 3, 2, 0]
[2, 0, 1, 1, 2, 3, 0]
[1, 1, 2, 3, 0, 0, 3]
[0, 1, 3, 2, 0, 1, 3]
[3, 3, 0, 1, 0, 2, 2]
[1, 2, 3, 0, 2, 3, 0]
[0, 3, 0, 2, 1, 1, 2]
[0, 0, 2, 3, 3, 2, 1]
=====================================================================
Szabad noverek per nap:
[4, 4, 4, 2, 3, 3, 4]
Szabad napok per nover:
[2, 2, 2, 2, 2, 2, 2, 2, 2, 2, 2, 2]
=====================================================================
Delelott dolgoznak:
[3, 3, 2, 3, 2, 3, 2]
Delutan dolgoznak:
[3, 3, 3, 4, 3, 3, 3]
Ejjel dolgoznak:
[2, 2, 3, 3, 4, 3, 3]
=====================================================================
