Nover Nap Alpha Beta Theta Switch Consecutive MaxIteration
 12    7    0.6  0.3   0.75    2     5        300000
=====================================================================
Kezdeti fitness: 0.0792303338992643
1		@0.10463378176382661		#1
2		@0.11084718923198734		#3
3		@0.11814345991561183		#5
4		@0.13930348258706468		#7
5		@0.14537902388369678		#9
6		@0.15927189988623436		#730
7		@0.18592297476759626		#1287
8		@0.20467836257309946		#2650
9		@0.2140672782874618		#4671
10		@0.2916666666666667		#11050
11		@0.3153153153153153		#32968
12		@0.38251366120218583		#74432
13		@0.4320987654320988		#102596
14		@0.49645390070921985		#102598
=====================================================================
Napok szerint dolgoznak: (0-szabad, 1-delelott, 2-delutan, 3-ejjel)
[1, 0, 0, 2, 3, 2, 1]
[0, 2, 0, 1, 1, 3, 3]
[2, 1, 0, 0, 1, 3, 2]
[2, 1, 0, 1, 3, 2, 0]
[3, 0, 1, 2, 0, 1, 3]
[3, 2, 3, 0, 2, 0, 1]
[0, 3, 3, 0, 2, 1, 1]
[0, 0, 1, 3, 3, 2, 2]
[1, 3, 2, 3, 2, 0, 0]
[3, 2, 3, 0, 1, 1, 0]
[2, 1, 0, 3, 0, 1, 3]
[3, 3, 2, 1, 0, 0, 2]
=====================================================================
Szabad noverek per nap:
[3, 3, 5, 4, 3, 3, 3]
Szabad napok per nover:
[2, 2, 2, 2, 2, 2, 2, 2, 2, 2, 2, 2]
=====================================================================
Delelott dolgoznak:
[2, 3, 2, 3, 3, 4, 3]
Delutan dolgoznak:
[3, 3, 2, 2, 3, 3, 3]
Ejjel dolgoznak:
[4, 3, 3, 3, 3, 2, 3]
=====================================================================
