Nover Nap Alpha Beta Theta Switch Consecutive MaxIteration
 12    7    0.6  0.3   0.75    2     5        300000
=====================================================================
Kezdeti fitness: 0.0426179604261796
1		@0.04461440407903123		#5
2		@0.04543979227523531		#13
3		@0.05072463768115942		#14
4		@0.05914659907055344		#18
5		@0.06132282084975909		#21
6		@0.06792819019893256		#24
7		@0.07349081364829396		#29
8		@0.08187134502923978		#30
9		@0.09783368273934313		#36
10		@0.1202749140893471		#39
11		@0.1453790238836968		#327
12		@0.15555555555555556		#330
13		@0.15555555555555559		#2340
14		@0.17478152309612985		#3071
15		@0.20558002936857564		#3074
16		@0.2522522522522523		#3254
17		@0.2880658436213992		#7178
18		@0.2916666666666667		#13561
19		@0.2935010482180294		#30645
20		@0.3482587064676617		#49734
21		@0.38888888888888895		#57484
22		@0.5833333333333334		#91867
=====================================================================
Napok szerint dolgoznak: (0-szabad, 1-delelott, 2-delutan, 3-ejjel)
[3, 2, 2, 0, 1, 0, 3]
[2, 1, 0, 0, 3, 3, 2]
[3, 0, 1, 2, 3, 0, 1]
[1, 3, 2, 3, 2, 0, 0]
[3, 2, 1, 0, 1, 2, 0]
[0, 0, 1, 3, 2, 3, 2]
[1, 2, 0, 1, 3, 2, 0]
[0, 1, 3, 2, 0, 2, 1]
[0, 3, 2, 1, 2, 3, 0]
[2, 1, 0, 3, 0, 2, 3]
[1, 0, 3, 2, 0, 1, 3]
[0, 3, 0, 2, 1, 1, 2]
=====================================================================
Szabad noverek per nap:
[4, 3, 4, 3, 3, 3, 4]
Szabad napok per nover:
[2, 2, 2, 2, 2, 2, 2, 2, 2, 2, 2, 2]
=====================================================================
Delelott dolgoznak:
[3, 3, 3, 2, 3, 2, 2]
Delutan dolgoznak:
[2, 3, 3, 4, 3, 4, 3]
Ejjel dolgoznak:
[3, 3, 2, 3, 3, 3, 3]
=====================================================================
