Nover Nap Alpha Beta Theta Switch Consecutive MaxIteration
 12    7    0.6  0.3   0.75    2     5        300000
=====================================================================
Kezdeti fitness: 0.045484080571799874
1		@0.05055976886962803		#2
2		@0.053151100987091866		#4
3		@0.058552906733584285		#5
4		@0.07102993404363268		#13
5		@0.07442849548112707		#44
6		@0.08215962441314556		#52
7		@0.0883838383838384		#53
8		@0.1090342679127726		#73
9		@0.12027491408934707		#74
10		@0.1271571298819255		#75
11		@0.14014014014014017		#324
12		@0.14861995753715498		#827
13		@0.16203703703703706		#828
14		@0.18817204301075266		#829
15		@0.20558002936857564		#3046
16		@0.23217247097844113		#3047
17		@0.24822695035460993		#41986
18		@0.26819923371647514		#41991
19		@0.3153153153153153		#132596
20		@0.38888888888888895		#169776
21		@0.49645390070921985		#237085
=====================================================================
Napok szerint dolgoznak: (0-szabad, 1-delelott, 2-delutan, 3-ejjel)
[1, 2, 3, 0, 2, 1, 0]
[0, 3, 2, 3, 2, 0, 1]
[3, 3, 0, 0, 1, 1, 2]
[2, 1, 1, 2, 0, 3, 0]
[3, 2, 0, 1, 3, 0, 2]
[2, 0, 2, 1, 1, 3, 0]
[2, 0, 1, 0, 3, 2, 3]
[2, 1, 0, 0, 1, 3, 2]
[1, 0, 3, 2, 0, 2, 1]
[1, 0, 1, 3, 2, 0, 2]
[0, 1, 2, 3, 0, 2, 3]
[3, 2, 0, 2, 0, 1, 1]
=====================================================================
Szabad noverek per nap:
[2, 4, 4, 4, 4, 3, 3]
Szabad napok per nover:
[2, 2, 2, 2, 2, 2, 2, 2, 2, 2, 2, 2]
=====================================================================
Delelott dolgoznak:
[3, 3, 3, 2, 3, 3, 3]
Delutan dolgoznak:
[4, 3, 3, 3, 3, 3, 4]
Ejjel dolgoznak:
[3, 2, 2, 3, 2, 3, 2]
=====================================================================
