Nover Nap Alpha Beta Theta Switch Consecutive MaxIteration
 12    7    0.6  0.3   0.75    2     5        300000
=====================================================================
Kezdeti fitness: 0.07038712921065862
1		@0.07113821138211382		#3
2		@0.08838383838383838		#4
3		@0.10852713178294572		#16
4		@0.11191047162270185		#23
5		@0.13371537726838587		#36
6		@0.19690576652601965		#43
7		@0.23688663282571912		#3198
8		@0.26819923371647514		#12670
9		@0.27613412228796846		#23331
10		@0.3482587064676617		#29389
11		@0.38888888888888895		#79960
12		@0.49645390070921985		#294511
=====================================================================
Napok szerint dolgoznak: (0-szabad, 1-delelott, 2-delutan, 3-ejjel)
[3, 0, 0, 2, 2, 1, 3]
[3, 3, 0, 2, 0, 2, 1]
[0, 1, 2, 1, 2, 3, 0]
[1, 1, 2, 0, 0, 3, 3]
[1, 0, 2, 3, 3, 0, 1]
[2, 2, 3, 0, 1, 1, 0]
[0, 2, 1, 1, 3, 0, 2]
[0, 3, 0, 2, 1, 1, 2]
[2, 1, 2, 0, 1, 0, 3]
[1, 2, 1, 3, 2, 0, 0]
[2, 0, 3, 0, 3, 2, 1]
[0, 3, 0, 1, 1, 2, 2]
=====================================================================
Szabad noverek per nap:
[4, 3, 4, 4, 2, 4, 3]
Szabad napok per nover:
[2, 2, 2, 2, 2, 2, 2, 2, 2, 2, 2, 2]
=====================================================================
Delelott dolgoznak:
[3, 3, 2, 3, 4, 3, 3]
Delutan dolgoznak:
[3, 3, 4, 3, 3, 3, 3]
Ejjel dolgoznak:
[2, 3, 2, 2, 3, 2, 3]
=====================================================================
