Nover Nap Alpha Beta Theta Switch Consecutive MaxIteration
 12    7    0.6  0.3   0.75    2     5        300000
=====================================================================
Kezdeti fitness: 0.045931758530183726
1		@0.05167958656330749		#6
2		@0.060370849504096595		#18
3		@0.07113821138211382		#23
4		@0.07829977628635348		#30
5		@0.08393285371702638		#40
6		@0.10347376201034739		#41
7		@0.11608623548922056		#43
8		@0.13108614232209737		#154
9		@0.14537902388369678		#184
10		@0.19690576652601965		#693
11		@0.20114942528735633		#1143
12		@0.24822695035460993		#1637
13		@0.38888888888888895		#20556
14		@0.49645390070921985		#43795
=====================================================================
Napok szerint dolgoznak: (0-szabad, 1-delelott, 2-delutan, 3-ejjel)
[1, 0, 0, 2, 1, 3, 2]
[3, 2, 0, 1, 1, 2, 0]
[2, 0, 0, 3, 3, 2, 1]
[1, 2, 1, 2, 0, 0, 3]
[3, 3, 2, 2, 0, 1, 0]
[2, 1, 1, 3, 0, 0, 3]
[1, 1, 3, 0, 0, 2, 2]
[0, 1, 2, 1, 3, 3, 0]
[0, 0, 2, 1, 1, 3, 2]
[1, 2, 3, 0, 3, 0, 1]
[2, 3, 0, 0, 2, 1, 1]
[2, 0, 1, 0, 2, 1, 3]
=====================================================================
Szabad noverek per nap:
[2, 4, 4, 4, 4, 3, 3]
Szabad napok per nover:
[2, 2, 2, 2, 2, 2, 2, 2, 2, 2, 2, 2]
=====================================================================
Delelott dolgoznak:
[4, 3, 3, 3, 3, 3, 3]
Delutan dolgoznak:
[4, 3, 3, 3, 2, 3, 3]
Ejjel dolgoznak:
[2, 2, 2, 2, 3, 3, 3]
=====================================================================
